[2016/1/24 - 17:52:40] 
[2016/1/24 - 17:53:26] Administrator Nguyen ThanhDat has respawned all dynamic vehicles loaded on the server.
[2016/1/24 - 18:11:52] 
[2016/1/24 - 18:13:59] Administrator Nguyen ThanhDat has respawned all dynamic vehicles loaded on the server.
[2016/1/24 - 18:15:41] Administrator Nguyen ThanhDat has respawned all dynamic vehicles loaded on the server.
[2020/12/7 - 12:05:03] AdmCmd: Gs Viet has been revived by Dawkin Nguyen
[2020/12/7 - 12:15:31] 
[2020/12/7 - 16:54:53] AdmCmd: Gs Viet has given nos to Gs Viet
[2020/12/7 - 16:55:03] AdmCmd: Gs Viet has given nos to Gs Viet
[2020/12/8 - 1:59:22] Administrator GsViet has respawned all dynamic vehicles loaded on the server.
[2020/12/8 - 1:59:44] Administrator GsViet has respawned all dynamic vehicles loaded on the server.
[2020/12/8 - 10:39:43] AdmCmd: Dawkin Nguyen has been revived by Dawkin Nguyen
[2020/12/17 - 11:52:49] AdmCmd: Daniel James has been revived by Dawkin Nguyen
[2020/12/17 - 17:28:50] 
[2020/12/18 - 5:37:11] Administrator GsViet has respawned all dynamic vehicles loaded on the server.
[2020/12/18 - 5:41:24] Administrator GsViet has respawned all dynamic vehicles loaded on the server.
[2020/12/18 - 6:56:00] Administrator GsViet has respawned all dynamic vehicles loaded on the server.
[2020/12/18 - 7:00:19] Administrator GsViet has respawned all dynamic vehicles loaded on the server.
[2020/12/18 - 7:08:28] Administrator GsViet has respawned all dynamic vehicles loaded on the server.
[2020/12/18 - 7:34:09] Administrator GsViet has respawned all dynamic vehicles loaded on the server.
[2020/12/18 - 7:34:42] Administrator GsViet has respawned all dynamic vehicles loaded on the server.
[2020/12/18 - 10:33:49] 
[2020/12/18 - 10:34:36] 
[2020/12/18 - 10:34:49] 
[2020/12/18 - 10:35:06] 
[2020/12/18 - 22:20:53] 
[2020/12/18 - 23:19:17] Administrator GsViet has respawned all dynamic vehicles loaded on the server.
[2020/12/19 - 8:47:52] Administrator GsViet has respawned all dynamic vehicles loaded on the server.
[2020/12/19 - 18:40:22] 
[2020/12/19 - 21:19:29] 
[2020/12/19 - 21:21:28] 
[2020/12/19 - 21:21:35] 
[2020/12/19 - 21:25:30] 
[2020/12/19 - 21:25:47] 
[2020/12/20 - 11:45:07] 
[2020/12/24 - 14:46:04] 
[2020/12/24 - 14:46:07] 
[2020/12/24 - 14:47:55] 
[2020/12/25 - 23:26:46] AdmCmd: Daniel James has been VIP suspended by GsViet.
[2021/3/19 - 18:14:17] 
[2023/7/15 - 22:56:01] 
[2023/7/15 - 23:02:22] 
[2023/7/16 - 7:35:58] 
[2023/7/16 - 12:14:37] 
[2023/7/16 - 18:01:19] 
[2023/7/17 - 19:57:44] 
