[2021/7/1 - 14:29:56] Nguyen Thjen Phong has changed BusinessID 19's Exterior to X:1235.025146 Y:360.251495 Z:19.554687
[2021/7/1 - 14:30:00] Nguyen Thjen Phong has changed BusinessID 19's Type to Khong xac dinh (0).
[2021/7/1 - 14:30:01] Nguyen Thjen Phong has changed BusinessID 19's Type to Dai ly xe moi (5).
[2021/7/1 - 14:30:03] Nguyen Thjen Phong has changed BusinessID 19's Type to Nha hang (3).
[2021/7/1 - 14:30:05] Nguyen Thjen Phong has changed BusinessID 19's Type to Bar (9).
[2021/7/1 - 14:30:07] Nguyen Thjen Phong has changed BusinessID 19's Type to 24/7 (8).
[2021/7/1 - 14:30:58] Nguyen Thjen Phong has changed BusinessID 19's Interior to X:-27.241264 Y:-31.753499 Z:1003.557250
[2022/7/28 - 8:11:08] Khac Diep has changed BusinessID 3's Exterior to X:1367.433105 Y:248.125503 Z:19.566932
[2022/7/28 - 8:11:12] Khac Diep has changed BusinessID 3's Exterior to X:1367.542358 Y:248.256942 Z:19.566932
[2022/7/28 - 8:14:48] Khac Diep has changed BusinessID 79's Exterior to X:2269.956054 Y:83.046463 Z:26.053821
[2022/7/28 - 8:15:38] Khac Diep has deleted BusinessID 79.
[2022/7/28 - 8:26:04] Khac Diep has changed BusinessID 11's Exterior to X:1310.728515 Y:329.938415 Z:19.914062
[2022/7/28 - 10:16:11] Tommy Williame has changed BusinessID 1's Exterior to X:1235.063354 Y:360.235687 Z:19.554687
[2022/7/28 - 10:16:20] Tommy Williame has changed BusinessID 1's Exterior to X:1235.124877 Y:360.208526 Z:19.554687
[2022/7/28 - 12:05:15] Tommy Williame has deleted BusinessID 6.
[2022/7/28 - 12:05:35] Tommy Williame has deleted BusinessID 7.
[2022/7/28 - 12:05:43] Tommy Williame has deleted BusinessID 8.
[2022/7/28 - 12:05:56] Tommy Williame has deleted BusinessID 10.
[2022/7/28 - 12:09:59] Tommy Williame has changed BusinessID 6's Exterior to X:681.603271 Y:-473.346221 Z:16.536296
[2022/7/28 - 12:10:29] Tommy Williame has changed BusinessID 1's Type to Khong xac dinh (0).
[2022/7/28 - 12:10:31] Tommy Williame has changed BusinessID 2's Type to Khong xac dinh (0).
[2022/7/28 - 12:10:33] Tommy Williame has changed BusinessID 3's Type to Khong xac dinh (0).
[2022/7/28 - 12:10:36] Tommy Williame has changed BusinessID 6's Type to Khong xac dinh (0).
[2022/7/28 - 12:10:37] Tommy Williame has changed BusinessID 8's Type to Khong xac dinh (0).
[2022/7/28 - 12:10:39] Tommy Williame has changed BusinessID 10's Type to Khong xac dinh (0).
[2022/7/28 - 12:10:49] Tommy Williame has changed BusinessID 6's Type to Tram xang (1).
[2022/7/28 - 12:10:53] Tommy Williame has changed BusinessID 6's Type to Shop quan ao (2).
[2022/7/28 - 12:10:55] Tommy Williame has changed BusinessID 6's Type to Nha hang (3).
[2022/7/28 - 12:10:56] Tommy Williame has changed BusinessID 6's Type to Shop vu khi (4).
[2022/7/28 - 12:10:57] Tommy Williame has changed BusinessID 6's Type to Dai ly xe moi (5).
[2022/7/28 - 12:10:59] Tommy Williame has changed BusinessID 6's Type to Dai ly xe cu (6).
[2022/7/28 - 12:47:25] Kido has edited business ID 1's name to Test.
[2022/7/28 - 12:47:46] Kido has edited business ID 1's name to Cua Hang 24/7.
[2022/7/28 - 12:48:48] Kido has changed BusinessID 1's Type to Tram xang (1).
[2022/7/28 - 12:48:52] Kido has changed BusinessID 1's Type to Shop quan ao (2).
[2022/7/28 - 12:48:55] Kido has changed BusinessID 1's Type to Nha hang (3).
[2022/7/28 - 12:48:58] Kido has changed BusinessID 1's Type to Shop vu khi (4).
[2022/7/28 - 12:49:00] Kido has changed BusinessID 1's Type to Dai ly xe moi (5).
[2022/7/28 - 12:49:03] Kido has changed BusinessID 1's Type to Dai ly xe cu (6).
[2022/7/28 - 12:49:05] Kido has changed BusinessID 1's Type to Tram sua xe (7).
[2022/7/28 - 12:49:09] Kido has changed BusinessID 1's Type to 24/7 (8).
[2022/7/28 - 13:15:37] Kido has changed BusinessID 11's Price to $1316134911.
[2022/7/28 - 13:15:43] Kido has changed BusinessID 11's Price to $99999.
[2022/7/28 - 13:15:45] Kido has changed BusinessID 11's Price to $9999999.
[2022/7/28 - 13:15:47] Kido has changed BusinessID 11's Price to $99999999.
[2022/7/28 - 23:41:20] gm01 has changed BusinessID 1's Price to $1.
[2022/7/29 - 2:32:45] GL 02 has changed BusinessID 17's Price to $999999999.
[2022/7/29 - 2:33:24] GL 02 has changed BusinessID 17's Interior to X:662.868469 Y:-573.326843 Z:16.335937
[2022/7/29 - 2:38:48] GL 02 has changed BusinessID 1's Interior to X:662.638488 Y:-573.391479 Z:16.335937
[2022/7/29 - 2:39:11] GL 02 has changed BusinessID 1's Interior to X:662.802368 Y:-575.442565 Z:16.335937
[2022/7/29 - 2:41:39] GL 02 has changed BusinessID 1's Interior to X:666.480285 Y:-573.713806 Z:16.335937
[2022/7/29 - 2:53:13] gm01 has changed BusinessID 3's Type to Tram xang (1).
[2022/7/29 - 2:53:15] gm01 has changed BusinessID 3's Type to Shop quan ao (2).
[2022/7/29 - 2:53:17] gm01 has changed BusinessID 3's Type to Nha hang (3).
[2022/7/29 - 21:44:04] Viet Cong has deleted BusinessID 6.
[2022/7/29 - 21:44:18] Viet Cong has changed BusinessID 6's Exterior to X:681.548583 Y:-473.346252 Z:16.536296
[2022/7/29 - 21:44:26] Viet Cong has deleted BusinessID 6.
[2022/7/29 - 21:44:39] Viet Cong has changed BusinessID 2's Exterior to X:681.608703 Y:-473.347320 Z:16.536296
[2022/7/29 - 21:44:43] Viet Cong has changed BusinessID 2's Exterior to X:681.581909 Y:-473.345977 Z:16.536296
[2022/7/29 - 21:46:15] Viet Cong has changed BusinessID 2's Type to 24/7 (8).
[2022/7/29 - 21:46:18] Viet Cong has changed BusinessID 2's Type to Tram sua xe (7).
[2022/7/29 - 21:46:20] Viet Cong has changed BusinessID 2's Type to Dai ly xe cu (6).
[2022/7/29 - 21:46:23] Viet Cong has changed BusinessID 2's Type to Dai ly xe cu (6).
[2022/7/30 - 21:48:40] GL 02 has changed BusinessID 3's Type to Tram xang (1).
[2022/7/30 - 21:48:43] GL 02 has changed BusinessID 3's Type to Shop quan ao (2).
[2022/7/30 - 21:48:45] GL 02 has changed BusinessID 3's Type to Nha hang (3).
[2022/7/30 - 21:48:49] GL 02 has changed BusinessID 3's Type to Dai ly xe moi (5).
[2022/7/30 - 21:48:50] GL 02 has changed BusinessID 3's Type to Shop vu khi (4).
[2022/7/30 - 21:48:55] GL 02 has changed BusinessID 3's Type to Nha hang (3).
[2022/7/30 - 21:49:20] GL 02 has deleted BusinessID 3.
[2022/7/30 - 21:49:34] GL 02 has changed BusinessID 3's Exterior to X:1367.577636 Y:248.158370 Z:19.566932
[2022/7/30 - 21:49:52] GL 02 has deleted BusinessID 3.
[2022/7/30 - 21:49:58] GL 02 has changed BusinessID 4's Exterior to X:1367.535156 Y:248.318252 Z:19.566932
[2022/7/30 - 21:50:17] GL 02 has changed BusinessID 4's Type to Nha hang (3).
[2022/7/30 - 21:50:32] GL 02 has changed BusinessID 4's Price to $50000000.
[2022/7/31 - 0:21:53] GL 02 has changed BusinessID 4's Type to Dai ly xe moi (5).
[2022/7/31 - 0:21:55] GL 02 has changed BusinessID 4's Type to Dai ly xe cu (6).
[2022/7/31 - 0:21:58] GL 02 has changed BusinessID 4's Type to Tram sua xe (7).
[2022/7/31 - 0:22:01] GL 02 has changed BusinessID 4's Type to 24/7 (8).
[2022/7/31 - 0:22:05] GL 02 has changed BusinessID 4's Type to Bar (9).
[2022/7/31 - 0:22:08] GL 02 has changed BusinessID 4's Type to Club (10).
[2022/7/31 - 0:22:11] GL 02 has changed BusinessID 4's Type to Shop nguoi lon (11).
[2022/7/31 - 0:22:13] GL 02 has changed BusinessID 4's Type to Gym (12).
[2022/7/31 - 0:22:16] GL 02 has changed BusinessID 4's Type to Khong xac dinh (13).
[2022/7/31 - 0:22:18] GL 02 has changed BusinessID 4's Type to Khong xac dinh (14).
[2022/7/31 - 0:22:21] GL 02 has changed BusinessID 4's Type to Tram xang (1).
[2022/7/31 - 0:22:24] GL 02 has changed BusinessID 4's Type to Shop quan ao (2).
[2022/7/31 - 0:22:27] GL 02 has changed BusinessID 4's Type to Nha hang (3).
[2022/7/31 - 0:24:22] GL 02 has changed BusinessID 3's Exterior to X:-1676.362426 Y:431.331909 Z:7.179687
[2022/7/31 - 0:24:26] GL 02 has changed BusinessID 3's Exterior to X:-1675.989746 Y:432.101715 Z:7.179687
[2022/7/31 - 0:24:46] GL 02 has changed BusinessID 1's Supply Point to X:-1676.170166 Y:432.197967 Z:7.179687
[2022/7/31 - 0:24:50] GL 02 has changed BusinessID 2's Supply Point to X:-1676.170166 Y:432.197967 Z:7.179687
[2022/7/31 - 0:25:09] GL 02 has changed BusinessID 1's safe to 0.
[2022/7/31 - 0:25:31] GL 02 has changed BusinessID 3's Grade to 0
[2022/7/31 - 0:25:45] GL 02 has changed BusinessID 3's Grade to 0
[2022/7/31 - 0:25:48] GL 02 has changed BusinessID 3's Grade to 1
[2022/7/31 - 0:25:55] GL 02 has changed BusinessID 3's Grade to 3
[2022/7/31 - 0:26:14] GL 02 has edited BusinessID 3's CustomInterior.
[2022/7/31 - 0:26:38] GL 02 has changed BusinessID 4's Interior to X:372.270843 Y:-132.830688 Z:1001.492187
[2022/7/31 - 0:26:42] GL 02 has changed BusinessID 4's Interior to X:372.435516 Y:-133.504852 Z:1001.492187
[2022/7/31 - 0:52:20] GL 02 has edited business ID 4's name to Cua Hang Pizza.
[2022/7/31 - 0:54:02] GL 02 has changed BusinessID 3's Exterior to X:1367.592773 Y:248.121475 Z:19.566932
[2022/7/31 - 0:54:10] GL 02 has changed BusinessID 3's Exterior to X:1367.541992 Y:248.272491 Z:19.566932
[2022/7/31 - 0:54:26] GL 02 has changed BusinessID 3's Type to Dai ly xe cu (6).
[2022/7/31 - 0:54:28] GL 02 has changed BusinessID 3's Type to Nha hang (3).
[2022/7/31 - 0:54:42] GL 02 has edited business ID 3's name to Cua Hang Pizza.
[2022/7/31 - 0:54:51] GL 02 has changed BusinessID 3's Price to $999999999.
[2022/7/31 - 1:09:59] GL 02 has changed BusinessID 1's Price to $999999999.
[2022/7/31 - 1:11:57] GL 02 has changed BusinessID 6's Exterior to X:-1640.958740 Y:1203.632446 Z:7.234873
[2022/7/31 - 1:12:07] GL 02 has changed BusinessID 6's Exterior to X:-1642.246337 Y:1203.607299 Z:7.245188
[2022/7/31 - 1:12:28] GL 02 has changed BusinessID 6's Type to Dai ly xe cu (6).
[2022/7/31 - 1:12:32] GL 02 has changed BusinessID 6's Type to Dai ly xe moi (5).
[2022/7/31 - 1:12:49] GL 02 has changed BusinessID 6's Price to $1.
[2022/7/31 - 1:13:45] GL 02 has changed BusinessID 6's Interior to X:-1659.496093 Y:1208.219970 Z:13.671875
[2022/7/31 - 1:16:06] GL 02 has edited business ID 6's name to Cua Hang Xe Cuc Vjp.
[2022/7/31 - 1:16:53] GL 02 has edited business ID 3's name to Cua Hang Pizza.
[2022/7/31 - 1:17:04] GL 02 has edited business ID 3's name to Cua Hang Pizza.
[2022/7/31 - 1:17:05] GL 02 has edited business ID 3's name to Cua Hang Pizza.
[2022/7/31 - 1:17:35] GL 02 has changed BusinessID 3's Months to 0
[2022/7/31 - 12:21:00] GL 02 has changed BusinessID 3's Exterior to X:1365.113891 Y:250.042434 Z:19.566932
[2022/7/31 - 12:21:14] GL 02 has deleted BusinessID 3.
[2022/7/31 - 12:25:43] GL 02 has changed BusinessID 3's Exterior to X:1359.705200 Y:205.056213 Z:19.755516
[2022/7/31 - 12:25:54] GL 02 has changed BusinessID 3's Type to Tram xang (1).
[2022/7/31 - 12:25:56] GL 02 has changed BusinessID 3's Type to Shop quan ao (2).
[2022/7/31 - 12:26:01] GL 02 has changed BusinessID 3's Type to Nha hang (3).
[2022/7/31 - 12:26:03] GL 02 has changed BusinessID 3's Type to Shop vu khi (4).
[2022/7/31 - 12:26:24] GL 02 has changed BusinessID 3's Type to Dai ly xe moi (5).
[2022/7/31 - 12:26:28] GL 02 has changed BusinessID 3's Type to Khong xac dinh (0).
[2022/7/31 - 12:26:30] GL 02 has changed BusinessID 3's Type to Dai ly xe cu (6).
[2022/7/31 - 12:26:33] GL 02 has changed BusinessID 3's Type to Tram sua xe (7).
[2022/7/31 - 12:26:35] GL 02 has changed BusinessID 3's Type to 24/7 (8).
[2022/8/3 - 21:09:18] Viet cuto has changed BusinessID 1's Exterior to X:-2442.685058 Y:755.418395 Z:35.171875
[2022/8/3 - 21:10:45] Viet cuto has changed BusinessID 2's Exterior to X:-2413.818115 Y:1.388677 Z:35.320312
[2022/8/6 - 13:05:45] Viet Cuto has changed BusinessID 1's Interior to X:662.645629 Y:-573.283752 Z:16.335937
[2022/8/6 - 13:07:26] Viet Cuto has changed BusinessID 3's Exterior to X:-2551.494873 Y:552.102416 Z:14.609375
[2022/8/6 - 13:07:36] Viet Cuto has changed BusinessID 3's Exterior to X:-2551.589355 Y:552.100830 Z:14.609375
[2022/8/6 - 13:08:38] Viet Cuto has changed BusinessID 4's Exterior to X:-1720.946655 Y:1359.770507 Z:7.187500
[2022/8/6 - 13:09:25] Viet Cuto has deleted BusinessID 5.
[2022/8/6 - 13:10:01] Viet Cuto has deleted BusinessID 6.
[2022/8/6 - 13:11:16] Viet Cuto has changed BusinessID 8's Exterior to X:-1676.198486 Y:432.169097 Z:7.179687
[2022/8/6 - 13:11:30] Viet Cuto has deleted BusinessID 8.
[2022/8/6 - 13:11:58] Viet Cuto has changed BusinessID 8's Exterior to X:-1676.180664 Y:432.182891 Z:7.179687
[2022/8/6 - 13:11:59] Viet Cuto has changed BusinessID 9's Exterior to X:-1676.180664 Y:432.182891 Z:7.179687
[2022/8/6 - 13:12:03] Viet Cuto has deleted BusinessID 8.
[2022/8/6 - 13:16:24] Viet Cuto has changed BusinessID 11's Exterior to X:-2373.775146 Y:910.165283 Z:45.445312
[2022/8/6 - 13:19:17] Viet Cuto has changed BusinessID 13's Exterior to X:-2586.367675 Y:552.100280 Z:14.609375
[2022/8/6 - 13:22:48] Viet Cuto has deleted BusinessID 15.
[2022/8/6 - 13:23:46] Viet Cuto has changed BusinessID 16's Exterior to X:-2034.893920 Y:148.517532 Z:28.835937
[2022/8/6 - 13:23:54] Viet Cuto has changed BusinessID 16's Exterior to X:-2034.897216 Y:148.552520 Z:28.835937
[2022/8/6 - 13:28:38] Viet Cuto has changed BusinessID 5's Exterior to X:-1640.659057 Y:1203.160278 Z:7.231288
[2022/8/6 - 13:29:18] Viet Cuto has changed BusinessID 5's Type to Tram xang (1).
[2022/8/6 - 13:29:19] Viet Cuto has changed BusinessID 5's Type to Tram xang (1).
[2022/8/6 - 13:29:20] Viet Cuto has changed BusinessID 5's Type to Shop quan ao (2).
[2022/8/6 - 13:29:22] Viet Cuto has changed BusinessID 5's Type to Nha hang (3).
[2022/8/6 - 13:29:23] Viet Cuto has changed BusinessID 5's Type to Shop vu khi (4).
[2022/8/6 - 13:29:24] Viet Cuto has changed BusinessID 5's Type to Dai ly xe moi (5).
[2022/8/7 - 21:25:41] GL 02 has edited business ID 4's name to Cua Hang Pizza.
