[2021/7/1 - 14:26:44] Nguyen Thjen Phong has edited DoorID 8's Exterior.
[2021/7/1 - 14:26:55] Nguyen Thjen Phong has edited DoorID 6's Exterior.
[2021/7/1 - 14:27:04] Nguyen Thjen Phong has edited DoorID 7's Exterior.
[2021/7/1 - 14:27:18] Nguyen Thjen Phong has edited DoorID 1's Exterior.
[2021/7/1 - 14:27:26] Nguyen Thjen Phong has edited door ID 1's name to Tru so SAPD.
[2021/7/1 - 14:28:46] Nguyen Thjen Phong has edited DoorID 13's Exterior.
[2021/7/1 - 14:28:52] Nguyen Thjen Phong has edited door ID 13's name to DMV.
[2021/7/1 - 14:29:14] Nguyen Thjen Phong has edited DoorID 13's Interior.
[2021/7/1 - 14:31:46] Nguyen Thjen Phong has edited DoorID 3's Exterior.
[2022/7/28 - 8:15:09] Viet Cong has edited DoorID 1's Exterior.
[2022/7/28 - 8:15:24] Viet Cong has edited door ID 1's name to Tru So Cong An Nhan Dan.
[2022/7/28 - 8:15:32] Viet Cong has edited DoorID 1's Exterior.
[2022/7/28 - 8:20:30] Viet Cong has edited DoorID 13's Exterior.
[2022/7/28 - 8:20:38] Viet Cong has edited DoorID 13's Interior.
[2022/7/28 - 8:21:43] Viet Cong has edited DoorID 13's Exterior.
[2022/7/28 - 8:21:57] Viet Cong has edited door ID 13's name to Gara Cong An Nhan Dan.
[2022/7/28 - 8:22:03] Khac Diep has edited DoorID 3's Exterior.
[2022/7/28 - 8:22:29] Viet Cong has edited DoorID 13's PickupModel.
[2022/7/28 - 8:22:31] Viet Cong has edited DoorID 13's PickupModel.
[2022/7/28 - 8:22:33] Viet Cong has edited DoorID 13's PickupModel.
[2022/7/28 - 8:22:35] Viet Cong has edited DoorID 13's PickupModel.
[2022/7/28 - 8:22:37] Viet Cong has edited DoorID 13's PickupModel.
[2022/7/28 - 8:22:39] Viet Cong has edited DoorID 13's PickupModel.
[2022/7/28 - 8:22:42] Viet Cong has edited DoorID 13's PickupModel.
[2022/7/28 - 8:22:45] Viet Cong has edited DoorID 13's PickupModel.
[2022/7/28 - 8:22:48] Viet Cong has edited DoorID 13's PickupModel.
[2022/7/28 - 8:22:50] Viet Cong has edited DoorID 13's PickupModel.
[2022/7/28 - 8:22:53] Viet Cong has edited DoorID 13's PickupModel.
[2022/7/28 - 8:22:56] Viet Cong has edited DoorID 13's PickupModel.
[2022/7/28 - 8:22:58] Viet Cong has edited DoorID 13's PickupModel.
[2022/7/28 - 8:22:59] Viet Cong has edited DoorID 13's PickupModel.
[2022/7/28 - 8:23:01] Viet Cong has edited DoorID 13's PickupModel.
[2022/7/28 - 8:23:03] Viet Cong has edited DoorID 13's PickupModel.
[2022/7/28 - 8:23:05] Viet Cong has edited DoorID 13's PickupModel.
[2022/7/28 - 8:23:07] Viet Cong has edited DoorID 13's PickupModel.
[2022/7/28 - 8:23:09] Viet Cong has edited DoorID 13's PickupModel.
[2022/7/28 - 8:23:12] Viet Cong has edited DoorID 13's PickupModel.
[2022/7/28 - 8:23:14] Viet Cong has edited DoorID 13's PickupModel.
[2022/7/28 - 8:23:18] Viet Cong has edited DoorID 13's PickupModel.
[2022/7/28 - 8:23:23] Viet Cong has edited DoorID 20's PickupModel.
[2022/7/28 - 8:23:27] Viet Cong has edited DoorID 21's PickupModel.
[2022/7/28 - 8:23:32] Viet Cong has edited DoorID 13's PickupModel.
[2022/7/28 - 8:23:33] Viet Cong has edited DoorID 13's PickupModel.
[2022/7/28 - 8:23:35] Viet Cong has edited DoorID 13's PickupModel.
[2022/7/28 - 8:23:52] Viet Cong has edited DoorID 1's Exterior.
[2022/7/28 - 8:24:03] Viet Cong has edited DoorID 1's Color.
[2022/7/28 - 8:24:08] Viet Cong has edited DoorID 1's Color.
[2022/7/28 - 8:24:12] Viet Cong has edited DoorID 1's Color.
[2022/7/28 - 8:24:15] Viet Cong has edited DoorID 1's Color.
[2022/7/28 - 8:24:18] Viet Cong has edited DoorID 1's Color.
[2022/7/28 - 8:24:33] Viet Cong has edited DoorID 13's Color.
[2022/7/28 - 8:28:51] Viet Cong has edited DoorID 13's Interior.
[2022/7/28 - 8:28:57] Viet Cong has edited DoorID 13's Interior.
[2022/7/28 - 8:40:33] Viet Cong has edited DoorID 13's VehicleAble.
[2022/7/28 - 8:40:36] Viet Cong has edited DoorID 13's VehicleAble.
[2022/7/28 - 8:40:38] Viet Cong has edited DoorID 13's VehicleAble.
[2022/7/28 - 8:40:41] Viet Cong has edited DoorID 13's VehicleAble.
[2022/7/28 - 8:44:41] Viet Cong has edited DoorID 1's PickupModel.
[2022/7/28 - 8:44:44] Viet Cong has edited DoorID 1's PickupModel.
[2022/7/28 - 8:44:49] Viet Cong has edited DoorID 1's PickupModel.
[2022/7/28 - 12:07:52] Tommy Williame has edited DoorID 8's Exterior.
[2022/7/28 - 12:07:57] Tommy Williame has edited DoorID 8's Exterior.
[2022/7/28 - 12:08:20] Tommy Williame has edited door ID 8's name to Ngan Hang Diep Khac.
[2022/7/28 - 12:08:41] Tommy Williame has edited DoorID 1's PickupModel.
[2022/7/28 - 12:08:44] Tommy Williame has edited DoorID 8's PickupModel.
[2022/7/28 - 12:08:47] Tommy Williame has edited DoorID 8's PickupModel.
[2022/7/28 - 12:08:48] Diep Khac has edited DoorID 8's CustomExterior.
[2022/7/28 - 12:08:50] Tommy Williame has edited DoorID 8's PickupModel.
[2022/7/28 - 12:08:54] Tommy Williame has edited DoorID 8's PickupModel.
[2022/7/28 - 12:08:56] Tommy Williame has edited DoorID 8's PickupModel.
[2022/7/28 - 12:08:59] Tommy Williame has edited DoorID 8's PickupModel.
[2022/7/28 - 12:09:02] Tommy Williame has edited DoorID 8's PickupModel.
[2022/7/28 - 12:09:05] Tommy Williame has edited DoorID 8's PickupModel.
[2022/7/28 - 12:09:07] Tommy Williame has edited DoorID 8's PickupModel.
[2022/7/28 - 12:09:10] Tommy Williame has edited DoorID 8's PickupModel.
[2022/7/28 - 12:50:30] Thai Vinh has edited DoorID 3's PickupModel.
[2022/7/28 - 12:50:33] Thai Vinh has edited DoorID 3's PickupModel.
[2022/7/28 - 12:50:41] Thai Vinh has edited DoorID 3's PickupModel.
[2022/7/28 - 12:50:43] Thai Vinh has edited DoorID 3's PickupModel.
[2022/7/28 - 12:51:15] Thai Vinh has edited door ID 3's name to BENH VIEN BO Y TE.
[2022/7/29 - 4:46:06] Viet Cong has deleted DoorID 12.
[2022/7/31 - 0:42:32] GL 02 has edited DoorID 12's Exterior.
[2022/7/31 - 0:42:55] GL 02 has edited DoorID 12's type.
[2022/7/31 - 0:43:27] GL 02 has edited DoorID 12's Group Type to 9.
[2022/7/31 - 0:44:06] GL 02 has edited door ID 12's name to Loi Vao Ben Trong Bo Y Te.
[2022/7/31 - 0:44:37] GL 02 has edited DoorID 12's type.
[2022/7/31 - 0:44:39] GL 02 has edited DoorID 12's type.
[2022/7/31 - 0:44:47] GL 02 has edited DoorID 12's type.
[2022/7/31 - 0:44:52] GL 02 has edited DoorID 12's type.
[2022/7/31 - 0:44:57] GL 02 has edited DoorID 12's type.
[2022/7/31 - 0:45:01] GL 02 has edited DoorID 12's type.
[2022/7/31 - 0:45:20] GL 02 has edited DoorID 12's Faction.
[2022/7/31 - 0:45:36] GL 02 has edited DoorID 12's type.
[2022/7/31 - 0:46:18] GL 02 has edited DoorID 12's Interior.
[2022/7/31 - 0:47:05] GL 02 has edited DoorID 12's Group Type to 9.
[2022/7/31 - 0:47:15] GL 02 has edited DoorID 12's Group Type to 10.
[2022/7/31 - 0:47:22] GL 02 has edited DoorID 12's Group Type to 8.
[2022/7/31 - 0:48:53] GL 02 has edited DoorID 12's type.
[2022/7/31 - 0:48:57] GL 02 has edited DoorID 12's type.
[2022/7/31 - 0:49:00] GL 02 has edited DoorID 12's type.
[2022/7/31 - 0:49:05] GL 02 has edited DoorID 12's type.
[2022/7/31 - 0:49:35] GL 02 has edited DoorID 12's CustomExterior.
[2022/7/31 - 0:50:00] GL 02 has edited DoorID 12's PickupModel.
[2022/7/31 - 0:50:05] GL 02 has edited DoorID 12's PickupModel.
[2022/7/31 - 0:50:08] GL 02 has edited DoorID 12's PickupModel.
[2022/7/31 - 0:50:11] GL 02 has edited DoorID 12's PickupModel.
[2022/7/31 - 0:50:18] GL 02 has edited DoorID 12's PickupModel.
[2022/7/31 - 0:50:23] GL 02 has edited DoorID 12's PickupModel.
[2022/7/31 - 0:50:27] GL 02 has edited DoorID 12's PickupModel.
[2022/7/31 - 0:50:30] GL 02 has edited DoorID 12's PickupModel.
[2022/7/31 - 0:50:34] GL 02 has edited DoorID 12's PickupModel.
[2022/7/31 - 0:50:42] GL 02 has edited DoorID 12's PickupModel.
[2022/7/31 - 0:50:45] GL 02 has edited DoorID 12's PickupModel.
[2022/7/31 - 0:50:49] GL 02 has edited DoorID 12's PickupModel.
[2022/7/31 - 0:50:54] GL 02 has edited DoorID 12's PickupModel.
[2022/7/31 - 0:50:55] GL 02 has edited DoorID 12's PickupModel.
[2022/7/31 - 0:51:03] GL 02 has edited DoorID 12's PickupModel.
[2022/7/31 - 0:51:09] GL 02 has edited DoorID 12's PickupModel.
[2022/7/31 - 0:51:13] GL 02 has edited DoorID 12's PickupModel.
[2022/7/31 - 0:51:20] GL 02 has edited DoorID 12's PickupModel.
[2022/7/31 - 0:51:39] GL 02 has deleted DoorID 12.
[2022/7/31 - 1:20:33] GL 02 has edited DoorID 1's type.
[2022/7/31 - 1:20:37] GL 02 has edited DoorID 1's type.
[2022/7/31 - 1:21:35] GL 02 has edited DoorID 1's type.
[2022/7/31 - 1:21:52] GL 02 has edited DoorID 1's PickupModel.
[2022/7/31 - 1:22:07] GL 02 has edited DoorID 1's Exterior.
[2022/7/31 - 1:22:15] GL 02 has edited DoorID 5's PickupModel.
[2022/7/31 - 1:22:20] GL 02 has edited DoorID 2's PickupModel.
[2022/7/31 - 1:22:30] GL 02 has edited DoorID 1's PickupModel.
[2022/7/31 - 1:22:32] GL 02 has edited DoorID 5's PickupModel.
[2022/7/31 - 1:22:57] GL 02 has edited DoorID 1's Exterior.
[2022/7/31 - 1:24:34] GL 02 has edited DoorID 4's Exterior.
[2022/7/31 - 1:33:29] GL 02 has edited DoorID 4's Exterior.
[2022/7/31 - 1:33:38] GL 02 has edited DoorID 4's Exterior.
[2022/7/31 - 1:33:59] GL 02 has edited DoorID 4's PickupModel.
[2022/7/31 - 1:34:05] GL 02 has edited DoorID 4's PickupModel.
[2022/7/31 - 1:34:07] GL 02 has edited DoorID 4's PickupModel.
[2022/7/31 - 1:34:10] GL 02 has edited DoorID 4's PickupModel.
[2022/7/31 - 1:34:12] GL 02 has edited DoorID 4's PickupModel.
[2022/7/31 - 1:34:18] GL 02 has edited DoorID 4's PickupModel.
[2022/7/31 - 1:34:22] GL 02 has edited DoorID 4's PickupModel.
[2022/7/31 - 1:34:26] GL 02 has edited DoorID 4's PickupModel.
[2022/7/31 - 1:34:30] GL 02 has edited DoorID 4's PickupModel.
[2022/7/31 - 1:34:31] GL 02 has edited DoorID 4's PickupModel.
[2022/7/31 - 1:34:35] GL 02 has edited DoorID 4's PickupModel.
[2022/7/31 - 1:34:38] GL 02 has edited DoorID 4's PickupModel.
[2022/7/31 - 1:34:41] GL 02 has edited DoorID 4's PickupModel.
[2022/7/31 - 1:34:44] GL 02 has edited DoorID 4's PickupModel.
[2022/7/31 - 1:34:47] GL 02 has edited DoorID 4's PickupModel.
[2022/7/31 - 1:34:52] GL 02 has edited DoorID 4's PickupModel.
[2022/7/31 - 1:34:55] GL 02 has edited DoorID 4's PickupModel.
[2022/7/31 - 1:34:58] GL 02 has edited DoorID 4's PickupModel.
[2022/7/31 - 1:35:05] GL 02 has edited DoorID 4's PickupModel.
[2022/7/31 - 1:35:09] GL 02 has edited DoorID 4's PickupModel.
[2022/7/31 - 1:35:14] GL 02 has edited DoorID 4's PickupModel.
[2022/7/31 - 1:35:17] GL 02 has edited DoorID 4's PickupModel.
[2022/7/31 - 1:35:21] GL 02 has edited DoorID 4's PickupModel.
[2022/7/31 - 1:35:24] GL 02 has edited DoorID 4's PickupModel.
[2022/7/31 - 1:35:31] GL 02 has edited DoorID 4's PickupModel.
[2022/7/31 - 1:35:34] GL 02 has edited DoorID 4's PickupModel.
[2022/7/31 - 1:35:38] GL 02 has edited DoorID 4's PickupModel.
[2022/7/31 - 1:35:42] GL 02 has edited DoorID 4's PickupModel.
[2022/7/31 - 1:35:46] GL 02 has edited DoorID 4's PickupModel.
[2022/7/31 - 1:36:03] GL 02 has edited DoorID 13's PickupModel.
[2022/7/31 - 1:36:06] GL 02 has edited DoorID 13's PickupModel.
[2022/7/31 - 1:36:10] GL 02 has edited DoorID 16's PickupModel.
[2022/7/31 - 2:10:41] Kido Tino has edited DoorID 1's Group Type to -1.
[2022/7/31 - 2:22:32] Kido Tino has edited DoorID 12's Exterior.
[2022/7/31 - 2:22:46] Kido Tino has edited door ID 12's name to Loi Ra.
[2022/7/31 - 2:24:58] Kido Tino has edited DoorID 12's PickupModel.
[2022/7/31 - 2:25:00] Kido Tino has edited DoorID 12's PickupModel.
[2022/7/31 - 2:25:06] Kido Tino has edited DoorID 12's PickupModel.
[2022/7/31 - 2:25:10] Kido Tino has edited DoorID 12's PickupModel.
[2022/7/31 - 2:25:14] Kido Tino has edited DoorID 12's PickupModel.
[2022/7/31 - 2:25:17] Kido Tino has edited DoorID 12's PickupModel.
[2022/7/31 - 2:25:22] Kido Tino has edited DoorID 12's PickupModel.
[2022/7/31 - 2:25:25] Kido Tino has edited DoorID 12's PickupModel.
[2022/7/31 - 2:25:55] Kido Tino has edited DoorID 12's type.
[2022/7/31 - 2:25:58] Kido Tino has edited DoorID 12's type.
[2022/7/31 - 12:14:04] khac diep has edited DoorID 1's Faction.
[2022/7/31 - 12:14:12] khac diep has edited DoorID 1's type.
[2022/7/31 - 13:04:14] GL 02 has edited DoorID 13's PickupModel.
[2022/7/31 - 13:04:22] GL 02 has edited DoorID 13's PickupModel.
[2022/7/31 - 13:04:28] GL 02 has edited DoorID 13's PickupModel.
[2022/7/31 - 13:04:33] GL 02 has edited DoorID 13's PickupModel.
[2022/7/31 - 13:04:39] GL 02 has edited DoorID 13's PickupModel.
[2022/7/31 - 13:04:45] GL 02 has edited DoorID 13's PickupModel.
[2022/7/31 - 13:04:48] GL 02 has edited DoorID 13's PickupModel.
[2022/7/31 - 13:04:52] GL 02 has edited DoorID 13's PickupModel.
[2022/7/31 - 13:04:59] GL 02 has edited DoorID 13's PickupModel.
[2022/7/31 - 13:05:03] GL 02 has edited DoorID 13's PickupModel.
[2022/7/31 - 13:05:08] GL 02 has edited DoorID 13's PickupModel.
[2022/7/31 - 13:05:13] GL 02 has edited DoorID 13's PickupModel.
[2022/7/31 - 13:05:16] GL 02 has edited DoorID 13's PickupModel.
[2022/7/31 - 13:05:23] GL 02 has edited DoorID 13's PickupModel.
[2022/7/31 - 13:26:40] Viet Cong has edited DoorID 1's PickupModel.
[2022/7/31 - 13:26:45] Viet Cong has edited DoorID 1's PickupModel.
[2022/7/31 - 13:26:48] Viet Cong has edited DoorID 1's PickupModel.
[2022/7/31 - 13:26:53] Viet Cong has edited DoorID 1's PickupModel.
[2022/7/31 - 13:26:59] Viet Cong has edited DoorID 1's PickupModel.
[2022/7/31 - 13:27:03] Viet Cong has edited DoorID 1's PickupModel.
[2022/7/31 - 13:27:06] Viet Cong has edited DoorID 1's PickupModel.
[2022/7/31 - 16:31:36] khac diep has edited DoorID 6's Exterior.
[2022/7/31 - 16:33:17] khac diep has edited DoorID 7's Exterior.
[2022/8/6 - 13:03:20] Viet Cuto has edited DoorID 1's Exterior.
[2022/8/6 - 13:04:17] Viet Cuto has edited DoorID 3's Exterior.
[2022/8/6 - 13:06:46] Viet Cuto has edited DoorID 3's Exterior.
[2022/8/6 - 13:07:02] Viet Cuto has edited DoorID 3's Exterior.
[2022/8/6 - 13:10:59] Viet Cuto has edited DoorID 8's Exterior.
[2022/8/6 - 13:11:08] Viet Cuto has edited DoorID 8's Exterior.
[2022/8/6 - 13:13:14] Viet Cuto has edited DoorID 1's Exterior.
[2022/8/6 - 13:14:59] Viet Cuto has edited DoorID 8's Exterior.
[2022/8/6 - 13:16:04] Viet Cuto has edited DoorID 11's Exterior.
[2022/8/6 - 13:16:18] Viet Cuto has deleted DoorID 11.
[2022/8/6 - 13:18:54] Viet Cuto has edited DoorID 13's Exterior.
[2022/8/6 - 13:19:48] Viet Cuto has edited DoorID 13's Exterior.
[2022/8/6 - 13:20:02] Viet Cuto has edited DoorID 10's PickupModel.
[2022/8/6 - 13:20:06] Viet Cuto has edited DoorID 13's PickupModel.
[2022/8/6 - 13:20:12] Viet Cuto has edited DoorID 13's PickupModel.
[2022/8/6 - 13:20:14] Viet Cuto has edited DoorID 13's PickupModel.
[2022/8/6 - 13:20:16] Viet Cuto has edited DoorID 13's PickupModel.
[2022/8/6 - 13:20:19] Viet Cuto has edited DoorID 13's PickupModel.
[2022/8/6 - 13:20:21] Viet Cuto has edited DoorID 13's PickupModel.
[2022/8/6 - 13:20:22] Viet Cuto has edited DoorID 13's PickupModel.
[2022/8/6 - 13:20:24] Viet Cuto has edited DoorID 13's PickupModel.
[2022/8/6 - 13:20:27] Viet Cuto has edited DoorID 13's PickupModel.
[2022/8/6 - 13:20:30] Viet Cuto has edited DoorID 13's PickupModel.
[2022/8/6 - 13:20:32] Viet Cuto has edited DoorID 13's PickupModel.
[2022/8/6 - 13:20:34] Viet Cuto has edited DoorID 13's PickupModel.
[2022/8/6 - 13:20:37] Viet Cuto has edited DoorID 13's PickupModel.
[2022/8/6 - 13:20:39] Viet Cuto has edited DoorID 13's PickupModel.
[2022/8/6 - 13:20:43] Viet Cuto has edited DoorID 13's PickupModel.
[2022/8/6 - 13:20:45] Viet Cuto has edited DoorID 13's PickupModel.
[2022/8/6 - 13:20:47] Viet Cuto has edited DoorID 13's PickupModel.
[2022/8/6 - 13:20:49] Viet Cuto has edited DoorID 13's PickupModel.
