[2020/12/17 - 18:05:15] GsViet has changed group 4's name from  to Taxi Company
[2020/12/17 - 18:06:12] GsViet has changed group 4's type to Transport
[2020/12/17 - 18:06:18] GsViet has changed group 4's allegiance to San Fierro
[2020/12/17 - 18:07:44] GsViet has set the duty color to F7FE2E in Taxi Company (4)
[2020/12/17 - 18:07:59] GsViet has set the radio color to F7FE2E in Taxi Company (4)
[2020/12/17 - 18:13:57] GsViet da thiet lap cap bac toi thieu vao radio (/r) den 0 () trong nhom 4 (Taxi Company)
[2020/12/17 - 18:14:05] GsViet da chinh sua cap bac toi thieu su dung dept radio (/dept) den 0 () trong nhom 4 (Taxi Company)
[2020/12/17 - 18:14:18] GsViet da chinh sua cap bac toi thieu cho int radio (/int) den 0 () trong nhom 4 (Taxi Company)
[2020/12/18 - 6:51:34] GsViet has changed group 1's name from LSPD to SFPD
[2020/12/18 - 22:33:17] GsViet has changed group 1's name from LSPD to SFPD
[2020/12/18 - 22:46:12] GsViet has changed group 4's name from  to Taxi Company
[2020/12/18 - 22:46:15] GsViet has changed group 4's type to Transport
[2020/12/18 - 22:46:18] GsViet has changed group 4's allegiance to San Fierro
[2020/12/18 - 22:47:04] GsViet has set the duty color to FFFF56 in Taxi Company (4)
[2020/12/18 - 22:47:07] GsViet has set the radio color to FFFF56 in Taxi Company (4)
[2020/12/18 - 22:58:32] GsViet has changed group 4's name from  to Taxi Company
[2020/12/18 - 22:58:35] GsViet has changed group 4's type to Transport
[2020/12/18 - 22:58:39] GsViet has changed group 4's allegiance to San Fierro
[2020/12/18 - 22:59:03] GsViet has set the duty color to FFFF00 in Taxi Company (4)
[2020/12/18 - 22:59:10] GsViet has set the radio color to FFFF00 in Taxi Company (4)
[2020/12/18 - 23:08:54] GsViet has set the locker stock to 0 in Taxi Company (4)
[2020/12/18 - 23:09:11] GsViet has changed the locker cost type to  in Taxi Company (4)
[2020/12/19 - 22:27:29] GsViet has changed the locker weapon (slot 0) to 10 (purple dildo) in SFPD (1)
[2020/12/19 - 22:27:32] GsViet has changed the weapon cost to 10 in  ()
[2020/12/19 - 22:28:15] GsViet has changed the locker weapon (slot 2) to 20 () in SFPD (1)
[2020/12/19 - 22:28:19] GsViet has changed the weapon cost to 20 in  ()
[2020/12/19 - 22:28:25] GsViet has changed the locker weapon (slot 2) to 17 (Tear Gas) in SFPD (1)
[2020/12/19 - 22:28:27] GsViet has changed the weapon cost to 30 in  ()
[2020/12/19 - 22:28:50] GsViet has changed the locker weapon (slot 3) to 23 (Silenced Colt .45) in SFPD (1)
[2020/12/19 - 22:28:54] GsViet has changed the weapon cost to 1 in  ()
[2020/12/19 - 22:28:57] GsViet has changed the locker weapon (slot 3) to 24 (Desert Eagle) in SFPD (1)
[2020/12/19 - 22:28:59] GsViet has changed the weapon cost to 100 in  ()
[2020/12/19 - 22:29:11] GsViet has changed the locker weapon (slot 4) to 28 (Micro Uzi) in SFPD (1)
[2020/12/19 - 22:29:12] GsViet has changed the weapon cost to 1 in  ()
[2020/12/19 - 22:29:15] GsViet has changed the locker weapon (slot 4) to 29 (MP5) in SFPD (1)
[2020/12/19 - 22:29:16] GsViet has changed the weapon cost to 100 in  ()
[2020/12/19 - 22:29:31] GsViet has changed the locker weapon (slot 5) to 26 (Sawn-off Shotgun) in SFPD (1)
[2020/12/19 - 22:29:33] GsViet has changed the weapon cost to 2 in  ()
[2020/12/19 - 22:29:42] GsViet has changed the locker weapon (slot 5) to 25 (Shotgun) in SFPD (1)
[2020/12/19 - 22:29:44] GsViet has changed the weapon cost to 100 in  ()
[2020/12/19 - 22:38:18] GsViet has changed group 14's type to URL
[2020/12/19 - 22:40:10] GsViet has changed group 14's type to Judicial
[2020/12/19 - 22:40:19] GsViet has changed group 14's name from  to Tu Phap
[2020/12/19 - 22:47:18] GsViet has deleted all lockers of Tu Phap
