----------------------------------------
Ngay: 5/16/2020 - Thoi gian: 10:0
(1) : 0
(2) Anh Em Xa Doan: 0
(3) Bang Soi Den: 0
(4) Yakuza Families: 0
(5) None: 0
(6) **ChoiGtaXXX**: 0
(7) None: 0
(8) None: 0
(9) None: 0
(10) None: 0
(11) None: 0
(12) None: 0
(13) None: 0
(14) None: 0
(15) None: 0
(16) None: 0
(17) None: 0
----------------------------------------
Ngay: 5/23/2020 - Thoi gian: 20:0
(1) : 0
(2) Anh Em Xa Doan: 0
(3) Bang Soi Den: 0
(4) Yakuza Families: 0
(5) None: 0
(6) **ChoiGtaXXX**: 0
(7) None: 0
(8) None: 0
(9) None: 0
(10) None: 0
(11) None: 0
(12) None: 0
(13) None: 0
(14) None: 0
(15) None: 0
(16) None: 0
(17) None: 0
----------------------------------------
Ngay: 6/1/2020 - Thoi gian: 6:0
(1) : 0
(2) Anh Em Xa Doan: 0
(3) Bang Soi Den: 0
(4) Yakuza Families: 0
(5) None: 0
(6) **ChoiGtaXXX**: 0
(7) None: 0
(8) None: 0
(9) None: 0
(10) None: 0
(11) None: 0
(12) None: 0
(13) None: 0
(14) None: 0
(15) None: 0
(16) None: 0
(17) None: 0
----------------------------------------
Ngay: 6/1/2020 - Thoi gian: 7:0
(1) : 0
(2) Anh Em Xa Doan: 0
(3) Bang Soi Den: 0
(4) Yakuza Families: 0
(5) None: 0
(6) **ChoiGtaXXX**: 0
(7) None: 0
(8) None: 0
(9) None: 0
(10) None: 0
(11) None: 0
(12) None: 0
(13) None: 0
(14) None: 0
(15) None: 0
(16) None: 0
(17) None: 0
----------------------------------------
Ngay: 6/1/2020 - Thoi gian: 8:0
(1) : 0
(2) Anh Em Xa Doan: 0
(3) Bang Soi Den: 0
(4) Yakuza Families: 0
(5) None: 0
(6) **ChoiGtaXXX**: 0
(7) None: 0
(8) None: 0
(9) None: 0
(10) None: 0
(11) None: 0
(12) None: 0
(13) None: 0
(14) None: 0
(15) None: 0
(16) None: 0
(17) None: 0
----------------------------------------
Ngay: 6/1/2020 - Thoi gian: 9:0
(1) : 0
(2) Anh Em Xa Doan: 0
(3) Bang Soi Den: 0
(4) Yakuza Families: 0
(5) None: 0
(6) **ChoiGtaXXX**: 0
(7) None: 0
(8) None: 0
(9) None: 0
(10) None: 0
(11) None: 0
(12) None: 0
(13) None: 0
(14) None: 0
(15) None: 0
(16) None: 0
(17) None: 0
----------------------------------------
Ngay: 6/1/2020 - Thoi gian: 10:0
(1) : 0
(2) Anh Em Xa Doan: 0
(3) Bang Soi Den: 0
(4) Yakuza Families: 0
(5) None: 0
(6) **ChoiGtaXXX**: 0
(7) None: 0
(8) None: 0
(9) None: 0
(10) None: 0
(11) None: 0
(12) None: 0
(13) None: 0
(14) None: 0
(15) None: 0
(16) None: 0
(17) None: 0
----------------------------------------
Ngay: 6/1/2020 - Thoi gian: 11:0
(1) : 0
(2) Anh Em Xa Doan: 0
(3) Bang Soi Den: 0
(4) Yakuza Families: 0
(5) None: 0
(6) **ChoiGtaXXX**: 0
(7) None: 0
(8) None: 0
(9) None: 0
(10) None: 0
(11) None: 0
(12) None: 0
(13) None: 0
(14) None: 0
(15) None: 0
(16) None: 0
(17) None: 0
----------------------------------------
Ngay: 6/2/2020 - Thoi gian: 6:0
(1) : 0
(2) Anh Em Xa Doan: 0
(3) Bang Soi Den: 0
(4) Yakuza Families: 0
(5) None: 0
(6) **ChoiGtaXXX**: 0
(7) None: 0
(8) None: 0
(9) None: 0
(10) None: 0
(11) None: 0
(12) None: 0
(13) None: 0
(14) None: 0
(15) None: 0
(16) None: 0
(17) None: 0
----------------------------------------
Ngay: 6/2/2020 - Thoi gian: 7:0
(1) : 0
(2) Anh Em Xa Doan: 0
(3) Bang Soi Den: 0
(4) Yakuza Families: 0
(5) None: 0
(6) **ChoiGtaXXX**: 0
(7) None: 0
(8) None: 0
(9) None: 0
(10) None: 0
(11) None: 0
(12) None: 0
(13) None: 0
(14) None: 0
(15) None: 0
(16) None: 0
(17) None: 0
----------------------------------------
Ngay: 6/2/2020 - Thoi gian: 8:0
(1) : 0
(2) Anh Em Xa Doan: 0
(3) Bang Soi Den: 0
(4) Yakuza Families: 0
(5) None: 0
(6) **ChoiGtaXXX**: 0
(7) None: 0
(8) None: 0
(9) None: 0
(10) None: 0
(11) None: 0
(12) None: 0
(13) None: 0
(14) None: 0
(15) None: 0
(16) None: 0
(17) None: 0
----------------------------------------
Ngay: 6/2/2020 - Thoi gian: 9:0
(1) : 0
(2) Anh Em Xa Doan: 0
(3) Bang Soi Den: 0
(4) Yakuza Families: 0
(5) None: 0
(6) **ChoiGtaXXX**: 0
(7) None: 0
(8) None: 0
(9) None: 0
(10) None: 0
(11) None: 0
(12) None: 0
(13) None: 0
(14) None: 0
(15) None: 0
(16) None: 0
(17) None: 0
----------------------------------------
Ngay: 6/4/2020 - Thoi gian: 6:0
(1) : 0
(2) Anh Em Xa Doan: 0
(3) Bang Soi Den: 0
(4) Yakuza Families: 0
(5) None: 0
(6) **ChoiGtaXXX**: 0
(7) None: 0
(8) None: 0
(9) None: 0
(10) None: 0
(11) None: 0
(12) None: 0
(13) None: 0
(14) None: 0
(15) None: 0
(16) None: 0
(17) None: 0
----------------------------------------
Ngay: 6/4/2020 - Thoi gian: 7:0
(1) : 0
(2) Anh Em Xa Doan: 0
(3) Bang Soi Den: 0
(4) Yakuza Families: 0
(5) None: 0
(6) **ChoiGtaXXX**: 0
(7) None: 0
(8) None: 0
(9) None: 0
(10) None: 0
(11) None: 0
(12) None: 0
(13) None: 0
(14) None: 0
(15) None: 0
(16) None: 0
(17) None: 0
----------------------------------------
Ngay: 6/5/2020 - Thoi gian: 18:0
(1) : 0
(2) Anh Em Xa Doan: 0
(3) Bang Soi Den: 0
(4) Yakuza Families: 0
(5) None: 0
(6) **ChoiGtaXXX**: 0
(7) None: 0
(8) None: 0
(9) None: 0
(10) None: 0
(11) None: 0
(12) None: 0
(13) None: 0
(14) None: 0
(15) None: 0
(16) None: 0
(17) None: 0
----------------------------------------
Ngay: 6/5/2020 - Thoi gian: 19:1
(1) : 0
(2) Anh Em Xa Doan: 0
(3) Bang Soi Den: 0
(4) Yakuza Families: 0
(5) None: 0
(6) **ChoiGtaXXX**: 0
(7) None: 0
(8) None: 0
(9) None: 0
(10) None: 0
(11) None: 0
(12) None: 0
(13) None: 0
(14) None: 0
(15) None: 0
(16) None: 0
(17) None: 0
----------------------------------------
Ngay: 6/30/2021 - Thoi gian: 21:0
(1) : 0
(2) Anh Em Xa Doan: 0
(3) Bang Soi Den: 0
(4) Yakuza Families: 0
(5) None: 0
(6) **ChoiGtaXXX**: 0
(7) None: 0
(8) None: 0
(9) None: 0
(10) None: 0
(11) None: 0
(12) None: 0
(13) None: 0
(14) None: 0
(15) None: 0
(16) None: 0
(17) None: 0
----------------------------------------
Ngay: 6/30/2021 - Thoi gian: 22:0
(1) : 0
(2) Anh Em Xa Doan: 0
(3) Bang Soi Den: 0
(4) Yakuza Families: 0
(5) None: 0
(6) **ChoiGtaXXX**: 0
(7) None: 0
(8) None: 0
(9) None: 0
(10) None: 0
(11) None: 0
(12) None: 0
(13) None: 0
(14) None: 0
(15) None: 0
(16) None: 0
(17) None: 0
----------------------------------------
Ngay: 6/30/2021 - Thoi gian: 23:0
(1) : 0
(2) Anh Em Xa Doan: 0
(3) Bang Soi Den: 0
(4) Yakuza Families: 0
(5) None: 0
(6) **ChoiGtaXXX**: 0
(7) None: 0
(8) None: 0
(9) None: 0
(10) None: 0
(11) None: 0
(12) None: 0
(13) None: 0
(14) None: 0
(15) None: 0
(16) None: 0
(17) None: 0
----------------------------------------
Ngay: 7/1/2021 - Thoi gian: 13:0
(1) : 0
(2) Anh Em Xa Doan: 0
(3) Bang Soi Den: 0
(4) Yakuza Families: 0
(5) None: 0
(6) **ChoiGtaXXX**: 0
(7) None: 0
(8) None: 0
(9) None: 0
(10) None: 0
(11) None: 0
(12) None: 0
(13) None: 0
(14) None: 0
(15) None: 0
(16) None: 0
(17) None: 0
----------------------------------------
Ngay: 7/1/2021 - Thoi gian: 14:0
(1) : 0
(2) Anh Em Xa Doan: 0
(3) Bang Soi Den: 0
(4) Yakuza Families: 0
(5) None: 0
(6) **ChoiGtaXXX**: 0
(7) None: 0
(8) None: 0
(9) None: 0
(10) None: 0
(11) None: 0
(12) None: 0
(13) None: 0
(14) None: 0
(15) None: 0
(16) None: 0
(17) None: 0
----------------------------------------
Ngay: 7/1/2021 - Thoi gian: 15:0
(1) : 0
(2) Anh Em Xa Doan: 0
(3) Bang Soi Den: 0
(4) Yakuza Families: 0
(5) None: 0
(6) **ChoiGtaXXX**: 0
(7) None: 0
(8) None: 0
(9) None: 0
(10) None: 0
(11) None: 0
(12) None: 0
(13) None: 0
(14) None: 0
(15) None: 0
(16) None: 0
(17) None: 0
----------------------------------------
Ngay: 7/28/2022 - Thoi gian: 6:0
(1) : 0
(2) Anh Em Xa Doan: 0
(3) Bang Soi Den: 0
(4) Yakuza Families: 0
(5) None: 0
(6) **ChoiGtaXXX**: 0
(7) None: 0
(8) None: 0
(9) None: 0
(10) None: 0
(11) None: 0
(12) None: 0
(13) None: 0
(14) None: 0
(15) None: 0
(16) None: 0
(17) None: 0
----------------------------------------
Ngay: 7/28/2022 - Thoi gian: 7:0
(1) : 0
(2) Anh Em Xa Doan: 0
(3) Bang Soi Den: 0
(4) Yakuza Families: 0
(5) None: 0
(6) **ChoiGtaXXX**: 0
(7) None: 0
(8) None: 0
(9) None: 0
(10) None: 0
(11) None: 0
(12) None: 0
(13) None: 0
(14) None: 0
(15) None: 0
(16) None: 0
(17) None: 0
----------------------------------------
Ngay: 7/28/2022 - Thoi gian: 9:0
(1) : 0
(2) Anh Em Xa Doan: 0
(3) Bang Soi Den: 0
(4) Yakuza Families: 0
(5) None: 0
(6) **ChoiGtaXXX**: 0
(7) None: 0
(8) None: 0
(9) None: 0
(10) None: 0
(11) None: 0
(12) None: 0
(13) None: 0
(14) None: 0
(15) None: 0
(16) None: 0
(17) None: 0
----------------------------------------
Ngay: 7/28/2022 - Thoi gian: 10:0
(1) : 0
(2) Anh Em Xa Doan: 0
(3) Bang Soi Den: 0
(4) Yakuza Families: 0
(5) None: 0
(6) **ChoiGtaXXX**: 0
(7) None: 0
(8) None: 0
(9) None: 0
(10) None: 0
(11) None: 0
(12) None: 0
(13) None: 0
(14) None: 0
(15) None: 0
(16) None: 0
(17) None: 0
----------------------------------------
Ngay: 7/28/2022 - Thoi gian: 11:0
(1) : 0
(2) Anh Em Xa Doan: 0
(3) Bang Soi Den: 0
(4) Yakuza Families: 0
(5) None: 0
(6) **ChoiGtaXXX**: 0
(7) None: 0
(8) None: 0
(9) None: 0
(10) None: 0
(11) None: 0
(12) None: 0
(13) None: 0
(14) None: 0
(15) None: 0
(16) None: 0
(17) None: 0
----------------------------------------
Ngay: 7/28/2022 - Thoi gian: 13:0
(1) : 0
(2) Anh Em Xa Doan: 0
(3) Bang Soi Den: 0
(4) Yakuza Families: 0
(5) None: 0
(6) **ChoiGtaXXX**: 0
(7) None: 0
(8) None: 0
(9) None: 0
(10) None: 0
(11) None: 0
(12) None: 0
(13) None: 0
(14) None: 0
(15) None: 0
(16) None: 0
(17) None: 0
----------------------------------------
Ngay: 7/28/2022 - Thoi gian: 14:0
(1) : 0
(2) Anh Em Xa Doan: 0
(3) Bang Soi Den: 0
(4) Yakuza Families: 0
(5) None: 0
(6) **ChoiGtaXXX**: 0
(7) None: 0
(8) None: 0
(9) None: 0
(10) None: 0
(11) None: 0
(12) None: 0
(13) None: 0
(14) None: 0
(15) None: 0
(16) None: 0
(17) None: 0
----------------------------------------
Ngay: 7/28/2022 - Thoi gian: 15:0
(1) : 0
(2) Anh Em Xa Doan: 0
(3) Bang Soi Den: 0
(4) Yakuza Families: 0
(5) None: 0
(6) **ChoiGtaXXX**: 0
(7) None: 0
(8) None: 0
(9) None: 0
(10) None: 0
(11) None: 0
(12) None: 0
(13) None: 0
(14) None: 0
(15) None: 0
(16) None: 0
(17) None: 0
----------------------------------------
Ngay: 7/29/2022 - Thoi gian: 2:0
(1) : 0
(2) Anh Em Xa Doan: 0
(3) Bang Soi Den: 0
(4) Yakuza Families: 0
(5) None: 0
(6) **ChoiGtaXXX**: 0
(7) None: 0
(8) None: 0
(9) None: 0
(10) None: 0
(11) None: 0
(12) None: 0
(13) None: 0
(14) None: 0
(15) None: 0
(16) None: 0
(17) None: 0
----------------------------------------
Ngay: 7/29/2022 - Thoi gian: 3:0
(1) : 0
(2) Anh Em Xa Doan: 0
(3) Bang Soi Den: 0
(4) Yakuza Families: 0
(5) None: 0
(6) **ChoiGtaXXX**: 0
(7) None: 0
(8) None: 0
(9) None: 0
(10) None: 0
(11) None: 0
(12) None: 0
(13) None: 0
(14) None: 0
(15) None: 0
(16) None: 0
(17) None: 0
----------------------------------------
Ngay: 7/29/2022 - Thoi gian: 4:0
(1) : 0
(2) Anh Em Xa Doan: 0
(3) Bang Soi Den: 0
(4) Yakuza Families: 0
(5) None: 0
(6) **ChoiGtaXXX**: 0
(7) None: 0
(8) None: 0
(9) None: 0
(10) None: 0
(11) None: 0
(12) None: 0
(13) None: 0
(14) None: 0
(15) None: 0
(16) None: 0
(17) None: 0
----------------------------------------
Ngay: 7/29/2022 - Thoi gian: 5:0
(1) : 0
(2) Anh Em Xa Doan: 0
(3) Bang Soi Den: 0
(4) Yakuza Families: 0
(5) None: 0
(6) **ChoiGtaXXX**: 0
(7) None: 0
(8) None: 0
(9) None: 0
(10) None: 0
(11) None: 0
(12) None: 0
(13) None: 0
(14) None: 0
(15) None: 0
(16) None: 0
(17) None: 0
----------------------------------------
Ngay: 7/29/2022 - Thoi gian: 13:0
(1) : 0
(2) Anh Em Xa Doan: 0
(3) Bang Soi Den: 0
(4) Yakuza Families: 0
(5) None: 0
(6) **ChoiGtaXXX**: 0
(7) None: 0
(8) None: 0
(9) None: 0
(10) None: 0
(11) None: 0
(12) None: 0
(13) None: 0
(14) None: 0
(15) None: 0
(16) None: 0
(17) None: 0
----------------------------------------
Ngay: 7/29/2022 - Thoi gian: 14:0
(1) : 0
(2) Anh Em Xa Doan: 0
(3) Bang Soi Den: 0
(4) Yakuza Families: 0
(5) None: 0
(6) **ChoiGtaXXX**: 0
(7) None: 0
(8) None: 0
(9) None: 0
(10) None: 0
(11) None: 0
(12) None: 0
(13) None: 0
(14) None: 0
(15) None: 0
(16) None: 0
(17) None: 0
----------------------------------------
Ngay: 7/29/2022 - Thoi gian: 15:0
(1) : 0
(2) Anh Em Xa Doan: 0
(3) Bang Soi Den: 0
(4) Yakuza Families: 0
(5) None: 0
(6) **ChoiGtaXXX**: 0
(7) None: 0
(8) None: 0
(9) None: 0
(10) None: 0
(11) None: 0
(12) None: 0
(13) None: 0
(14) None: 0
(15) None: 0
(16) None: 0
(17) None: 0
----------------------------------------
Ngay: 7/29/2022 - Thoi gian: 16:0
(1) : 0
(2) Anh Em Xa Doan: 0
(3) Bang Soi Den: 0
(4) Yakuza Families: 0
(5) None: 0
(6) **ChoiGtaXXX**: 0
(7) None: 0
(8) None: 0
(9) None: 0
(10) None: 0
(11) None: 0
(12) None: 0
(13) None: 0
(14) None: 0
(15) None: 0
(16) None: 0
(17) None: 0
----------------------------------------
Ngay: 7/29/2022 - Thoi gian: 17:0
(1) : 0
(2) Anh Em Xa Doan: 0
(3) Bang Soi Den: 0
(4) Yakuza Families: 0
(5) None: 0
(6) **ChoiGtaXXX**: 0
(7) None: 0
(8) None: 0
(9) None: 0
(10) None: 0
(11) None: 0
(12) None: 0
(13) None: 0
(14) None: 0
(15) None: 0
(16) None: 0
(17) None: 0
----------------------------------------
Ngay: 7/29/2022 - Thoi gian: 20:0
(1) : 0
(2) Anh Em Xa Doan: 0
(3) Bang Soi Den: 0
(4) Yakuza Families: 0
(5) None: 0
(6) **ChoiGtaXXX**: 0
(7) None: 0
(8) None: 0
(9) None: 0
(10) None: 0
(11) None: 0
(12) None: 0
(13) None: 0
(14) None: 0
(15) None: 0
(16) None: 0
(17) None: 0
----------------------------------------
Ngay: 7/29/2022 - Thoi gian: 21:0
(1) : 0
(2) Anh Em Xa Doan: 0
(3) Bang Soi Den: 0
(4) Yakuza Families: 0
(5) None: 0
(6) **ChoiGtaXXX**: 0
(7) None: 0
(8) None: 0
(9) None: 0
(10) None: 0
(11) None: 0
(12) None: 0
(13) None: 0
(14) None: 0
(15) None: 0
(16) None: 0
(17) None: 0
----------------------------------------
Ngay: 7/29/2022 - Thoi gian: 22:0
(1) : 0
(2) Anh Em Xa Doan: 0
(3) Bang Soi Den: 0
(4) Yakuza Families: 0
(5) None: 0
(6) **ChoiGtaXXX**: 0
(7) None: 0
(8) None: 0
(9) None: 0
(10) None: 0
(11) None: 0
(12) None: 0
(13) None: 0
(14) None: 0
(15) None: 0
(16) None: 0
(17) None: 0
----------------------------------------
Ngay: 7/29/2022 - Thoi gian: 23:0
(1) : 0
(2) Anh Em Xa Doan: 0
(3) Bang Soi Den: 0
(4) Yakuza Families: 0
(5) None: 0
(6) **ChoiGtaXXX**: 0
(7) None: 0
(8) None: 0
(9) None: 0
(10) None: 0
(11) None: 0
(12) None: 0
(13) None: 0
(14) None: 0
(15) None: 0
(16) None: 0
(17) None: 0
----------------------------------------
Ngay: 7/30/2022 - Thoi gian: 0:0
(1) : 0
(2) Anh Em Xa Doan: 0
(3) Bang Soi Den: 0
(4) Yakuza Families: 0
(5) None: 0
(6) **ChoiGtaXXX**: 0
(7) None: 0
(8) None: 0
(9) None: 0
(10) None: 0
(11) None: 0
(12) None: 0
(13) None: 0
(14) None: 0
(15) None: 0
(16) None: 0
(17) None: 0
----------------------------------------
Ngay: 7/30/2022 - Thoi gian: 1:0
(1) : 0
(2) Anh Em Xa Doan: 0
(3) Bang Soi Den: 0
(4) Yakuza Families: 0
(5) None: 0
(6) **ChoiGtaXXX**: 0
(7) None: 0
(8) None: 0
(9) None: 0
(10) None: 0
(11) None: 0
(12) None: 0
(13) None: 0
(14) None: 0
(15) None: 0
(16) None: 0
(17) None: 0
----------------------------------------
Ngay: 7/30/2022 - Thoi gian: 2:0
(1) : 0
(2) Anh Em Xa Doan: 0
(3) Bang Soi Den: 0
(4) Yakuza Families: 0
(5) None: 0
(6) **ChoiGtaXXX**: 0
(7) None: 0
(8) None: 0
(9) None: 0
(10) None: 0
(11) None: 0
(12) None: 0
(13) None: 0
(14) None: 0
(15) None: 0
(16) None: 0
(17) None: 0
----------------------------------------
Ngay: 7/30/2022 - Thoi gian: 3:0
(1) : 0
(2) Anh Em Xa Doan: 0
(3) Bang Soi Den: 0
(4) Yakuza Families: 0
(5) None: 0
(6) **ChoiGtaXXX**: 0
(7) None: 0
(8) None: 0
(9) None: 0
(10) None: 0
(11) None: 0
(12) None: 0
(13) None: 0
(14) None: 0
(15) None: 0
(16) None: 0
(17) None: 0
----------------------------------------
Ngay: 7/30/2022 - Thoi gian: 4:0
(1) : 0
(2) Anh Em Xa Doan: 0
(3) Bang Soi Den: 0
(4) Yakuza Families: 0
(5) None: 0
(6) **ChoiGtaXXX**: 0
(7) None: 0
(8) None: 0
(9) None: 0
(10) None: 0
(11) None: 0
(12) None: 0
(13) None: 0
(14) None: 0
(15) None: 0
(16) None: 0
(17) None: 0
----------------------------------------
Ngay: 7/30/2022 - Thoi gian: 5:0
(1) : 0
(2) Anh Em Xa Doan: 0
(3) Bang Soi Den: 0
(4) Yakuza Families: 0
(5) None: 0
(6) **ChoiGtaXXX**: 0
(7) None: 0
(8) None: 0
(9) None: 0
(10) None: 0
(11) None: 0
(12) None: 0
(13) None: 0
(14) None: 0
(15) None: 0
(16) None: 0
(17) None: 0
----------------------------------------
Ngay: 7/30/2022 - Thoi gian: 6:0
(1) : 0
(2) Anh Em Xa Doan: 0
(3) Bang Soi Den: 0
(4) Yakuza Families: 0
(5) None: 0
(6) **ChoiGtaXXX**: 0
(7) None: 0
(8) None: 0
(9) None: 0
(10) None: 0
(11) None: 0
(12) None: 0
(13) None: 0
(14) None: 0
(15) None: 0
(16) None: 0
(17) None: 0
----------------------------------------
Ngay: 7/30/2022 - Thoi gian: 7:0
(1) : 0
(2) Anh Em Xa Doan: 0
(3) Bang Soi Den: 0
(4) Yakuza Families: 0
(5) None: 0
(6) **ChoiGtaXXX**: 0
(7) None: 0
(8) None: 0
(9) None: 0
(10) None: 0
(11) None: 0
(12) None: 0
(13) None: 0
(14) None: 0
(15) None: 0
(16) None: 0
(17) None: 0
----------------------------------------
Ngay: 7/30/2022 - Thoi gian: 8:0
(1) : 0
(2) Anh Em Xa Doan: 0
(3) Bang Soi Den: 0
(4) Yakuza Families: 0
(5) None: 0
(6) **ChoiGtaXXX**: 0
(7) None: 0
(8) None: 0
(9) None: 0
(10) None: 0
(11) None: 0
(12) None: 0
(13) None: 0
(14) None: 0
(15) None: 0
(16) None: 0
(17) None: 0
----------------------------------------
Ngay: 7/30/2022 - Thoi gian: 9:0
(1) : 0
(2) Anh Em Xa Doan: 0
(3) Bang Soi Den: 0
(4) Yakuza Families: 0
(5) None: 0
(6) **ChoiGtaXXX**: 0
(7) None: 0
(8) None: 0
(9) None: 0
(10) None: 0
(11) None: 0
(12) None: 0
(13) None: 0
(14) None: 0
(15) None: 0
(16) None: 0
(17) None: 0
----------------------------------------
Ngay: 7/30/2022 - Thoi gian: 10:0
(1) : 0
(2) Anh Em Xa Doan: 0
(3) Bang Soi Den: 0
(4) Yakuza Families: 0
(5) None: 0
(6) **ChoiGtaXXX**: 0
(7) None: 0
(8) None: 0
(9) None: 0
(10) None: 0
(11) Vietnam Dan Chu Cong Hoa: 0
(12) None: 0
(13) None: 0
(14) None: 0
(15) None: 0
(16) None: 0
(17) None: 0
----------------------------------------
Ngay: 7/30/2022 - Thoi gian: 11:0
(1) : 0
(2) Anh Em Xa Doan: 0
(3) Bang Soi Den: 0
(4) Yakuza Families: 0
(5) None: 0
(6) **ChoiGtaXXX**: 0
(7) None: 0
(8) None: 0
(9) None: 0
(10) None: 0
(11) Vietnam Dan Chu Cong Hoa: 0
(12) None: 0
(13) None: 0
(14) None: 0
(15) None: 0
(16) None: 0
(17) None: 0
----------------------------------------
Ngay: 7/30/2022 - Thoi gian: 12:0
(1) : 0
(2) Anh Em Xa Doan: 0
(3) Bang Soi Den: 0
(4) Yakuza Families: 0
(5) None: 0
(6) **ChoiGtaXXX**: 0
(7) None: 0
(8) None: 0
(9) None: 0
(10) None: 0
(11) Viet Nam Dan chu Cong hoa: 3
(12) None: 0
(13) None: 0
(14) None: 0
(15) None: 0
(16) None: 0
(17) None: 0
----------------------------------------
Ngay: 7/30/2022 - Thoi gian: 13:0
(1) : 0
(2) Anh Em Xa Doan: 0
(3) Bang Soi Den: 0
(4) Yakuza Families: 0
(5) None: 0
(6) **ChoiGtaXXX**: 0
(7) None: 0
(8) None: 0
(9) None: 0
(10) None: 0
(11) Viet Nam Dan chu Cong hoa: 0
(12) None: 0
(13) None: 0
(14) None: 0
(15) None: 0
(16) None: 0
(17) None: 0
----------------------------------------
Ngay: 7/30/2022 - Thoi gian: 14:0
(1) : 0
(2) Anh Em Xa Doan: 0
(3) Bang Soi Den: 0
(4) Yakuza Families: 0
(5) None: 0
(6) **ChoiGtaXXX**: 0
(7) None: 0
(8) None: 0
(9) None: 0
(10) None: 0
(11) Viet Nam Dan chu Cong hoa: 3
(12) None: 0
(13) None: 0
(14) None: 0
(15) None: 0
(16) None: 0
(17) None: 0
----------------------------------------
Ngay: 7/30/2022 - Thoi gian: 15:0
(1) : 0
(2) Anh Em Xa Doan: 0
(3) Bang Soi Den: 0
(4) Yakuza Families: 0
(5) None: 0
(6) **ChoiGtaXXX**: 0
(7) None: 0
(8) None: 0
(9) None: 0
(10) None: 0
(11) Viet Nam Dan chu Cong hoa: 2
(12) None: 0
(13) None: 0
(14) None: 0
(15) None: 0
(16) None: 0
(17) None: 0
----------------------------------------
Ngay: 7/30/2022 - Thoi gian: 16:0
(1) : 0
(2) Anh Em Xa Doan: 0
(3) Bang Soi Den: 0
(4) Yakuza Families: 0
(5) None: 0
(6) **ChoiGtaXXX**: 0
(7) None: 0
(8) None: 0
(9) None: 0
(10) None: 0
(11) Viet Nam Dan chu Cong hoa: 0
(12) None: 0
(13) None: 0
(14) None: 0
(15) None: 0
(16) None: 0
(17) None: 0
----------------------------------------
Ngay: 7/30/2022 - Thoi gian: 17:0
(1) : 0
(2) Anh Em Xa Doan: 0
(3) Bang Soi Den: 0
(4) Yakuza Families: 0
(5) None: 0
(6) **ChoiGtaXXX**: 0
(7) None: 0
(8) None: 0
(9) None: 0
(10) None: 0
(11) Viet Nam Dan chu Cong hoa: 0
(12) None: 0
(13) None: 0
(14) None: 0
(15) None: 0
(16) None: 0
(17) None: 0
----------------------------------------
Ngay: 7/30/2022 - Thoi gian: 18:0
(1) : 0
(2) Anh Em Xa Doan: 0
(3) Bang Soi Den: 0
(4) Yakuza Families: 0
(5) None: 0
(6) **ChoiGtaXXX**: 0
(7) None: 0
(8) None: 0
(9) None: 0
(10) None: 0
(11) Viet Nam Dan chu Cong hoa: 0
(12) None: 0
(13) None: 0
(14) None: 0
(15) None: 0
(16) None: 0
(17) None: 0
----------------------------------------
Ngay: 7/30/2022 - Thoi gian: 19:0
(1) : 0
(2) Anh Em Xa Doan: 0
(3) Bang Soi Den: 0
(4) Yakuza Families: 0
(5) None: 0
(6) **ChoiGtaXXX**: 0
(7) None: 0
(8) None: 0
(9) None: 0
(10) None: 0
(11) Viet Nam Dan chu Cong hoa: 0
(12) None: 0
(13) None: 0
(14) None: 0
(15) None: 0
(16) None: 0
(17) None: 0
----------------------------------------
Ngay: 7/30/2022 - Thoi gian: 20:0
(1) : 0
(2) Anh Em Xa Doan: 0
(3) Bang Soi Den: 0
(4) Yakuza Families: 0
(5) None: 0
(6) **ChoiGtaXXX**: 0
(7) None: 0
(8) None: 0
(9) None: 0
(10) None: 0
(11) Viet Nam Dan chu Cong hoa: 2
(12) None: 0
(13) None: 0
(14) None: 0
(15) None: 0
(16) None: 0
(17) None: 0
----------------------------------------
Ngay: 7/30/2022 - Thoi gian: 21:0
(1) : 0
(2) None: 0
(3) None: 0
(4) Yakuza Families: 0
(5) None: 0
(6) **ChoiGtaXXX**: 0
(7) None: 0
(8) None: 0
(9) None: 0
(10) None: 1
(11) Viet Nam Dan chu Cong hoa: 1
(12) None: 0
(13) None: 0
(14) None: 0
(15) None: 0
(16) None: 0
(17) None: 0
----------------------------------------
Ngay: 7/30/2022 - Thoi gian: 22:0
(1) : 0
(2) None: 0
(3) None: 0
(4) Yakuza Families: 0
(5) None: 0
(6) **ChoiGtaXXX**: 0
(7) None: 0
(8) None: 0
(9) None: 0
(10) None: 0
(11) Viet Nam Dan chu Cong hoa: 0
(12) None: 0
(13) None: 0
(14) None: 0
(15) None: 0
(16) None: 0
(17) None: 0
----------------------------------------
Ngay: 7/30/2022 - Thoi gian: 23:0
(1) : 0
(2) None: 0
(3) None: 0
(4) Yakuza Families: 0
(5) None: 0
(6) **ChoiGtaXXX**: 0
(7) None: 0
(8) None: 0
(9) None: 0
(10) None: 0
(11) Viet Nam Dan chu Cong hoa: 0
(12) None: 0
(13) None: 0
(14) None: 0
(15) None: 0
(16) None: 0
(17) None: 0
----------------------------------------
Ngay: 7/31/2022 - Thoi gian: 0:0
(1) : 0
(2) None: 0
(3) None: 0
(4) Yakuza Families: 0
(5) None: 0
(6) **ChoiGtaXXX**: 0
(7) None: 0
(8) None: 0
(9) None: 0
(10) None: 0
(11) Viet Nam Dan chu Cong hoa: 0
(12) None: 0
(13) None: 0
(14) None: 0
(15) None: 0
(16) None: 0
(17) None: 0
----------------------------------------
Ngay: 7/31/2022 - Thoi gian: 1:0
(1) : 0
(2) None: 0
(3) None: 0
(4) Yakuza Families: 0
(5) None: 0
(6) **ChoiGtaXXX**: 0
(7) None: 0
(8) None: 0
(9) None: 0
(10) None: 0
(11) Viet Nam Dan chu Cong hoa: 0
(12) None: 0
(13) None: 0
(14) None: 0
(15) None: 0
(16) None: 0
(17) None: 0
----------------------------------------
Ngay: 7/31/2022 - Thoi gian: 2:0
(1) : 0
(2) None: 0
(3) None: 0
(4) Yakuza Families: 0
(5) None: 0
(6) **ChoiGtaXXX**: 0
(7) None: 0
(8) None: 0
(9) None: 0
(10) None: 0
(11) Viet Nam Dan chu Cong hoa: 0
(12) None: 0
(13) None: 0
(14) None: 0
(15) None: 0
(16) None: 0
(17) None: 0
----------------------------------------
Ngay: 7/31/2022 - Thoi gian: 3:0
(1) : 0
(2) None: 0
(3) None: 0
(4) Yakuza Families: 0
(5) None: 0
(6) **ChoiGtaXXX**: 0
(7) None: 0
(8) None: 0
(9) None: 0
(10) None: 0
(11) Viet Nam Dan chu Cong hoa: 0
(12) None: 0
(13) None: 0
(14) None: 0
(15) None: 0
(16) None: 0
(17) None: 0
----------------------------------------
Ngay: 7/31/2022 - Thoi gian: 4:1
(1) : 0
(2) None: 0
(3) None: 0
(4) Yakuza Families: 0
(5) None: 0
(6) **ChoiGtaXXX**: 0
(7) None: 0
(8) None: 0
(9) None: 0
(10) None: 0
(11) Viet Nam Dan chu Cong hoa: 0
(12) None: 0
(13) None: 0
(14) None: 0
(15) None: 0
(16) None: 0
(17) None: 0
----------------------------------------
Ngay: 7/31/2022 - Thoi gian: 5:0
(1) : 0
(2) None: 0
(3) None: 0
(4) Yakuza Families: 0
(5) None: 0
(6) **ChoiGtaXXX**: 0
(7) None: 0
(8) None: 0
(9) None: 0
(10) None: 0
(11) Viet Nam Dan chu Cong hoa: 0
(12) None: 0
(13) None: 0
(14) None: 0
(15) None: 0
(16) None: 0
(17) None: 0
----------------------------------------
Ngay: 7/31/2022 - Thoi gian: 6:0
(1) : 0
(2) None: 0
(3) None: 0
(4) Yakuza Families: 0
(5) None: 0
(6) **ChoiGtaXXX**: 0
(7) None: 0
(8) None: 0
(9) None: 0
(10) None: 0
(11) Viet Nam Dan chu Cong hoa: 0
(12) None: 0
(13) None: 0
(14) None: 0
(15) None: 0
(16) None: 0
(17) None: 0
----------------------------------------
Ngay: 7/31/2022 - Thoi gian: 7:1
(1) : 0
(2) None: 0
(3) None: 0
(4) Yakuza Families: 0
(5) None: 0
(6) **ChoiGtaXXX**: 0
(7) None: 0
(8) None: 0
(9) None: 0
(10) None: 0
(11) Viet Nam Dan chu Cong hoa: 0
(12) None: 0
(13) None: 0
(14) None: 0
(15) None: 0
(16) None: 0
(17) None: 0
----------------------------------------
Ngay: 7/31/2022 - Thoi gian: 8:0
(1) : 0
(2) None: 0
(3) None: 0
(4) Yakuza Families: 0
(5) None: 0
(6) **ChoiGtaXXX**: 0
(7) None: 0
(8) None: 0
(9) None: 0
(10) None: 0
(11) Viet Nam Dan chu Cong hoa: 0
(12) None: 0
(13) None: 0
(14) None: 0
(15) None: 0
(16) None: 0
(17) None: 0
----------------------------------------
Ngay: 7/31/2022 - Thoi gian: 9:0
(1) : 0
(2) None: 0
(3) None: 0
(4) Yakuza Families: 0
(5) None: 0
(6) **ChoiGtaXXX**: 0
(7) None: 0
(8) None: 0
(9) None: 0
(10) None: 0
(11) Viet Nam Dan chu Cong hoa: 0
(12) None: 0
(13) None: 0
(14) None: 0
(15) None: 0
(16) None: 0
(17) None: 0
----------------------------------------
Ngay: 7/31/2022 - Thoi gian: 10:0
(1) : 0
(2) None: 0
(3) None: 0
(4) Yakuza Families: 0
(5) None: 0
(6) **ChoiGtaXXX**: 0
(7) None: 0
(8) None: 0
(9) None: 0
(10) None: 0
(11) Viet Nam Dan chu Cong hoa: 0
(12) None: 0
(13) None: 0
(14) None: 0
(15) None: 0
(16) None: 0
(17) None: 0
----------------------------------------
Ngay: 7/31/2022 - Thoi gian: 11:0
(1) : 0
(2) None: 0
(3) None: 0
(4) Yakuza Families: 0
(5) None: 0
(6) **ChoiGtaXXX**: 0
(7) None: 0
(8) None: 0
(9) None: 0
(10) None: 0
(11) Viet Nam Dan chu Cong hoa: 1
(12) None: 0
(13) None: 0
(14) None: 0
(15) None: 0
(16) None: 0
(17) None: 0
----------------------------------------
Ngay: 7/31/2022 - Thoi gian: 13:0
(1) : 0
(2) None: 0
(3) None: 0
(4) Yakuza Families: 0
(5) None: 0
(6) **ChoiGtaXXX**: 0
(7) None: 0
(8) None: 0
(9) None: 0
(10) None: 0
(11) Viet Nam Dan chu Cong hoa: 0
(12) None: 0
(13) None: 0
(14) None: 0
(15) None: 0
(16) None: 0
(17) None: 0
----------------------------------------
Ngay: 7/31/2022 - Thoi gian: 14:0
(1) : 0
(2) None: 0
(3) None: 0
(4) Yakuza Families: 0
(5) None: 0
(6) **ChoiGtaXXX**: 0
(7) None: 0
(8) None: 0
(9) None: 0
(10) None: 0
(11) Viet Nam Dan chu Cong hoa: 0
(12) None: 0
(13) None: 0
(14) None: 0
(15) None: 0
(16) None: 0
(17) None: 0
----------------------------------------
Ngay: 7/31/2022 - Thoi gian: 15:0
(1) : 0
(2) None: 0
(3) None: 0
(4) Yakuza Families: 0
(5) None: 0
(6) **ChoiGtaXXX**: 0
(7) None: 0
(8) None: 0
(9) None: 0
(10) None: 0
(11) Viet Nam Dan chu Cong hoa: 0
(12) None: 0
(13) None: 0
(14) None: 0
(15) None: 0
(16) None: 0
(17) None: 0
----------------------------------------
Ngay: 7/31/2022 - Thoi gian: 16:0
(1) : 0
(2) None: 0
(3) None: 0
(4) Yakuza Families: 0
(5) None: 0
(6) **ChoiGtaXXX**: 0
(7) None: 0
(8) None: 0
(9) None: 0
(10) None: 0
(11) Viet Nam Dan chu Cong hoa: 0
(12) None: 0
(13) None: 0
(14) None: 0
(15) None: 0
(16) None: 0
(17) None: 0
----------------------------------------
Ngay: 7/31/2022 - Thoi gian: 17:0
(1) : 0
(2) None: 0
(3) None: 0
(4) Yakuza Families: 0
(5) None: 0
(6) **ChoiGtaXXX**: 0
(7) None: 0
(8) None: 0
(9) None: 0
(10) None: 0
(11) Viet Nam Dan chu Cong hoa: 0
(12) None: 0
(13) None: 0
(14) None: 0
(15) None: 0
(16) None: 0
(17) None: 0
----------------------------------------
Ngay: 7/31/2022 - Thoi gian: 18:0
(1) : 0
(2) None: 0
(3) None: 0
(4) Yakuza Families: 0
(5) None: 0
(6) **ChoiGtaXXX**: 0
(7) None: 0
(8) None: 0
(9) None: 0
(10) None: 0
(11) Viet Nam Dan chu Cong hoa: 0
(12) None: 0
(13) None: 0
(14) None: 0
(15) None: 0
(16) None: 0
(17) None: 0
----------------------------------------
Ngay: 7/31/2022 - Thoi gian: 19:0
(1) : 0
(2) None: 0
(3) None: 0
(4) Yakuza Families: 0
(5) None: 0
(6) **ChoiGtaXXX**: 0
(7) None: 0
(8) None: 0
(9) None: 0
(10) None: 0
(11) Viet Nam Dan chu Cong hoa: 0
(12) None: 0
(13) None: 0
(14) None: 0
(15) None: 0
(16) None: 0
(17) None: 0
----------------------------------------
Ngay: 7/31/2022 - Thoi gian: 20:0
(1) : 0
(2) None: 0
(3) None: 0
(4) Yakuza Families: 0
(5) None: 0
(6) **ChoiGtaXXX**: 0
(7) None: 0
(8) None: 0
(9) None: 0
(10) None: 0
(11) Viet Nam Dan chu Cong hoa: 0
(12) None: 0
(13) None: 0
(14) None: 0
(15) None: 0
(16) None: 0
(17) None: 0
----------------------------------------
Ngay: 7/31/2022 - Thoi gian: 21:0
(1) : 0
(2) None: 0
(3) None: 0
(4) Yakuza Families: 0
(5) None: 0
(6) **ChoiGtaXXX**: 0
(7) None: 0
(8) None: 0
(9) None: 0
(10) None: 0
(11) Viet Nam Dan chu Cong hoa: 0
(12) None: 0
(13) None: 0
(14) None: 0
(15) None: 0
(16) None: 0
(17) None: 0
----------------------------------------
Ngay: 7/31/2022 - Thoi gian: 22:0
(1) : 0
(2) None: 0
(3) None: 0
(4) Yakuza Families: 0
(5) None: 0
(6) **ChoiGtaXXX**: 0
(7) None: 0
(8) None: 0
(9) None: 0
(10) None: 0
(11) Viet Nam Dan chu Cong hoa: 0
(12) None: 0
(13) None: 0
(14) None: 0
(15) None: 0
(16) None: 0
(17) None: 0
----------------------------------------
Ngay: 7/31/2022 - Thoi gian: 23:0
(1) : 0
(2) None: 0
(3) None: 0
(4) Yakuza Families: 0
(5) None: 0
(6) **ChoiGtaXXX**: 0
(7) None: 0
(8) None: 0
(9) None: 0
(10) None: 0
(11) Viet Nam Dan chu Cong hoa: 0
(12) None: 0
(13) None: 0
(14) None: 0
(15) None: 0
(16) None: 0
(17) None: 0
----------------------------------------
Ngay: 8/1/2022 - Thoi gian: 0:0
(1) : 0
(2) None: 0
(3) None: 0
(4) Yakuza Families: 0
(5) None: 0
(6) **ChoiGtaXXX**: 0
(7) None: 0
(8) None: 0
(9) None: 0
(10) None: 0
(11) Viet Nam Dan chu Cong hoa: 0
(12) None: 0
(13) None: 0
(14) None: 0
(15) None: 0
(16) None: 0
(17) None: 0
----------------------------------------
Ngay: 8/1/2022 - Thoi gian: 1:0
(1) : 0
(2) None: 0
(3) None: 0
(4) Yakuza Families: 0
(5) None: 0
(6) **ChoiGtaXXX**: 0
(7) None: 0
(8) None: 0
(9) None: 0
(10) None: 0
(11) Viet Nam Dan chu Cong hoa: 0
(12) None: 0
(13) None: 0
(14) None: 0
(15) None: 0
(16) None: 0
(17) None: 0
----------------------------------------
Ngay: 8/1/2022 - Thoi gian: 2:0
(1) : 0
(2) None: 0
(3) None: 0
(4) Yakuza Families: 0
(5) None: 0
(6) **ChoiGtaXXX**: 0
(7) None: 0
(8) None: 0
(9) None: 0
(10) None: 0
(11) Viet Nam Dan chu Cong hoa: 0
(12) None: 0
(13) None: 0
(14) None: 0
(15) None: 0
(16) None: 0
(17) None: 0
----------------------------------------
Ngay: 8/1/2022 - Thoi gian: 3:0
(1) : 0
(2) None: 0
(3) None: 0
(4) Yakuza Families: 0
(5) None: 0
(6) **ChoiGtaXXX**: 0
(7) None: 0
(8) None: 0
(9) None: 0
(10) None: 0
(11) Viet Nam Dan chu Cong hoa: 0
(12) None: 0
(13) None: 0
(14) None: 0
(15) None: 0
(16) None: 0
(17) None: 0
----------------------------------------
Ngay: 8/1/2022 - Thoi gian: 4:0
(1) : 0
(2) None: 0
(3) None: 0
(4) Yakuza Families: 0
(5) None: 0
(6) **ChoiGtaXXX**: 0
(7) None: 0
(8) None: 0
(9) None: 0
(10) None: 0
(11) Viet Nam Dan chu Cong hoa: 0
(12) None: 0
(13) None: 0
(14) None: 0
(15) None: 0
(16) None: 0
(17) None: 0
----------------------------------------
Ngay: 8/1/2022 - Thoi gian: 5:0
(1) : 0
(2) None: 0
(3) None: 0
(4) Yakuza Families: 0
(5) None: 0
(6) **ChoiGtaXXX**: 0
(7) None: 0
(8) None: 0
(9) None: 0
(10) None: 0
(11) Viet Nam Dan chu Cong hoa: 0
(12) None: 0
(13) None: 0
(14) None: 0
(15) None: 0
(16) None: 0
(17) None: 0
----------------------------------------
Ngay: 8/1/2022 - Thoi gian: 6:0
(1) : 0
(2) None: 0
(3) None: 0
(4) Yakuza Families: 0
(5) None: 0
(6) **ChoiGtaXXX**: 0
(7) None: 0
(8) None: 0
(9) None: 0
(10) None: 0
(11) Viet Nam Dan chu Cong hoa: 0
(12) None: 0
(13) None: 0
(14) None: 0
(15) None: 0
(16) None: 0
(17) None: 0
----------------------------------------
Ngay: 8/1/2022 - Thoi gian: 7:0
(1) : 0
(2) None: 0
(3) None: 0
(4) Yakuza Families: 0
(5) None: 0
(6) **ChoiGtaXXX**: 0
(7) None: 0
(8) None: 0
(9) None: 0
(10) None: 0
(11) Viet Nam Dan chu Cong hoa: 0
(12) None: 0
(13) None: 0
(14) None: 0
(15) None: 0
(16) None: 0
(17) None: 0
----------------------------------------
Ngay: 8/1/2022 - Thoi gian: 8:0
(1) : 0
(2) None: 0
(3) None: 0
(4) Yakuza Families: 0
(5) None: 0
(6) **ChoiGtaXXX**: 0
(7) None: 0
(8) None: 0
(9) None: 0
(10) None: 0
(11) Viet Nam Dan chu Cong hoa: 0
(12) None: 0
(13) None: 0
(14) None: 0
(15) None: 0
(16) None: 0
(17) None: 0
----------------------------------------
Ngay: 8/1/2022 - Thoi gian: 9:0
(1) : 0
(2) None: 0
(3) None: 0
(4) Yakuza Families: 0
(5) None: 0
(6) **ChoiGtaXXX**: 0
(7) None: 0
(8) None: 0
(9) None: 0
(10) None: 0
(11) Viet Nam Dan chu Cong hoa: 0
(12) None: 0
(13) None: 0
(14) None: 0
(15) None: 0
(16) None: 0
(17) None: 0
----------------------------------------
Ngay: 8/1/2022 - Thoi gian: 10:0
(1) : 0
(2) None: 0
(3) None: 0
(4) Yakuza Families: 0
(5) None: 0
(6) **ChoiGtaXXX**: 0
(7) None: 0
(8) None: 0
(9) None: 0
(10) None: 0
(11) Viet Nam Dan chu Cong hoa: 0
(12) None: 0
(13) None: 0
(14) None: 0
(15) None: 0
(16) None: 0
(17) None: 0
----------------------------------------
Ngay: 8/1/2022 - Thoi gian: 11:0
(1) : 0
(2) None: 0
(3) None: 0
(4) Yakuza Families: 0
(5) None: 0
(6) **ChoiGtaXXX**: 0
(7) None: 0
(8) None: 0
(9) None: 0
(10) None: 0
(11) Viet Nam Dan chu Cong hoa: 0
(12) None: 0
(13) None: 0
(14) None: 0
(15) None: 0
(16) None: 0
(17) None: 0
----------------------------------------
Ngay: 8/1/2022 - Thoi gian: 12:0
(1) : 0
(2) None: 0
(3) None: 0
(4) Yakuza Families: 0
(5) None: 0
(6) **ChoiGtaXXX**: 0
(7) None: 0
(8) None: 0
(9) None: 0
(10) None: 0
(11) Viet Nam Dan chu Cong hoa: 0
(12) None: 0
(13) None: 0
(14) None: 0
(15) None: 0
(16) None: 0
(17) None: 0
----------------------------------------
Ngay: 8/1/2022 - Thoi gian: 13:0
(1) : 0
(2) None: 0
(3) None: 0
(4) Yakuza Families: 0
(5) None: 0
(6) **ChoiGtaXXX**: 0
(7) None: 0
(8) None: 0
(9) None: 0
(10) None: 0
(11) Viet Nam Dan chu Cong hoa: 0
(12) None: 0
(13) None: 0
(14) None: 0
(15) None: 0
(16) None: 0
(17) None: 0
----------------------------------------
Ngay: 8/1/2022 - Thoi gian: 14:0
(1) : 0
(2) None: 0
(3) None: 0
(4) Yakuza Families: 0
(5) None: 0
(6) **ChoiGtaXXX**: 0
(7) None: 0
(8) None: 0
(9) None: 0
(10) None: 0
(11) Viet Nam Dan chu Cong hoa: 0
(12) None: 0
(13) None: 0
(14) None: 0
(15) None: 0
(16) None: 0
(17) None: 0
----------------------------------------
Ngay: 8/1/2022 - Thoi gian: 15:0
(1) : 0
(2) None: 0
(3) None: 0
(4) Yakuza Families: 0
(5) None: 0
(6) **ChoiGtaXXX**: 0
(7) None: 0
(8) None: 0
(9) None: 0
(10) None: 0
(11) Viet Nam Dan chu Cong hoa: 0
(12) None: 0
(13) None: 0
(14) None: 0
(15) None: 0
(16) None: 0
(17) None: 0
----------------------------------------
Ngay: 8/1/2022 - Thoi gian: 16:0
(1) : 0
(2) None: 0
(3) None: 0
(4) Yakuza Families: 0
(5) None: 0
(6) **ChoiGtaXXX**: 0
(7) None: 0
(8) None: 0
(9) None: 0
(10) None: 0
(11) Viet Nam Dan chu Cong hoa: 0
(12) None: 0
(13) None: 0
(14) None: 0
(15) None: 0
(16) None: 0
(17) None: 0
----------------------------------------
Ngay: 8/1/2022 - Thoi gian: 17:0
(1) : 0
(2) None: 0
(3) None: 0
(4) Yakuza Families: 0
(5) None: 0
(6) **ChoiGtaXXX**: 0
(7) None: 0
(8) None: 0
(9) None: 0
(10) None: 0
(11) Viet Nam Dan chu Cong hoa: 1
(12) None: 0
(13) None: 0
(14) None: 0
(15) None: 0
(16) None: 0
(17) None: 0
----------------------------------------
Ngay: 8/1/2022 - Thoi gian: 18:0
(1) : 0
(2) None: 0
(3) None: 0
(4) Yakuza Families: 0
(5) None: 0
(6) **ChoiGtaXXX**: 0
(7) None: 0
(8) None: 0
(9) None: 0
(10) None: 0
(11) Viet Nam Dan chu Cong hoa: 0
(12) None: 0
(13) None: 0
(14) None: 0
(15) None: 0
(16) None: 0
(17) None: 0
----------------------------------------
Ngay: 8/1/2022 - Thoi gian: 19:1
(1) : 0
(2) None: 0
(3) None: 0
(4) Yakuza Families: 0
(5) None: 0
(6) **ChoiGtaXXX**: 0
(7) None: 0
(8) None: 0
(9) None: 0
(10) None: 0
(11) Viet Nam Dan chu Cong hoa: 0
(12) None: 0
(13) None: 0
(14) None: 0
(15) None: 0
(16) None: 0
(17) None: 0
----------------------------------------
Ngay: 8/1/2022 - Thoi gian: 20:0
(1) : 0
(2) None: 0
(3) None: 0
(4) Yakuza Families: 0
(5) None: 0
(6) **ChoiGtaXXX**: 0
(7) None: 0
(8) None: 0
(9) None: 0
(10) None: 0
(11) Viet Nam Dan chu Cong hoa: 0
(12) None: 0
(13) None: 0
(14) None: 0
(15) None: 0
(16) None: 0
(17) None: 0
----------------------------------------
Ngay: 8/1/2022 - Thoi gian: 21:0
(1) : 0
(2) None: 0
(3) None: 0
(4) Yakuza Families: 0
(5) None: 0
(6) **ChoiGtaXXX**: 0
(7) None: 0
(8) None: 0
(9) None: 0
(10) None: 0
(11) Viet Nam Dan chu Cong hoa: 0
(12) None: 0
(13) None: 0
(14) None: 0
(15) None: 0
(16) None: 0
(17) None: 0
----------------------------------------
Ngay: 8/1/2022 - Thoi gian: 22:0
(1) : 0
(2) None: 0
(3) None: 0
(4) Yakuza Families: 0
(5) None: 0
(6) **ChoiGtaXXX**: 0
(7) None: 0
(8) None: 0
(9) None: 0
(10) None: 0
(11) Viet Nam Dan chu Cong hoa: 0
(12) None: 0
(13) None: 0
(14) None: 0
(15) None: 0
(16) None: 0
(17) None: 0
----------------------------------------
Ngay: 8/1/2022 - Thoi gian: 23:0
(1) : 0
(2) None: 0
(3) None: 0
(4) Yakuza Families: 0
(5) None: 0
(6) **ChoiGtaXXX**: 0
(7) None: 0
(8) None: 0
(9) None: 0
(10) None: 0
(11) Viet Nam Dan chu Cong hoa: 0
(12) None: 0
(13) None: 0
(14) None: 0
(15) None: 0
(16) None: 0
(17) None: 0
----------------------------------------
Ngay: 8/2/2022 - Thoi gian: 0:0
(1) : 0
(2) None: 0
(3) None: 0
(4) Yakuza Families: 0
(5) None: 0
(6) **ChoiGtaXXX**: 0
(7) None: 0
(8) None: 0
(9) None: 0
(10) None: 0
(11) Viet Nam Dan chu Cong hoa: 0
(12) None: 0
(13) None: 0
(14) None: 0
(15) None: 0
(16) None: 0
(17) None: 0
----------------------------------------
Ngay: 8/2/2022 - Thoi gian: 1:0
(1) : 0
(2) None: 0
(3) None: 0
(4) Yakuza Families: 0
(5) None: 0
(6) **ChoiGtaXXX**: 0
(7) None: 0
(8) None: 0
(9) None: 0
(10) None: 0
(11) Viet Nam Dan chu Cong hoa: 0
(12) None: 0
(13) None: 0
(14) None: 0
(15) None: 0
(16) None: 0
(17) None: 0
----------------------------------------
Ngay: 8/2/2022 - Thoi gian: 2:0
(1) : 0
(2) None: 0
(3) None: 0
(4) Yakuza Families: 0
(5) None: 0
(6) **ChoiGtaXXX**: 0
(7) None: 0
(8) None: 0
(9) None: 0
(10) None: 0
(11) Viet Nam Dan chu Cong hoa: 0
(12) None: 0
(13) None: 0
(14) None: 0
(15) None: 0
(16) None: 0
(17) None: 0
----------------------------------------
Ngay: 8/2/2022 - Thoi gian: 3:0
(1) : 0
(2) None: 0
(3) None: 0
(4) Yakuza Families: 0
(5) None: 0
(6) **ChoiGtaXXX**: 0
(7) None: 0
(8) None: 0
(9) None: 0
(10) None: 0
(11) Viet Nam Dan chu Cong hoa: 0
(12) None: 0
(13) None: 0
(14) None: 0
(15) None: 0
(16) None: 0
(17) None: 0
----------------------------------------
Ngay: 8/2/2022 - Thoi gian: 4:0
(1) : 0
(2) None: 0
(3) None: 0
(4) Yakuza Families: 0
(5) None: 0
(6) **ChoiGtaXXX**: 0
(7) None: 0
(8) None: 0
(9) None: 0
(10) None: 0
(11) Viet Nam Dan chu Cong hoa: 0
(12) None: 0
(13) None: 0
(14) None: 0
(15) None: 0
(16) None: 0
(17) None: 0
----------------------------------------
Ngay: 8/2/2022 - Thoi gian: 5:0
(1) : 0
(2) None: 0
(3) None: 0
(4) Yakuza Families: 0
(5) None: 0
(6) **ChoiGtaXXX**: 0
(7) None: 0
(8) None: 0
(9) None: 0
(10) None: 0
(11) Viet Nam Dan chu Cong hoa: 0
(12) None: 0
(13) None: 0
(14) None: 0
(15) None: 0
(16) None: 0
(17) None: 0
----------------------------------------
Ngay: 8/2/2022 - Thoi gian: 6:0
(1) : 0
(2) None: 0
(3) None: 0
(4) Yakuza Families: 0
(5) None: 0
(6) **ChoiGtaXXX**: 0
(7) None: 0
(8) None: 0
(9) None: 0
(10) None: 0
(11) Viet Nam Dan chu Cong hoa: 0
(12) None: 0
(13) None: 0
(14) None: 0
(15) None: 0
(16) None: 0
(17) None: 0
----------------------------------------
Ngay: 8/2/2022 - Thoi gian: 7:0
(1) : 0
(2) None: 0
(3) None: 0
(4) Yakuza Families: 0
(5) None: 0
(6) **ChoiGtaXXX**: 0
(7) None: 0
(8) None: 0
(9) None: 0
(10) None: 0
(11) Viet Nam Dan chu Cong hoa: 0
(12) None: 0
(13) None: 0
(14) None: 0
(15) None: 0
(16) None: 0
(17) None: 0
----------------------------------------
Ngay: 8/2/2022 - Thoi gian: 8:0
(1) : 0
(2) None: 0
(3) None: 0
(4) Yakuza Families: 0
(5) None: 0
(6) **ChoiGtaXXX**: 0
(7) None: 0
(8) None: 0
(9) None: 0
(10) None: 0
(11) Viet Nam Dan chu Cong hoa: 0
(12) None: 0
(13) None: 0
(14) None: 0
(15) None: 0
(16) None: 0
(17) None: 0
----------------------------------------
Ngay: 8/2/2022 - Thoi gian: 9:0
(1) : 0
(2) None: 0
(3) None: 0
(4) Yakuza Families: 0
(5) None: 0
(6) **ChoiGtaXXX**: 0
(7) None: 0
(8) None: 0
(9) None: 0
(10) None: 0
(11) Viet Nam Dan chu Cong hoa: 0
(12) None: 0
(13) None: 0
(14) None: 0
(15) None: 0
(16) None: 0
(17) None: 0
----------------------------------------
Ngay: 8/2/2022 - Thoi gian: 10:0
(1) : 0
(2) None: 0
(3) None: 0
(4) Yakuza Families: 0
(5) None: 0
(6) **ChoiGtaXXX**: 0
(7) None: 0
(8) None: 0
(9) None: 0
(10) None: 0
(11) Viet Nam Dan chu Cong hoa: 0
(12) None: 0
(13) None: 0
(14) None: 0
(15) None: 0
(16) None: 0
(17) None: 0
----------------------------------------
Ngay: 8/2/2022 - Thoi gian: 11:0
(1) : 0
(2) None: 0
(3) None: 0
(4) Yakuza Families: 0
(5) None: 0
(6) **ChoiGtaXXX**: 0
(7) None: 0
(8) None: 0
(9) None: 0
(10) None: 0
(11) Viet Nam Dan chu Cong hoa: 0
(12) None: 0
(13) None: 0
(14) None: 0
(15) None: 0
(16) None: 0
(17) None: 0
----------------------------------------
Ngay: 8/2/2022 - Thoi gian: 12:0
(1) : 0
(2) None: 0
(3) None: 0
(4) Yakuza Families: 0
(5) None: 0
(6) **ChoiGtaXXX**: 0
(7) None: 0
(8) None: 0
(9) None: 0
(10) None: 0
(11) Viet Nam Dan chu Cong hoa: 0
(12) None: 0
(13) None: 0
(14) None: 0
(15) None: 0
(16) None: 0
(17) None: 0
----------------------------------------
Ngay: 8/2/2022 - Thoi gian: 13:0
(1) : 0
(2) None: 0
(3) None: 0
(4) Yakuza Families: 0
(5) None: 0
(6) **ChoiGtaXXX**: 0
(7) None: 0
(8) None: 0
(9) None: 0
(10) None: 0
(11) Viet Nam Dan chu Cong hoa: 0
(12) None: 0
(13) None: 0
(14) None: 0
(15) None: 0
(16) None: 0
(17) None: 0
----------------------------------------
Ngay: 8/2/2022 - Thoi gian: 16:0
(1) : 0
(2) None: 0
(3) None: 0
(4) Yakuza Families: 0
(5) None: 0
(6) **ChoiGtaXXX**: 0
(7) None: 0
(8) None: 0
(9) None: 0
(10) None: 0
(11) Viet Nam Dan chu Cong hoa: 0
(12) None: 0
(13) None: 0
(14) None: 0
(15) None: 0
(16) None: 0
(17) None: 0
----------------------------------------
Ngay: 8/2/2022 - Thoi gian: 17:0
(1) : 0
(2) None: 0
(3) None: 0
(4) Yakuza Families: 0
(5) None: 0
(6) **ChoiGtaXXX**: 0
(7) None: 0
(8) None: 0
(9) None: 0
(10) None: 0
(11) Viet Nam Dan chu Cong hoa: 0
(12) None: 0
(13) None: 0
(14) None: 0
(15) None: 0
(16) None: 0
(17) None: 0
----------------------------------------
Ngay: 8/2/2022 - Thoi gian: 18:0
(1) : 0
(2) None: 0
(3) None: 0
(4) Yakuza Families: 0
(5) None: 0
(6) **ChoiGtaXXX**: 0
(7) None: 0
(8) None: 0
(9) None: 0
(10) None: 0
(11) Viet Nam Dan chu Cong hoa: 0
(12) None: 0
(13) None: 0
(14) None: 0
(15) None: 0
(16) None: 0
(17) None: 0
----------------------------------------
Ngay: 8/2/2022 - Thoi gian: 19:1
(1) : 0
(2) None: 0
(3) None: 0
(4) Yakuza Families: 0
(5) None: 0
(6) **ChoiGtaXXX**: 0
(7) None: 0
(8) None: 0
(9) None: 0
(10) None: 0
(11) Viet Nam Dan chu Cong hoa: 0
(12) None: 0
(13) None: 0
(14) None: 0
(15) None: 0
(16) None: 0
(17) None: 0
----------------------------------------
Ngay: 8/2/2022 - Thoi gian: 20:0
(1) : 0
(2) None: 0
(3) None: 0
(4) Yakuza Families: 0
(5) None: 0
(6) **ChoiGtaXXX**: 0
(7) None: 0
(8) None: 0
(9) None: 0
(10) None: 0
(11) Viet Nam Dan chu Cong hoa: 0
(12) None: 0
(13) None: 0
(14) None: 0
(15) None: 0
(16) None: 0
(17) None: 0
----------------------------------------
Ngay: 8/2/2022 - Thoi gian: 21:0
(1) : 0
(2) None: 0
(3) None: 0
(4) Yakuza Families: 0
(5) None: 0
(6) **ChoiGtaXXX**: 0
(7) None: 0
(8) None: 0
(9) None: 0
(10) None: 0
(11) Viet Nam Dan chu Cong hoa: 0
(12) None: 0
(13) None: 0
(14) None: 0
(15) None: 0
(16) None: 0
(17) None: 0
----------------------------------------
Ngay: 8/2/2022 - Thoi gian: 22:0
(1) : 0
(2) None: 0
(3) None: 0
(4) Yakuza Families: 0
(5) None: 0
(6) **ChoiGtaXXX**: 0
(7) None: 0
(8) None: 0
(9) None: 0
(10) None: 0
(11) Viet Nam Dan chu Cong hoa: 0
(12) None: 0
(13) None: 0
(14) None: 0
(15) None: 0
(16) None: 0
(17) None: 0
----------------------------------------
Ngay: 8/2/2022 - Thoi gian: 23:0
(1) : 0
(2) None: 0
(3) None: 0
(4) Yakuza Families: 0
(5) None: 0
(6) **ChoiGtaXXX**: 0
(7) None: 0
(8) None: 0
(9) None: 0
(10) None: 0
(11) Viet Nam Dan chu Cong hoa: 0
(12) None: 0
(13) None: 0
(14) None: 0
(15) None: 0
(16) None: 0
(17) None: 0
----------------------------------------
Ngay: 8/3/2022 - Thoi gian: 0:0
(1) : 0
(2) None: 0
(3) None: 0
(4) Yakuza Families: 0
(5) None: 0
(6) **ChoiGtaXXX**: 0
(7) None: 0
(8) None: 0
(9) None: 0
(10) None: 0
(11) Viet Nam Dan chu Cong hoa: 0
(12) None: 0
(13) None: 0
(14) None: 0
(15) None: 0
(16) None: 0
(17) None: 0
----------------------------------------
Ngay: 8/3/2022 - Thoi gian: 1:0
(1) : 0
(2) None: 0
(3) None: 0
(4) Yakuza Families: 0
(5) None: 0
(6) **ChoiGtaXXX**: 0
(7) None: 0
(8) None: 0
(9) None: 0
(10) None: 0
(11) Viet Nam Dan chu Cong hoa: 0
(12) None: 0
(13) None: 0
(14) None: 0
(15) None: 0
(16) None: 0
(17) None: 0
----------------------------------------
Ngay: 8/3/2022 - Thoi gian: 2:0
(1) : 0
(2) None: 0
(3) None: 0
(4) Yakuza Families: 0
(5) None: 0
(6) **ChoiGtaXXX**: 0
(7) None: 0
(8) None: 0
(9) None: 0
(10) None: 0
(11) Viet Nam Dan chu Cong hoa: 0
(12) None: 0
(13) None: 0
(14) None: 0
(15) None: 0
(16) None: 0
(17) None: 0
----------------------------------------
Ngay: 8/3/2022 - Thoi gian: 3:0
(1) : 0
(2) None: 0
(3) None: 0
(4) Yakuza Families: 0
(5) None: 0
(6) **ChoiGtaXXX**: 0
(7) None: 0
(8) None: 0
(9) None: 0
(10) None: 0
(11) Viet Nam Dan chu Cong hoa: 0
(12) None: 0
(13) None: 0
(14) None: 0
(15) None: 0
(16) None: 0
(17) None: 0
----------------------------------------
Ngay: 8/3/2022 - Thoi gian: 4:0
(1) : 0
(2) None: 0
(3) None: 0
(4) Yakuza Families: 0
(5) None: 0
(6) **ChoiGtaXXX**: 0
(7) None: 0
(8) None: 0
(9) None: 0
(10) None: 0
(11) Viet Nam Dan chu Cong hoa: 0
(12) None: 0
(13) None: 0
(14) None: 0
(15) None: 0
(16) None: 0
(17) None: 0
----------------------------------------
Ngay: 8/3/2022 - Thoi gian: 5:0
(1) : 0
(2) None: 0
(3) None: 0
(4) Yakuza Families: 0
(5) None: 0
(6) **ChoiGtaXXX**: 0
(7) None: 0
(8) None: 0
(9) None: 0
(10) None: 0
(11) Viet Nam Dan chu Cong hoa: 0
(12) None: 0
(13) None: 0
(14) None: 0
(15) None: 0
(16) None: 0
(17) None: 0
----------------------------------------
Ngay: 8/3/2022 - Thoi gian: 6:0
(1) : 0
(2) None: 0
(3) None: 0
(4) Yakuza Families: 0
(5) None: 0
(6) **ChoiGtaXXX**: 0
(7) None: 0
(8) None: 0
(9) None: 0
(10) None: 0
(11) Viet Nam Dan chu Cong hoa: 0
(12) None: 0
(13) None: 0
(14) None: 0
(15) None: 0
(16) None: 0
(17) None: 0
----------------------------------------
Ngay: 8/3/2022 - Thoi gian: 7:1
(1) : 0
(2) None: 0
(3) None: 0
(4) Yakuza Families: 0
(5) None: 0
(6) **ChoiGtaXXX**: 0
(7) None: 0
(8) None: 0
(9) None: 0
(10) None: 0
(11) Viet Nam Dan chu Cong hoa: 0
(12) None: 0
(13) None: 0
(14) None: 0
(15) None: 0
(16) None: 0
(17) None: 0
----------------------------------------
Ngay: 8/3/2022 - Thoi gian: 8:0
(1) : 0
(2) None: 0
(3) None: 0
(4) Yakuza Families: 0
(5) None: 0
(6) **ChoiGtaXXX**: 0
(7) None: 0
(8) None: 0
(9) None: 0
(10) None: 0
(11) Viet Nam Dan chu Cong hoa: 0
(12) None: 0
(13) None: 0
(14) None: 0
(15) None: 0
(16) None: 0
(17) None: 0
----------------------------------------
Ngay: 8/3/2022 - Thoi gian: 9:0
(1) : 0
(2) None: 0
(3) None: 0
(4) Yakuza Families: 0
(5) None: 0
(6) **ChoiGtaXXX**: 0
(7) None: 0
(8) None: 0
(9) None: 0
(10) None: 0
(11) Viet Nam Dan chu Cong hoa: 0
(12) None: 0
(13) None: 0
(14) None: 0
(15) None: 0
(16) None: 0
(17) None: 0
----------------------------------------
Ngay: 8/3/2022 - Thoi gian: 10:0
(1) : 0
(2) None: 0
(3) None: 0
(4) Yakuza Families: 0
(5) None: 0
(6) **ChoiGtaXXX**: 0
(7) None: 0
(8) None: 0
(9) None: 0
(10) None: 0
(11) Viet Nam Dan chu Cong hoa: 0
(12) None: 0
(13) None: 0
(14) None: 0
(15) None: 0
(16) None: 0
(17) None: 0
----------------------------------------
Ngay: 8/3/2022 - Thoi gian: 11:0
(1) : 0
(2) None: 0
(3) None: 0
(4) Yakuza Families: 0
(5) None: 0
(6) **ChoiGtaXXX**: 0
(7) None: 0
(8) None: 0
(9) None: 0
(10) None: 0
(11) Viet Nam Dan chu Cong hoa: 0
(12) None: 0
(13) None: 0
(14) None: 0
(15) None: 0
(16) None: 0
(17) None: 0
----------------------------------------
Ngay: 8/3/2022 - Thoi gian: 12:0
(1) : 0
(2) None: 0
(3) None: 0
(4) Yakuza Families: 0
(5) None: 0
(6) **ChoiGtaXXX**: 0
(7) None: 0
(8) None: 0
(9) None: 0
(10) None: 0
(11) Viet Nam Dan chu Cong hoa: 0
(12) None: 0
(13) None: 0
(14) None: 0
(15) None: 0
(16) None: 0
(17) None: 0
----------------------------------------
Ngay: 8/3/2022 - Thoi gian: 13:0
(1) : 0
(2) None: 0
(3) None: 0
(4) Yakuza Families: 0
(5) None: 0
(6) **ChoiGtaXXX**: 0
(7) None: 0
(8) None: 0
(9) None: 0
(10) None: 0
(11) Viet Nam Dan chu Cong hoa: 0
(12) None: 0
(13) None: 0
(14) None: 0
(15) None: 0
(16) None: 0
(17) None: 0
----------------------------------------
Ngay: 8/3/2022 - Thoi gian: 14:0
(1) : 0
(2) None: 0
(3) None: 0
(4) Yakuza Families: 0
(5) None: 0
(6) **ChoiGtaXXX**: 0
(7) None: 0
(8) None: 0
(9) None: 0
(10) None: 0
(11) Viet Nam Dan chu Cong hoa: 0
(12) None: 0
(13) None: 0
(14) None: 0
(15) None: 0
(16) None: 0
(17) None: 0
----------------------------------------
Ngay: 8/3/2022 - Thoi gian: 15:0
(1) : 0
(2) None: 0
(3) None: 0
(4) Yakuza Families: 0
(5) None: 0
(6) **ChoiGtaXXX**: 0
(7) None: 0
(8) None: 0
(9) None: 0
(10) None: 0
(11) Viet Nam Dan chu Cong hoa: 0
(12) None: 0
(13) None: 0
(14) None: 0
(15) None: 0
(16) None: 0
(17) None: 0
----------------------------------------
Ngay: 8/3/2022 - Thoi gian: 16:0
(1) : 0
(2) None: 0
(3) None: 0
(4) Yakuza Families: 0
(5) None: 0
(6) **ChoiGtaXXX**: 0
(7) None: 0
(8) None: 0
(9) None: 0
(10) None: 0
(11) Viet Nam Dan chu Cong hoa: 0
(12) None: 0
(13) None: 0
(14) None: 0
(15) None: 0
(16) None: 0
(17) None: 0
----------------------------------------
Ngay: 8/3/2022 - Thoi gian: 17:0
(1) : 0
(2) None: 0
(3) None: 0
(4) Yakuza Families: 0
(5) None: 0
(6) **ChoiGtaXXX**: 0
(7) None: 0
(8) None: 0
(9) None: 0
(10) None: 0
(11) Viet Nam Dan chu Cong hoa: 0
(12) None: 0
(13) None: 0
(14) None: 0
(15) None: 0
(16) None: 0
(17) None: 0
----------------------------------------
Ngay: 8/3/2022 - Thoi gian: 18:0
(1) : 0
(2) None: 0
(3) None: 0
(4) Yakuza Families: 0
(5) None: 0
(6) **ChoiGtaXXX**: 0
(7) None: 0
(8) None: 0
(9) None: 0
(10) None: 0
(11) Viet Nam Dan chu Cong hoa: 0
(12) None: 0
(13) None: 0
(14) None: 0
(15) None: 0
(16) None: 0
(17) None: 0
----------------------------------------
Ngay: 8/3/2022 - Thoi gian: 19:0
(1) : 0
(2) None: 0
(3) None: 0
(4) Yakuza Families: 0
(5) None: 0
(6) **ChoiGtaXXX**: 0
(7) None: 0
(8) None: 0
(9) None: 0
(10) None: 0
(11) Viet Nam Dan chu Cong hoa: 0
(12) None: 0
(13) None: 0
(14) None: 0
(15) None: 0
(16) None: 0
(17) None: 0
----------------------------------------
Ngay: 8/3/2022 - Thoi gian: 20:0
(1) : 0
(2) None: 0
(3) None: 0
(4) Yakuza Families: 0
(5) None: 0
(6) **ChoiGtaXXX**: 0
(7) None: 0
(8) None: 0
(9) None: 0
(10) None: 0
(11) Viet Nam Dan chu Cong hoa: 0
(12) None: 0
(13) None: 0
(14) None: 0
(15) None: 0
(16) None: 0
(17) None: 0
----------------------------------------
Ngay: 8/3/2022 - Thoi gian: 21:1
(1) : 0
(2) None: 0
(3) None: 0
(4) Yakuza Families: 0
(5) None: 0
(6) **ChoiGtaXXX**: 0
(7) None: 0
(8) None: 0
(9) None: 0
(10) None: 0
(11) Viet Nam Dan chu Cong hoa: 0
(12) None: 0
(13) None: 0
(14) None: 0
(15) None: 0
(16) None: 0
(17) None: 0
----------------------------------------
Ngay: 8/3/2022 - Thoi gian: 22:0
(1) : 0
(2) None: 0
(3) None: 0
(4) Yakuza Families: 0
(5) None: 0
(6) **ChoiGtaXXX**: 0
(7) None: 0
(8) None: 0
(9) None: 0
(10) None: 0
(11) Viet Nam Dan chu Cong hoa: 0
(12) None: 0
(13) None: 0
(14) None: 0
(15) None: 0
(16) None: 0
(17) None: 0
----------------------------------------
Ngay: 8/3/2022 - Thoi gian: 23:0
(1) : 0
(2) None: 0
(3) None: 0
(4) Yakuza Families: 0
(5) None: 0
(6) **ChoiGtaXXX**: 0
(7) None: 0
(8) None: 0
(9) None: 0
(10) None: 0
(11) Viet Nam Dan chu Cong hoa: 0
(12) None: 0
(13) None: 0
(14) None: 0
(15) None: 0
(16) None: 0
(17) None: 0
----------------------------------------
Ngay: 8/4/2022 - Thoi gian: 0:0
(1) : 0
(2) None: 0
(3) None: 0
(4) Yakuza Families: 0
(5) None: 0
(6) **ChoiGtaXXX**: 0
(7) None: 0
(8) None: 0
(9) None: 0
(10) None: 0
(11) Viet Nam Dan chu Cong hoa: 0
(12) None: 0
(13) None: 0
(14) None: 0
(15) None: 0
(16) None: 0
(17) None: 0
----------------------------------------
Ngay: 8/4/2022 - Thoi gian: 1:0
(1) : 0
(2) None: 0
(3) None: 0
(4) Yakuza Families: 0
(5) None: 0
(6) **ChoiGtaXXX**: 0
(7) None: 0
(8) None: 0
(9) None: 0
(10) None: 0
(11) Viet Nam Dan chu Cong hoa: 0
(12) None: 0
(13) None: 0
(14) None: 0
(15) None: 0
(16) None: 0
(17) None: 0
----------------------------------------
Ngay: 8/4/2022 - Thoi gian: 2:0
(1) : 0
(2) None: 0
(3) None: 0
(4) Yakuza Families: 0
(5) None: 0
(6) **ChoiGtaXXX**: 0
(7) None: 0
(8) None: 0
(9) None: 0
(10) None: 0
(11) Viet Nam Dan chu Cong hoa: 0
(12) None: 0
(13) None: 0
(14) None: 0
(15) None: 0
(16) None: 0
(17) None: 0
----------------------------------------
Ngay: 8/4/2022 - Thoi gian: 3:0
(1) : 0
(2) None: 0
(3) None: 0
(4) Yakuza Families: 0
(5) None: 0
(6) **ChoiGtaXXX**: 0
(7) None: 0
(8) None: 0
(9) None: 0
(10) None: 0
(11) Viet Nam Dan chu Cong hoa: 0
(12) None: 0
(13) None: 0
(14) None: 0
(15) None: 0
(16) None: 0
(17) None: 0
----------------------------------------
Ngay: 8/4/2022 - Thoi gian: 4:0
(1) : 0
(2) None: 0
(3) None: 0
(4) Yakuza Families: 0
(5) None: 0
(6) **ChoiGtaXXX**: 0
(7) None: 0
(8) None: 0
(9) None: 0
(10) None: 0
(11) Viet Nam Dan chu Cong hoa: 0
(12) None: 0
(13) None: 0
(14) None: 0
(15) None: 0
(16) None: 0
(17) None: 0
----------------------------------------
Ngay: 8/4/2022 - Thoi gian: 5:0
(1) : 0
(2) None: 0
(3) None: 0
(4) Yakuza Families: 0
(5) None: 0
(6) **ChoiGtaXXX**: 0
(7) None: 0
(8) None: 0
(9) None: 0
(10) None: 0
(11) Viet Nam Dan chu Cong hoa: 0
(12) None: 0
(13) None: 0
(14) None: 0
(15) None: 0
(16) None: 0
(17) None: 0
----------------------------------------
Ngay: 8/4/2022 - Thoi gian: 6:0
(1) : 0
(2) None: 0
(3) None: 0
(4) Yakuza Families: 0
(5) None: 0
(6) **ChoiGtaXXX**: 0
(7) None: 0
(8) None: 0
(9) None: 0
(10) None: 0
(11) Viet Nam Dan chu Cong hoa: 0
(12) None: 0
(13) None: 0
(14) None: 0
(15) None: 0
(16) None: 0
(17) None: 0
----------------------------------------
Ngay: 8/4/2022 - Thoi gian: 7:0
(1) : 0
(2) None: 0
(3) None: 0
(4) Yakuza Families: 0
(5) None: 0
(6) **ChoiGtaXXX**: 0
(7) None: 0
(8) None: 0
(9) None: 0
(10) None: 0
(11) Viet Nam Dan chu Cong hoa: 0
(12) None: 0
(13) None: 0
(14) None: 0
(15) None: 0
(16) None: 0
(17) None: 0
----------------------------------------
Ngay: 8/4/2022 - Thoi gian: 8:0
(1) : 0
(2) None: 0
(3) None: 0
(4) Yakuza Families: 0
(5) None: 0
(6) **ChoiGtaXXX**: 0
(7) None: 0
(8) None: 0
(9) None: 0
(10) None: 0
(11) Viet Nam Dan chu Cong hoa: 0
(12) None: 0
(13) None: 0
(14) None: 0
(15) None: 0
(16) None: 0
(17) None: 0
----------------------------------------
Ngay: 8/4/2022 - Thoi gian: 9:0
(1) : 0
(2) None: 0
(3) None: 0
(4) Yakuza Families: 0
(5) None: 0
(6) **ChoiGtaXXX**: 0
(7) None: 0
(8) None: 0
(9) None: 0
(10) None: 0
(11) Viet Nam Dan chu Cong hoa: 0
(12) None: 0
(13) None: 0
(14) None: 0
(15) None: 0
(16) None: 0
(17) None: 0
----------------------------------------
Ngay: 8/4/2022 - Thoi gian: 10:0
(1) : 0
(2) None: 0
(3) None: 0
(4) Yakuza Families: 0
(5) None: 0
(6) **ChoiGtaXXX**: 0
(7) None: 0
(8) None: 0
(9) None: 0
(10) None: 0
(11) Viet Nam Dan chu Cong hoa: 0
(12) None: 0
(13) None: 0
(14) None: 0
(15) None: 0
(16) None: 0
(17) None: 0
----------------------------------------
Ngay: 8/4/2022 - Thoi gian: 11:0
(1) : 0
(2) None: 0
(3) None: 0
(4) Yakuza Families: 0
(5) None: 0
(6) **ChoiGtaXXX**: 0
(7) None: 0
(8) None: 0
(9) None: 0
(10) None: 0
(11) Viet Nam Dan chu Cong hoa: 0
(12) None: 0
(13) None: 0
(14) None: 0
(15) None: 0
(16) None: 0
(17) None: 0
----------------------------------------
Ngay: 8/4/2022 - Thoi gian: 12:0
(1) : 0
(2) None: 0
(3) None: 0
(4) Yakuza Families: 0
(5) None: 0
(6) **ChoiGtaXXX**: 0
(7) None: 0
(8) None: 0
(9) None: 0
(10) DANG CONG SAN DAN CHU TU NGUYEN: 0
(11) Viet Nam Dan chu Cong hoa: 0
(12) None: 0
(13) None: 0
(14) None: 0
(15) None: 0
(16) None: 0
(17) None: 0
----------------------------------------
Ngay: 8/4/2022 - Thoi gian: 13:0
(1) : 0
(2) None: 0
(3) None: 0
(4) Yakuza Families: 0
(5) None: 0
(6) **ChoiGtaXXX**: 0
(7) None: 0
(8) None: 0
(9) None: 0
(10) DANG CONG SAN DAN CHU TU NGUYEN: 0
(11) Viet Nam Dan chu Cong hoa: 0
(12) None: 0
(13) None: 0
(14) None: 0
(15) None: 0
(16) None: 0
(17) None: 0
----------------------------------------
Ngay: 8/4/2022 - Thoi gian: 14:0
(1) : 0
(2) None: 0
(3) None: 0
(4) Yakuza Families: 0
(5) None: 0
(6) **ChoiGtaXXX**: 0
(7) None: 0
(8) None: 0
(9) None: 0
(10) DANG CONG SAN DAN CHU TU NGUYEN: 0
(11) Viet Nam Dan chu Cong hoa: 0
(12) None: 0
(13) None: 0
(14) None: 0
(15) None: 0
(16) None: 0
(17) None: 0
----------------------------------------
Ngay: 8/4/2022 - Thoi gian: 15:0
(1) : 0
(2) None: 0
(3) None: 0
(4) Yakuza Families: 0
(5) None: 0
(6) **ChoiGtaXXX**: 0
(7) None: 0
(8) None: 0
(9) None: 0
(10) DANG CONG SAN DAN CHU TU NGUYEN: 0
(11) Viet Nam Dan chu Cong hoa: 0
(12) None: 0
(13) None: 0
(14) None: 0
(15) None: 0
(16) None: 0
(17) None: 0
----------------------------------------
Ngay: 8/4/2022 - Thoi gian: 16:0
(1) : 0
(2) None: 0
(3) None: 0
(4) Yakuza Families: 0
(5) None: 0
(6) **ChoiGtaXXX**: 0
(7) None: 0
(8) None: 0
(9) None: 0
(10) DANG CONG SAN DAN CHU TU NGUYEN: 0
(11) Viet Nam Dan chu Cong hoa: 0
(12) None: 0
(13) None: 0
(14) None: 0
(15) None: 0
(16) None: 0
(17) None: 0
----------------------------------------
Ngay: 8/4/2022 - Thoi gian: 17:0
(1) : 0
(2) None: 0
(3) None: 0
(4) Yakuza Families: 0
(5) None: 0
(6) **ChoiGtaXXX**: 0
(7) None: 0
(8) None: 0
(9) None: 0
(10) DANG CONG SAN DAN CHU TU NGUYEN: 0
(11) Viet Nam Dan chu Cong hoa: 0
(12) None: 0
(13) None: 0
(14) None: 0
(15) None: 0
(16) None: 0
(17) None: 0
----------------------------------------
Ngay: 8/4/2022 - Thoi gian: 18:0
(1) : 0
(2) None: 0
(3) None: 0
(4) Yakuza Families: 0
(5) None: 0
(6) **ChoiGtaXXX**: 0
(7) None: 0
(8) None: 0
(9) None: 0
(10) DANG CONG SAN DAN CHU TU NGUYEN: 0
(11) Viet Nam Dan chu Cong hoa: 0
(12) None: 0
(13) None: 0
(14) None: 0
(15) None: 0
(16) None: 0
(17) None: 0
----------------------------------------
Ngay: 8/4/2022 - Thoi gian: 19:0
(1) : 0
(2) None: 0
(3) None: 0
(4) Yakuza Families: 0
(5) None: 0
(6) **ChoiGtaXXX**: 0
(7) None: 0
(8) None: 0
(9) None: 0
(10) DANG CONG SAN DAN CHU TU NGUYEN: 0
(11) Viet Nam Dan chu Cong hoa: 0
(12) None: 0
(13) None: 0
(14) None: 0
(15) None: 0
(16) None: 0
(17) None: 0
----------------------------------------
Ngay: 8/4/2022 - Thoi gian: 20:0
(1) : 0
(2) None: 0
(3) None: 0
(4) Yakuza Families: 0
(5) None: 0
(6) **ChoiGtaXXX**: 0
(7) None: 0
(8) None: 0
(9) None: 0
(10) DANG CONG SAN DAN CHU TU NGUYEN: 0
(11) Viet Nam Dan chu Cong hoa: 0
(12) None: 0
(13) None: 0
(14) None: 0
(15) None: 0
(16) None: 0
(17) None: 0
----------------------------------------
Ngay: 8/4/2022 - Thoi gian: 21:0
(1) : 0
(2) None: 0
(3) None: 0
(4) Yakuza Families: 0
(5) None: 0
(6) **ChoiGtaXXX**: 0
(7) None: 0
(8) None: 0
(9) None: 0
(10) DANG CONG SAN DAN CHU TU NGUYEN: 0
(11) Viet Nam Dan chu Cong hoa: 0
(12) None: 0
(13) None: 0
(14) None: 0
(15) None: 0
(16) None: 0
(17) None: 0
----------------------------------------
Ngay: 8/4/2022 - Thoi gian: 22:0
(1) : 0
(2) None: 0
(3) None: 0
(4) Yakuza Families: 0
(5) None: 0
(6) **ChoiGtaXXX**: 0
(7) None: 0
(8) None: 0
(9) None: 0
(10) DANG CONG SAN DAN CHU TU NGUYEN: 0
(11) Viet Nam Dan chu Cong hoa: 0
(12) None: 0
(13) None: 0
(14) None: 0
(15) None: 0
(16) None: 0
(17) None: 0
----------------------------------------
Ngay: 8/4/2022 - Thoi gian: 23:0
(1) : 0
(2) None: 0
(3) None: 0
(4) Yakuza Families: 0
(5) None: 0
(6) **ChoiGtaXXX**: 0
(7) None: 0
(8) None: 0
(9) None: 0
(10) DANG CONG SAN DAN CHU TU NGUYEN: 0
(11) Viet Nam Dan chu Cong hoa: 0
(12) None: 0
(13) None: 0
(14) None: 0
(15) None: 0
(16) None: 0
(17) None: 0
----------------------------------------
Ngay: 8/5/2022 - Thoi gian: 0:0
(1) : 0
(2) None: 0
(3) None: 0
(4) Yakuza Families: 0
(5) None: 0
(6) **ChoiGtaXXX**: 0
(7) None: 0
(8) None: 0
(9) None: 0
(10) DANG CONG SAN DAN CHU TU NGUYEN: 0
(11) Viet Nam Dan chu Cong hoa: 0
(12) None: 0
(13) None: 0
(14) None: 0
(15) None: 0
(16) None: 0
(17) None: 0
----------------------------------------
Ngay: 8/5/2022 - Thoi gian: 1:1
(1) : 0
(2) None: 0
(3) None: 0
(4) Yakuza Families: 0
(5) None: 0
(6) **ChoiGtaXXX**: 0
(7) None: 0
(8) None: 0
(9) None: 0
(10) DANG CONG SAN DAN CHU TU NGUYEN: 0
(11) Viet Nam Dan chu Cong hoa: 0
(12) None: 0
(13) None: 0
(14) None: 0
(15) None: 0
(16) None: 0
(17) None: 0
----------------------------------------
Ngay: 8/5/2022 - Thoi gian: 2:0
(1) : 0
(2) None: 0
(3) None: 0
(4) Yakuza Families: 0
(5) None: 0
(6) **ChoiGtaXXX**: 0
(7) None: 0
(8) None: 0
(9) None: 0
(10) DANG CONG SAN DAN CHU TU NGUYEN: 0
(11) Viet Nam Dan chu Cong hoa: 0
(12) None: 0
(13) None: 0
(14) None: 0
(15) None: 0
(16) None: 0
(17) None: 0
----------------------------------------
Ngay: 8/5/2022 - Thoi gian: 3:0
(1) : 0
(2) None: 0
(3) None: 0
(4) Yakuza Families: 0
(5) None: 0
(6) **ChoiGtaXXX**: 0
(7) None: 0
(8) None: 0
(9) None: 0
(10) DANG CONG SAN DAN CHU TU NGUYEN: 0
(11) Viet Nam Dan chu Cong hoa: 0
(12) None: 0
(13) None: 0
(14) None: 0
(15) None: 0
(16) None: 0
(17) None: 0
----------------------------------------
Ngay: 8/5/2022 - Thoi gian: 4:0
(1) : 0
(2) None: 0
(3) None: 0
(4) Yakuza Families: 0
(5) None: 0
(6) **ChoiGtaXXX**: 0
(7) None: 0
(8) None: 0
(9) None: 0
(10) DANG CONG SAN DAN CHU TU NGUYEN: 0
(11) Viet Nam Dan chu Cong hoa: 0
(12) None: 0
(13) None: 0
(14) None: 0
(15) None: 0
(16) None: 0
(17) None: 0
----------------------------------------
Ngay: 8/5/2022 - Thoi gian: 5:0
(1) : 0
(2) None: 0
(3) None: 0
(4) Yakuza Families: 0
(5) None: 0
(6) **ChoiGtaXXX**: 0
(7) None: 0
(8) None: 0
(9) None: 0
(10) DANG CONG SAN DAN CHU TU NGUYEN: 0
(11) Viet Nam Dan chu Cong hoa: 0
(12) None: 0
(13) None: 0
(14) None: 0
(15) None: 0
(16) None: 0
(17) None: 0
----------------------------------------
Ngay: 8/5/2022 - Thoi gian: 6:0
(1) : 0
(2) None: 0
(3) None: 0
(4) Yakuza Families: 0
(5) None: 0
(6) **ChoiGtaXXX**: 0
(7) None: 0
(8) None: 0
(9) None: 0
(10) DANG CONG SAN DAN CHU TU NGUYEN: 0
(11) Viet Nam Dan chu Cong hoa: 0
(12) None: 0
(13) None: 0
(14) None: 0
(15) None: 0
(16) None: 0
(17) None: 0
----------------------------------------
Ngay: 8/5/2022 - Thoi gian: 7:0
(1) : 0
(2) None: 0
(3) None: 0
(4) Yakuza Families: 0
(5) None: 0
(6) **ChoiGtaXXX**: 0
(7) None: 0
(8) None: 0
(9) None: 0
(10) DANG CONG SAN DAN CHU TU NGUYEN: 0
(11) Viet Nam Dan chu Cong hoa: 0
(12) None: 0
(13) None: 0
(14) None: 0
(15) None: 0
(16) None: 0
(17) None: 0
----------------------------------------
Ngay: 8/5/2022 - Thoi gian: 8:0
(1) : 0
(2) None: 0
(3) None: 0
(4) Yakuza Families: 0
(5) None: 0
(6) **ChoiGtaXXX**: 0
(7) None: 0
(8) None: 0
(9) None: 0
(10) DANG CONG SAN DAN CHU TU NGUYEN: 0
(11) Viet Nam Dan chu Cong hoa: 0
(12) None: 0
(13) None: 0
(14) None: 0
(15) None: 0
(16) None: 0
(17) None: 0
----------------------------------------
Ngay: 8/5/2022 - Thoi gian: 9:0
(1) : 0
(2) None: 0
(3) None: 0
(4) Yakuza Families: 0
(5) None: 0
(6) **ChoiGtaXXX**: 0
(7) None: 0
(8) None: 0
(9) None: 0
(10) DANG CONG SAN DAN CHU TU NGUYEN: 0
(11) Viet Nam Dan chu Cong hoa: 0
(12) None: 0
(13) None: 0
(14) None: 0
(15) None: 0
(16) None: 0
(17) None: 0
----------------------------------------
Ngay: 8/5/2022 - Thoi gian: 10:0
(1) : 0
(2) None: 0
(3) None: 0
(4) Yakuza Families: 0
(5) None: 0
(6) **ChoiGtaXXX**: 0
(7) None: 0
(8) None: 0
(9) None: 0
(10) DANG CONG SAN DAN CHU TU NGUYEN: 0
(11) Viet Nam Dan chu Cong hoa: 0
(12) None: 0
(13) None: 0
(14) None: 0
(15) None: 0
(16) None: 0
(17) None: 0
----------------------------------------
Ngay: 8/5/2022 - Thoi gian: 11:0
(1) : 0
(2) None: 0
(3) None: 0
(4) Yakuza Families: 0
(5) None: 0
(6) **ChoiGtaXXX**: 0
(7) None: 0
(8) None: 0
(9) None: 0
(10) DANG CONG SAN DAN CHU TU NGUYEN: 0
(11) Viet Nam Dan chu Cong hoa: 0
(12) None: 0
(13) None: 0
(14) None: 0
(15) None: 0
(16) None: 0
(17) None: 0
----------------------------------------
Ngay: 8/5/2022 - Thoi gian: 12:1
(1) : 0
(2) None: 0
(3) None: 0
(4) Yakuza Families: 0
(5) None: 0
(6) **ChoiGtaXXX**: 0
(7) None: 0
(8) None: 0
(9) None: 0
(10) DANG CONG SAN DAN CHU TU NGUYEN: 0
(11) Viet Nam Dan chu Cong hoa: 0
(12) None: 0
(13) None: 0
(14) None: 0
(15) None: 0
(16) None: 0
(17) None: 0
----------------------------------------
Ngay: 8/5/2022 - Thoi gian: 13:0
(1) : 0
(2) None: 0
(3) None: 0
(4) Yakuza Families: 0
(5) None: 0
(6) **ChoiGtaXXX**: 0
(7) None: 0
(8) None: 0
(9) None: 0
(10) DANG CONG SAN DAN CHU TU NGUYEN: 0
(11) Viet Nam Dan chu Cong hoa: 0
(12) None: 0
(13) None: 0
(14) None: 0
(15) None: 0
(16) None: 0
(17) None: 0
----------------------------------------
Ngay: 8/5/2022 - Thoi gian: 14:0
(1) : 0
(2) None: 0
(3) None: 0
(4) Yakuza Families: 0
(5) None: 0
(6) **ChoiGtaXXX**: 0
(7) None: 0
(8) None: 0
(9) None: 0
(10) DANG CONG SAN DAN CHU TU NGUYEN: 0
(11) Viet Nam Dan chu Cong hoa: 0
(12) None: 0
(13) None: 0
(14) None: 0
(15) None: 0
(16) None: 0
(17) None: 0
----------------------------------------
Ngay: 8/5/2022 - Thoi gian: 15:1
(1) : 0
(2) None: 0
(3) None: 0
(4) Yakuza Families: 0
(5) None: 0
(6) **ChoiGtaXXX**: 0
(7) None: 0
(8) None: 0
(9) None: 0
(10) DANG CONG SAN DAN CHU TU NGUYEN: 0
(11) Viet Nam Dan chu Cong hoa: 0
(12) None: 0
(13) None: 0
(14) None: 0
(15) None: 0
(16) None: 0
(17) None: 0
----------------------------------------
Ngay: 8/5/2022 - Thoi gian: 16:0
(1) : 0
(2) None: 0
(3) None: 0
(4) Yakuza Families: 0
(5) None: 0
(6) **ChoiGtaXXX**: 0
(7) None: 0
(8) None: 0
(9) None: 0
(10) DANG CONG SAN DAN CHU TU NGUYEN: 0
(11) Viet Nam Dan chu Cong hoa: 0
(12) None: 0
(13) None: 0
(14) None: 0
(15) None: 0
(16) None: 0
(17) None: 0
----------------------------------------
Ngay: 8/5/2022 - Thoi gian: 17:0
(1) : 0
(2) None: 0
(3) None: 0
(4) Yakuza Families: 0
(5) None: 0
(6) **ChoiGtaXXX**: 0
(7) None: 0
(8) None: 0
(9) None: 0
(10) DANG CONG SAN DAN CHU TU NGUYEN: 0
(11) Viet Nam Dan chu Cong hoa: 0
(12) None: 0
(13) None: 0
(14) None: 0
(15) None: 0
(16) None: 0
(17) None: 0
----------------------------------------
Ngay: 8/5/2022 - Thoi gian: 18:0
(1) : 0
(2) None: 0
(3) None: 0
(4) Yakuza Families: 0
(5) None: 0
(6) **ChoiGtaXXX**: 0
(7) None: 0
(8) None: 0
(9) None: 0
(10) DANG CONG SAN DAN CHU TU NGUYEN: 0
(11) Viet Nam Dan chu Cong hoa: 0
(12) None: 0
(13) None: 0
(14) None: 0
(15) None: 0
(16) None: 0
(17) None: 0
----------------------------------------
Ngay: 8/5/2022 - Thoi gian: 19:0
(1) : 0
(2) None: 0
(3) None: 0
(4) Yakuza Families: 0
(5) None: 0
(6) **ChoiGtaXXX**: 0
(7) None: 0
(8) None: 0
(9) None: 0
(10) DANG CONG SAN DAN CHU TU NGUYEN: 0
(11) Viet Nam Dan chu Cong hoa: 0
(12) None: 0
(13) None: 0
(14) None: 0
(15) None: 0
(16) None: 0
(17) None: 0
----------------------------------------
Ngay: 8/5/2022 - Thoi gian: 20:0
(1) : 0
(2) None: 0
(3) None: 0
(4) Yakuza Families: 0
(5) None: 0
(6) **ChoiGtaXXX**: 0
(7) None: 0
(8) None: 0
(9) None: 0
(10) DANG CONG SAN DAN CHU TU NGUYEN: 0
(11) Viet Nam Dan chu Cong hoa: 0
(12) None: 0
(13) None: 0
(14) None: 0
(15) None: 0
(16) None: 0
(17) None: 0
----------------------------------------
Ngay: 8/5/2022 - Thoi gian: 21:0
(1) : 0
(2) None: 0
(3) None: 0
(4) Yakuza Families: 0
(5) None: 0
(6) **ChoiGtaXXX**: 0
(7) None: 0
(8) None: 0
(9) None: 0
(10) DANG CONG SAN DAN CHU TU NGUYEN: 0
(11) Viet Nam Dan chu Cong hoa: 0
(12) None: 0
(13) None: 0
(14) None: 0
(15) None: 0
(16) None: 0
(17) None: 0
----------------------------------------
Ngay: 8/5/2022 - Thoi gian: 22:0
(1) : 0
(2) None: 0
(3) None: 0
(4) Yakuza Families: 0
(5) None: 0
(6) **ChoiGtaXXX**: 0
(7) None: 0
(8) None: 0
(9) None: 0
(10) DANG CONG SAN DAN CHU TU NGUYEN: 0
(11) Viet Nam Dan chu Cong hoa: 0
(12) None: 0
(13) None: 0
(14) None: 0
(15) None: 0
(16) None: 0
(17) None: 0
----------------------------------------
Ngay: 8/5/2022 - Thoi gian: 23:1
(1) : 0
(2) None: 0
(3) None: 0
(4) Yakuza Families: 0
(5) None: 0
(6) **ChoiGtaXXX**: 0
(7) None: 0
(8) None: 0
(9) None: 0
(10) DANG CONG SAN DAN CHU TU NGUYEN: 0
(11) Viet Nam Dan chu Cong hoa: 0
(12) None: 0
(13) None: 0
(14) None: 0
(15) None: 0
(16) None: 0
(17) None: 0
----------------------------------------
Ngay: 8/6/2022 - Thoi gian: 0:0
(1) : 0
(2) None: 0
(3) None: 0
(4) Yakuza Families: 0
(5) None: 0
(6) **ChoiGtaXXX**: 0
(7) None: 0
(8) None: 0
(9) None: 0
(10) DANG CONG SAN DAN CHU TU NGUYEN: 0
(11) Viet Nam Dan chu Cong hoa: 0
(12) None: 0
(13) None: 0
(14) None: 0
(15) None: 0
(16) None: 0
(17) None: 0
----------------------------------------
Ngay: 8/6/2022 - Thoi gian: 1:0
(1) : 0
(2) None: 0
(3) None: 0
(4) Yakuza Families: 0
(5) None: 0
(6) **ChoiGtaXXX**: 0
(7) None: 0
(8) None: 0
(9) None: 0
(10) DANG CONG SAN DAN CHU TU NGUYEN: 0
(11) Viet Nam Dan chu Cong hoa: 0
(12) None: 0
(13) None: 0
(14) None: 0
(15) None: 0
(16) None: 0
(17) None: 0
----------------------------------------
Ngay: 8/6/2022 - Thoi gian: 2:0
(1) : 0
(2) None: 0
(3) None: 0
(4) Yakuza Families: 0
(5) None: 0
(6) **ChoiGtaXXX**: 0
(7) None: 0
(8) None: 0
(9) None: 0
(10) DANG CONG SAN DAN CHU TU NGUYEN: 0
(11) Viet Nam Dan chu Cong hoa: 0
(12) None: 0
(13) None: 0
(14) None: 0
(15) None: 0
(16) None: 0
(17) None: 0
----------------------------------------
Ngay: 8/6/2022 - Thoi gian: 3:0
(1) : 0
(2) None: 0
(3) None: 0
(4) Yakuza Families: 0
(5) None: 0
(6) **ChoiGtaXXX**: 0
(7) None: 0
(8) None: 0
(9) None: 0
(10) DANG CONG SAN DAN CHU TU NGUYEN: 0
(11) Viet Nam Dan chu Cong hoa: 0
(12) None: 0
(13) None: 0
(14) None: 0
(15) None: 0
(16) None: 0
(17) None: 0
----------------------------------------
Ngay: 8/6/2022 - Thoi gian: 4:0
(1) : 0
(2) None: 0
(3) None: 0
(4) Yakuza Families: 0
(5) None: 0
(6) **ChoiGtaXXX**: 0
(7) None: 0
(8) None: 0
(9) None: 0
(10) DANG CONG SAN DAN CHU TU NGUYEN: 0
(11) Viet Nam Dan chu Cong hoa: 0
(12) None: 0
(13) None: 0
(14) None: 0
(15) None: 0
(16) None: 0
(17) None: 0
----------------------------------------
Ngay: 8/6/2022 - Thoi gian: 5:0
(1) : 0
(2) None: 0
(3) None: 0
(4) Yakuza Families: 0
(5) None: 0
(6) **ChoiGtaXXX**: 0
(7) None: 0
(8) None: 0
(9) None: 0
(10) DANG CONG SAN DAN CHU TU NGUYEN: 0
(11) Viet Nam Dan chu Cong hoa: 0
(12) None: 0
(13) None: 0
(14) None: 0
(15) None: 0
(16) None: 0
(17) None: 0
----------------------------------------
Ngay: 8/6/2022 - Thoi gian: 6:0
(1) : 0
(2) None: 0
(3) None: 0
(4) Yakuza Families: 0
(5) None: 0
(6) **ChoiGtaXXX**: 0
(7) None: 0
(8) None: 0
(9) None: 0
(10) DANG CONG SAN DAN CHU TU NGUYEN: 0
(11) Viet Nam Dan chu Cong hoa: 0
(12) None: 0
(13) None: 0
(14) None: 0
(15) None: 0
(16) None: 0
(17) None: 0
----------------------------------------
Ngay: 8/6/2022 - Thoi gian: 7:0
(1) : 0
(2) None: 0
(3) None: 0
(4) Yakuza Families: 0
(5) None: 0
(6) **ChoiGtaXXX**: 0
(7) None: 0
(8) None: 0
(9) None: 0
(10) DANG CONG SAN DAN CHU TU NGUYEN: 0
(11) Viet Nam Dan chu Cong hoa: 0
(12) None: 0
(13) None: 0
(14) None: 0
(15) None: 0
(16) None: 0
(17) None: 0
----------------------------------------
Ngay: 8/6/2022 - Thoi gian: 8:1
(1) : 0
(2) None: 0
(3) None: 0
(4) Yakuza Families: 0
(5) None: 0
(6) **ChoiGtaXXX**: 0
(7) None: 0
(8) None: 0
(9) None: 0
(10) DANG CONG SAN DAN CHU TU NGUYEN: 0
(11) Viet Nam Dan chu Cong hoa: 0
(12) None: 0
(13) None: 0
(14) None: 0
(15) None: 0
(16) None: 0
(17) None: 0
----------------------------------------
Ngay: 8/6/2022 - Thoi gian: 9:0
(1) : 0
(2) None: 0
(3) None: 0
(4) Yakuza Families: 0
(5) None: 0
(6) **ChoiGtaXXX**: 0
(7) None: 0
(8) None: 0
(9) None: 0
(10) DANG CONG SAN DAN CHU TU NGUYEN: 0
(11) Viet Nam Dan chu Cong hoa: 0
(12) None: 0
(13) None: 0
(14) None: 0
(15) None: 0
(16) None: 0
(17) None: 0
----------------------------------------
Ngay: 8/6/2022 - Thoi gian: 10:0
(1) : 0
(2) None: 0
(3) None: 0
(4) Yakuza Families: 0
(5) None: 0
(6) **ChoiGtaXXX**: 0
(7) None: 0
(8) None: 0
(9) None: 0
(10) DANG CONG SAN DAN CHU TU NGUYEN: 0
(11) Viet Nam Dan chu Cong hoa: 0
(12) None: 0
(13) None: 0
(14) None: 0
(15) None: 0
(16) None: 0
(17) None: 0
----------------------------------------
Ngay: 8/6/2022 - Thoi gian: 11:0
(1) : 0
(2) None: 0
(3) None: 0
(4) Yakuza Families: 0
(5) None: 0
(6) **ChoiGtaXXX**: 0
(7) None: 0
(8) None: 0
(9) None: 0
(10) DANG CONG SAN DAN CHU TU NGUYEN: 0
(11) Viet Nam Dan chu Cong hoa: 0
(12) None: 0
(13) None: 0
(14) None: 0
(15) None: 0
(16) None: 0
(17) None: 0
----------------------------------------
Ngay: 8/6/2022 - Thoi gian: 12:0
(1) : 0
(2) None: 0
(3) None: 0
(4) Yakuza Families: 0
(5) None: 0
(6) **ChoiGtaXXX**: 0
(7) None: 0
(8) None: 0
(9) None: 0
(10) DANG CONG SAN DAN CHU TU NGUYEN: 0
(11) Viet Nam Dan chu Cong hoa: 0
(12) None: 0
(13) None: 0
(14) None: 0
(15) None: 0
(16) None: 0
(17) None: 0
----------------------------------------
Ngay: 8/6/2022 - Thoi gian: 13:0
(1) : 0
(2) None: 0
(3) None: 0
(4) Yakuza Families: 0
(5) None: 0
(6) **ChoiGtaXXX**: 0
(7) None: 0
(8) None: 0
(9) None: 0
(10) DANG CONG SAN DAN CHU TU NGUYEN: 0
(11) Viet Nam Dan chu Cong hoa: 0
(12) None: 0
(13) None: 0
(14) None: 0
(15) None: 0
(16) None: 0
(17) None: 0
----------------------------------------
Ngay: 8/6/2022 - Thoi gian: 14:0
(1) : 0
(2) None: 0
(3) None: 0
(4) Yakuza Families: 0
(5) None: 0
(6) **ChoiGtaXXX**: 0
(7) None: 0
(8) None: 0
(9) None: 0
(10) DANG CONG SAN DAN CHU TU NGUYEN: 0
(11) Viet Nam Dan chu Cong hoa: 0
(12) None: 0
(13) None: 0
(14) None: 0
(15) None: 0
(16) None: 0
(17) None: 0
----------------------------------------
Ngay: 8/6/2022 - Thoi gian: 15:0
(1) : 0
(2) None: 0
(3) None: 0
(4) Yakuza Families: 0
(5) None: 0
(6) **ChoiGtaXXX**: 0
(7) None: 0
(8) None: 0
(9) None: 0
(10) DANG CONG SAN DAN CHU TU NGUYEN: 0
(11) Viet Nam Dan chu Cong hoa: 0
(12) None: 0
(13) None: 0
(14) None: 0
(15) None: 0
(16) None: 0
(17) None: 0
----------------------------------------
Ngay: 8/6/2022 - Thoi gian: 16:0
(1) : 0
(2) None: 0
(3) None: 0
(4) Yakuza Families: 0
(5) None: 0
(6) **ChoiGtaXXX**: 0
(7) None: 0
(8) None: 0
(9) None: 0
(10) DANG CONG SAN DAN CHU TU NGUYEN: 0
(11) Viet Nam Dan chu Cong hoa: 0
(12) None: 0
(13) None: 0
(14) None: 0
(15) None: 0
(16) None: 0
(17) None: 0
----------------------------------------
Ngay: 8/6/2022 - Thoi gian: 17:1
(1) : 0
(2) None: 0
(3) None: 0
(4) Yakuza Families: 0
(5) None: 0
(6) **ChoiGtaXXX**: 0
(7) None: 0
(8) None: 0
(9) None: 0
(10) DANG CONG SAN DAN CHU TU NGUYEN: 0
(11) Viet Nam Dan chu Cong hoa: 0
(12) None: 0
(13) None: 0
(14) None: 0
(15) None: 0
(16) None: 0
(17) None: 0
----------------------------------------
Ngay: 8/6/2022 - Thoi gian: 18:0
(1) : 0
(2) None: 0
(3) None: 0
(4) Yakuza Families: 0
(5) None: 0
(6) **ChoiGtaXXX**: 0
(7) None: 0
(8) None: 0
(9) None: 0
(10) DANG CONG SAN DAN CHU TU NGUYEN: 0
(11) Viet Nam Dan chu Cong hoa: 0
(12) None: 0
(13) None: 0
(14) None: 0
(15) None: 0
(16) None: 0
(17) None: 0
----------------------------------------
Ngay: 8/6/2022 - Thoi gian: 19:0
(1) : 0
(2) None: 0
(3) None: 0
(4) Yakuza Families: 0
(5) None: 0
(6) **ChoiGtaXXX**: 0
(7) None: 0
(8) None: 0
(9) None: 0
(10) DANG CONG SAN DAN CHU TU NGUYEN: 0
(11) Viet Nam Dan chu Cong hoa: 0
(12) None: 0
(13) None: 0
(14) None: 0
(15) None: 0
(16) None: 0
(17) None: 0
----------------------------------------
Ngay: 8/6/2022 - Thoi gian: 20:1
(1) : 0
(2) None: 0
(3) None: 0
(4) Yakuza Families: 0
(5) None: 0
(6) **ChoiGtaXXX**: 0
(7) None: 0
(8) None: 0
(9) None: 0
(10) DANG CONG SAN DAN CHU TU NGUYEN: 0
(11) Viet Nam Dan chu Cong hoa: 0
(12) None: 0
(13) None: 0
(14) None: 0
(15) None: 0
(16) None: 0
(17) None: 0
----------------------------------------
Ngay: 8/6/2022 - Thoi gian: 21:0
(1) : 0
(2) None: 0
(3) None: 0
(4) Yakuza Families: 0
(5) None: 0
(6) **ChoiGtaXXX**: 0
(7) None: 0
(8) None: 0
(9) None: 0
(10) DANG CONG SAN DAN CHU TU NGUYEN: 0
(11) Viet Nam Dan chu Cong hoa: 0
(12) None: 0
(13) None: 0
(14) None: 0
(15) None: 0
(16) None: 0
(17) None: 0
----------------------------------------
Ngay: 8/6/2022 - Thoi gian: 22:0
(1) : 0
(2) None: 0
(3) None: 0
(4) Yakuza Families: 0
(5) None: 0
(6) **ChoiGtaXXX**: 0
(7) None: 0
(8) None: 0
(9) None: 0
(10) DANG CONG SAN DAN CHU TU NGUYEN: 0
(11) Viet Nam Dan chu Cong hoa: 0
(12) None: 0
(13) None: 0
(14) None: 0
(15) None: 0
(16) None: 0
(17) None: 0
----------------------------------------
Ngay: 8/6/2022 - Thoi gian: 23:0
(1) : 0
(2) None: 0
(3) None: 0
(4) Yakuza Families: 0
(5) None: 0
(6) **ChoiGtaXXX**: 0
(7) None: 0
(8) None: 0
(9) None: 0
(10) DANG CONG SAN DAN CHU TU NGUYEN: 0
(11) Viet Nam Dan chu Cong hoa: 0
(12) None: 0
(13) None: 0
(14) None: 0
(15) None: 0
(16) None: 0
(17) None: 0
----------------------------------------
Ngay: 8/7/2022 - Thoi gian: 0:0
(1) : 0
(2) None: 0
(3) None: 0
(4) Yakuza Families: 0
(5) None: 0
(6) **ChoiGtaXXX**: 0
(7) None: 0
(8) None: 0
(9) None: 0
(10) DANG CONG SAN DAN CHU TU NGUYEN: 0
(11) Viet Nam Dan chu Cong hoa: 0
(12) None: 0
(13) None: 0
(14) None: 0
(15) None: 0
(16) None: 0
(17) None: 0
----------------------------------------
Ngay: 8/7/2022 - Thoi gian: 1:0
(1) : 0
(2) None: 0
(3) None: 0
(4) Yakuza Families: 0
(5) None: 0
(6) **ChoiGtaXXX**: 0
(7) None: 0
(8) None: 0
(9) None: 0
(10) DANG CONG SAN DAN CHU TU NGUYEN: 0
(11) Viet Nam Dan chu Cong hoa: 0
(12) None: 0
(13) None: 0
(14) None: 0
(15) None: 0
(16) None: 0
(17) None: 0
----------------------------------------
Ngay: 8/7/2022 - Thoi gian: 2:0
(1) : 0
(2) None: 0
(3) None: 0
(4) Yakuza Families: 0
(5) None: 0
(6) **ChoiGtaXXX**: 0
(7) None: 0
(8) None: 0
(9) None: 0
(10) DANG CONG SAN DAN CHU TU NGUYEN: 0
(11) Viet Nam Dan chu Cong hoa: 0
(12) None: 0
(13) None: 0
(14) None: 0
(15) None: 0
(16) None: 0
(17) None: 0
----------------------------------------
Ngay: 8/7/2022 - Thoi gian: 3:0
(1) : 0
(2) None: 0
(3) None: 0
(4) Yakuza Families: 0
(5) None: 0
(6) **ChoiGtaXXX**: 0
(7) None: 0
(8) None: 0
(9) None: 0
(10) DANG CONG SAN DAN CHU TU NGUYEN: 0
(11) Viet Nam Dan chu Cong hoa: 0
(12) None: 0
(13) None: 0
(14) None: 0
(15) None: 0
(16) None: 0
(17) None: 0
----------------------------------------
Ngay: 8/7/2022 - Thoi gian: 4:0
(1) : 0
(2) None: 0
(3) None: 0
(4) Yakuza Families: 0
(5) None: 0
(6) **ChoiGtaXXX**: 0
(7) None: 0
(8) None: 0
(9) None: 0
(10) DANG CONG SAN DAN CHU TU NGUYEN: 0
(11) Viet Nam Dan chu Cong hoa: 0
(12) None: 0
(13) None: 0
(14) None: 0
(15) None: 0
(16) None: 0
(17) None: 0
----------------------------------------
Ngay: 8/7/2022 - Thoi gian: 5:0
(1) : 0
(2) None: 0
(3) None: 0
(4) Yakuza Families: 0
(5) None: 0
(6) **ChoiGtaXXX**: 0
(7) None: 0
(8) None: 0
(9) None: 0
(10) DANG CONG SAN DAN CHU TU NGUYEN: 0
(11) Viet Nam Dan chu Cong hoa: 0
(12) None: 0
(13) None: 0
(14) None: 0
(15) None: 0
(16) None: 0
(17) None: 0
----------------------------------------
Ngay: 8/7/2022 - Thoi gian: 6:0
(1) : 0
(2) None: 0
(3) None: 0
(4) Yakuza Families: 0
(5) None: 0
(6) **ChoiGtaXXX**: 0
(7) None: 0
(8) None: 0
(9) None: 0
(10) DANG CONG SAN DAN CHU TU NGUYEN: 0
(11) Viet Nam Dan chu Cong hoa: 0
(12) None: 0
(13) None: 0
(14) None: 0
(15) None: 0
(16) None: 0
(17) None: 0
----------------------------------------
Ngay: 8/7/2022 - Thoi gian: 7:0
(1) : 0
(2) None: 0
(3) None: 0
(4) Yakuza Families: 0
(5) None: 0
(6) **ChoiGtaXXX**: 0
(7) None: 0
(8) None: 0
(9) None: 0
(10) DANG CONG SAN DAN CHU TU NGUYEN: 0
(11) Viet Nam Dan chu Cong hoa: 0
(12) None: 0
(13) None: 0
(14) None: 0
(15) None: 0
(16) None: 0
(17) None: 0
----------------------------------------
Ngay: 8/7/2022 - Thoi gian: 8:0
(1) : 0
(2) None: 0
(3) None: 0
(4) Yakuza Families: 0
(5) None: 0
(6) **ChoiGtaXXX**: 0
(7) None: 0
(8) None: 0
(9) None: 0
(10) DANG CONG SAN DAN CHU TU NGUYEN: 0
(11) Viet Nam Dan chu Cong hoa: 0
(12) None: 0
(13) None: 0
(14) None: 0
(15) None: 0
(16) None: 0
(17) None: 0
----------------------------------------
Ngay: 8/7/2022 - Thoi gian: 9:1
(1) : 0
(2) None: 0
(3) None: 0
(4) Yakuza Families: 0
(5) None: 0
(6) **ChoiGtaXXX**: 0
(7) None: 0
(8) None: 0
(9) None: 0
(10) DANG CONG SAN DAN CHU TU NGUYEN: 0
(11) Viet Nam Dan chu Cong hoa: 0
(12) None: 0
(13) None: 0
(14) None: 0
(15) None: 0
(16) None: 0
(17) None: 0
----------------------------------------
Ngay: 8/7/2022 - Thoi gian: 10:0
(1) : 0
(2) None: 0
(3) None: 0
(4) Yakuza Families: 0
(5) None: 0
(6) **ChoiGtaXXX**: 0
(7) None: 0
(8) None: 0
(9) None: 0
(10) DANG CONG SAN DAN CHU TU NGUYEN: 0
(11) Viet Nam Dan chu Cong hoa: 0
(12) None: 0
(13) None: 0
(14) None: 0
(15) None: 0
(16) None: 0
(17) None: 0
----------------------------------------
Ngay: 8/7/2022 - Thoi gian: 11:0
(1) : 0
(2) None: 0
(3) None: 0
(4) Yakuza Families: 0
(5) None: 0
(6) **ChoiGtaXXX**: 0
(7) None: 0
(8) None: 0
(9) None: 0
(10) DANG CONG SAN DAN CHU TU NGUYEN: 0
(11) Viet Nam Dan chu Cong hoa: 0
(12) None: 0
(13) None: 0
(14) None: 0
(15) None: 0
(16) None: 0
(17) None: 0
----------------------------------------
Ngay: 8/7/2022 - Thoi gian: 12:0
(1) : 0
(2) None: 0
(3) None: 0
(4) Yakuza Families: 0
(5) None: 0
(6) **ChoiGtaXXX**: 0
(7) None: 0
(8) None: 0
(9) None: 0
(10) DANG CONG SAN DAN CHU TU NGUYEN: 0
(11) Viet Nam Dan chu Cong hoa: 0
(12) None: 0
(13) None: 0
(14) None: 0
(15) None: 0
(16) None: 0
(17) None: 0
----------------------------------------
Ngay: 8/7/2022 - Thoi gian: 13:0
(1) : 0
(2) None: 0
(3) None: 0
(4) Yakuza Families: 0
(5) None: 0
(6) **ChoiGtaXXX**: 0
(7) None: 0
(8) None: 0
(9) None: 0
(10) DANG CONG SAN DAN CHU TU NGUYEN: 0
(11) Viet Nam Dan chu Cong hoa: 0
(12) None: 0
(13) None: 0
(14) None: 0
(15) None: 0
(16) None: 0
(17) None: 0
----------------------------------------
Ngay: 8/7/2022 - Thoi gian: 14:0
(1) : 0
(2) None: 0
(3) None: 0
(4) Yakuza Families: 0
(5) None: 0
(6) **ChoiGtaXXX**: 0
(7) None: 0
(8) None: 0
(9) None: 0
(10) DANG CONG SAN DAN CHU TU NGUYEN: 0
(11) Viet Nam Dan chu Cong hoa: 0
(12) None: 0
(13) None: 0
(14) None: 0
(15) None: 0
(16) None: 0
(17) None: 0
----------------------------------------
Ngay: 8/7/2022 - Thoi gian: 15:0
(1) : 0
(2) None: 0
(3) None: 0
(4) Yakuza Families: 0
(5) None: 0
(6) **ChoiGtaXXX**: 0
(7) None: 0
(8) None: 0
(9) None: 0
(10) DANG CONG SAN DAN CHU TU NGUYEN: 0
(11) Viet Nam Dan chu Cong hoa: 0
(12) None: 0
(13) None: 0
(14) None: 0
(15) None: 0
(16) None: 0
(17) None: 0
----------------------------------------
Ngay: 8/7/2022 - Thoi gian: 16:0
(1) : 0
(2) None: 0
(3) None: 0
(4) Yakuza Families: 0
(5) None: 0
(6) **ChoiGtaXXX**: 0
(7) None: 0
(8) None: 0
(9) None: 0
(10) DANG CONG SAN DAN CHU TU NGUYEN: 0
(11) Viet Nam Dan chu Cong hoa: 0
(12) None: 0
(13) None: 0
(14) None: 0
(15) None: 0
(16) None: 0
(17) None: 0
----------------------------------------
Ngay: 8/7/2022 - Thoi gian: 17:2
(1) : 0
(2) None: 0
(3) None: 0
(4) Yakuza Families: 0
(5) None: 0
(6) **ChoiGtaXXX**: 0
(7) None: 0
(8) None: 0
(9) None: 0
(10) DANG CONG SAN DAN CHU TU NGUYEN: 0
(11) Viet Nam Dan chu Cong hoa: 0
(12) None: 0
(13) None: 0
(14) None: 0
(15) None: 0
(16) None: 0
(17) None: 0
----------------------------------------
Ngay: 8/7/2022 - Thoi gian: 18:0
(1) : 0
(2) None: 0
(3) None: 0
(4) Yakuza Families: 0
(5) None: 0
(6) **ChoiGtaXXX**: 0
(7) None: 0
(8) None: 0
(9) None: 0
(10) DANG CONG SAN DAN CHU TU NGUYEN: 0
(11) Viet Nam Dan chu Cong hoa: 0
(12) None: 0
(13) None: 0
(14) None: 0
(15) None: 0
(16) None: 0
(17) None: 0
----------------------------------------
Ngay: 8/7/2022 - Thoi gian: 19:0
(1) : 0
(2) None: 0
(3) None: 0
(4) Yakuza Families: 0
(5) None: 0
(6) **ChoiGtaXXX**: 0
(7) None: 0
(8) None: 0
(9) None: 0
(10) DANG CONG SAN DAN CHU TU NGUYEN: 0
(11) Viet Nam Dan chu Cong hoa: 0
(12) None: 0
(13) None: 0
(14) None: 0
(15) None: 0
(16) None: 0
(17) None: 0
----------------------------------------
Ngay: 8/7/2022 - Thoi gian: 20:0
(1) : 0
(2) None: 0
(3) None: 0
(4) Yakuza Families: 0
(5) None: 0
(6) **ChoiGtaXXX**: 0
(7) None: 0
(8) None: 0
(9) None: 0
(10) DANG CONG SAN DAN CHU TU NGUYEN: 0
(11) Viet Nam Dan chu Cong hoa: 0
(12) None: 0
(13) None: 0
(14) None: 0
(15) None: 0
(16) None: 0
(17) None: 0
----------------------------------------
Ngay: 8/7/2022 - Thoi gian: 21:0
(1) : 0
(2) None: 0
(3) None: 0
(4) Yakuza Families: 0
(5) None: 0
(6) **ChoiGtaXXX**: 0
(7) None: 0
(8) None: 0
(9) None: 0
(10) DANG CONG SAN DAN CHU TU NGUYEN: 0
(11) Viet Nam Dan chu Cong hoa: 0
(12) None: 0
(13) None: 0
(14) None: 0
(15) None: 0
(16) None: 0
(17) None: 0
----------------------------------------
Ngay: 8/7/2022 - Thoi gian: 22:0
(1) : 0
(2) None: 0
(3) None: 0
(4) Yakuza Families: 0
(5) None: 0
(6) **ChoiGtaXXX**: 0
(7) None: 0
(8) None: 0
(9) None: 0
(10) DANG CONG SAN DAN CHU TU NGUYEN: 0
(11) Viet Nam Dan chu Cong hoa: 0
(12) None: 0
(13) None: 0
(14) None: 0
(15) None: 0
(16) None: 0
(17) None: 0
----------------------------------------
Ngay: 8/7/2022 - Thoi gian: 23:0
(1) : 0
(2) None: 0
(3) None: 0
(4) Yakuza Families: 0
(5) None: 0
(6) **ChoiGtaXXX**: 0
(7) None: 0
(8) None: 0
(9) None: 0
(10) DANG CONG SAN DAN CHU TU NGUYEN: 0
(11) Viet Nam Dan chu Cong hoa: 0
(12) None: 0
(13) None: 0
(14) None: 0
(15) None: 0
(16) None: 0
(17) None: 0
----------------------------------------
Ngay: 8/8/2022 - Thoi gian: 0:0
(1) : 0
(2) None: 0
(3) None: 0
(4) Yakuza Families: 0
(5) None: 0
(6) **ChoiGtaXXX**: 0
(7) None: 0
(8) None: 0
(9) None: 0
(10) DANG CONG SAN DAN CHU TU NGUYEN: 0
(11) Viet Nam Dan chu Cong hoa: 0
(12) None: 0
(13) None: 0
(14) None: 0
(15) None: 0
(16) None: 0
(17) None: 0
----------------------------------------
Ngay: 8/8/2022 - Thoi gian: 1:1
(1) : 0
(2) None: 0
(3) None: 0
(4) Yakuza Families: 0
(5) None: 0
(6) **ChoiGtaXXX**: 0
(7) None: 0
(8) None: 0
(9) None: 0
(10) DANG CONG SAN DAN CHU TU NGUYEN: 0
(11) Viet Nam Dan chu Cong hoa: 0
(12) None: 0
(13) None: 0
(14) None: 0
(15) None: 0
(16) None: 0
(17) None: 0
----------------------------------------
Ngay: 8/8/2022 - Thoi gian: 2:0
(1) : 0
(2) None: 0
(3) None: 0
(4) Yakuza Families: 0
(5) None: 0
(6) **ChoiGtaXXX**: 0
(7) None: 0
(8) None: 0
(9) None: 0
(10) DANG CONG SAN DAN CHU TU NGUYEN: 0
(11) Viet Nam Dan chu Cong hoa: 0
(12) None: 0
(13) None: 0
(14) None: 0
(15) None: 0
(16) None: 0
(17) None: 0
----------------------------------------
Ngay: 8/8/2022 - Thoi gian: 3:0
(1) : 0
(2) None: 0
(3) None: 0
(4) Yakuza Families: 0
(5) None: 0
(6) **ChoiGtaXXX**: 0
(7) None: 0
(8) None: 0
(9) None: 0
(10) DANG CONG SAN DAN CHU TU NGUYEN: 0
(11) Viet Nam Dan chu Cong hoa: 0
(12) None: 0
(13) None: 0
(14) None: 0
(15) None: 0
(16) None: 0
(17) None: 0
----------------------------------------
Ngay: 8/8/2022 - Thoi gian: 4:1
(1) : 0
(2) None: 0
(3) None: 0
(4) Yakuza Families: 0
(5) None: 0
(6) **ChoiGtaXXX**: 0
(7) None: 0
(8) None: 0
(9) None: 0
(10) DANG CONG SAN DAN CHU TU NGUYEN: 0
(11) Viet Nam Dan chu Cong hoa: 0
(12) None: 0
(13) None: 0
(14) None: 0
(15) None: 0
(16) None: 0
(17) None: 0
----------------------------------------
Ngay: 8/8/2022 - Thoi gian: 5:0
(1) : 0
(2) None: 0
(3) None: 0
(4) Yakuza Families: 0
(5) None: 0
(6) **ChoiGtaXXX**: 0
(7) None: 0
(8) None: 0
(9) None: 0
(10) DANG CONG SAN DAN CHU TU NGUYEN: 0
(11) Viet Nam Dan chu Cong hoa: 0
(12) None: 0
(13) None: 0
(14) None: 0
(15) None: 0
(16) None: 0
(17) None: 0
----------------------------------------
Ngay: 8/8/2022 - Thoi gian: 6:0
(1) : 0
(2) None: 0
(3) None: 0
(4) Yakuza Families: 0
(5) None: 0
(6) **ChoiGtaXXX**: 0
(7) None: 0
(8) None: 0
(9) None: 0
(10) DANG CONG SAN DAN CHU TU NGUYEN: 0
(11) Viet Nam Dan chu Cong hoa: 0
(12) None: 0
(13) None: 0
(14) None: 0
(15) None: 0
(16) None: 0
(17) None: 0
----------------------------------------
Ngay: 8/8/2022 - Thoi gian: 7:1
(1) : 0
(2) None: 0
(3) None: 0
(4) Yakuza Families: 0
(5) None: 0
(6) **ChoiGtaXXX**: 0
(7) None: 0
(8) None: 0
(9) None: 0
(10) DANG CONG SAN DAN CHU TU NGUYEN: 0
(11) Viet Nam Dan chu Cong hoa: 0
(12) None: 0
(13) None: 0
(14) None: 0
(15) None: 0
(16) None: 0
(17) None: 0
----------------------------------------
Ngay: 8/8/2022 - Thoi gian: 8:0
(1) : 0
(2) None: 0
(3) None: 0
(4) Yakuza Families: 0
(5) None: 0
(6) **ChoiGtaXXX**: 0
(7) None: 0
(8) None: 0
(9) None: 0
(10) DANG CONG SAN DAN CHU TU NGUYEN: 0
(11) Viet Nam Dan chu Cong hoa: 0
(12) None: 0
(13) None: 0
(14) None: 0
(15) None: 0
(16) None: 0
(17) None: 0
----------------------------------------
Ngay: 8/8/2022 - Thoi gian: 9:0
(1) : 0
(2) None: 0
(3) None: 0
(4) Yakuza Families: 0
(5) None: 0
(6) **ChoiGtaXXX**: 0
(7) None: 0
(8) None: 0
(9) None: 0
(10) DANG CONG SAN DAN CHU TU NGUYEN: 0
(11) Viet Nam Dan chu Cong hoa: 0
(12) None: 0
(13) None: 0
(14) None: 0
(15) None: 0
(16) None: 0
(17) None: 0
----------------------------------------
Ngay: 8/8/2022 - Thoi gian: 10:1
(1) : 0
(2) None: 0
(3) None: 0
(4) Yakuza Families: 0
(5) None: 0
(6) **ChoiGtaXXX**: 0
(7) None: 0
(8) None: 0
(9) None: 0
(10) DANG CONG SAN DAN CHU TU NGUYEN: 0
(11) Viet Nam Dan chu Cong hoa: 0
(12) None: 0
(13) None: 0
(14) None: 0
(15) None: 0
(16) None: 0
(17) None: 0
----------------------------------------
Ngay: 8/8/2022 - Thoi gian: 11:0
(1) : 0
(2) None: 0
(3) None: 0
(4) Yakuza Families: 0
(5) None: 0
(6) **ChoiGtaXXX**: 0
(7) None: 0
(8) None: 0
(9) None: 0
(10) DANG CONG SAN DAN CHU TU NGUYEN: 0
(11) Viet Nam Dan chu Cong hoa: 0
(12) None: 0
(13) None: 0
(14) None: 0
(15) None: 0
(16) None: 0
(17) None: 0
----------------------------------------
Ngay: 8/8/2022 - Thoi gian: 12:0
(1) : 0
(2) None: 0
(3) None: 0
(4) Yakuza Families: 0
(5) None: 0
(6) **ChoiGtaXXX**: 0
(7) None: 0
(8) None: 0
(9) None: 0
(10) DANG CONG SAN DAN CHU TU NGUYEN: 0
(11) Viet Nam Dan chu Cong hoa: 0
(12) None: 0
(13) None: 0
(14) None: 0
(15) None: 0
(16) None: 0
(17) None: 0
----------------------------------------
Ngay: 8/8/2022 - Thoi gian: 13:0
(1) : 0
(2) None: 0
(3) None: 0
(4) Yakuza Families: 0
(5) None: 0
(6) **ChoiGtaXXX**: 0
(7) None: 0
(8) None: 0
(9) None: 0
(10) DANG CONG SAN DAN CHU TU NGUYEN: 0
(11) Viet Nam Dan chu Cong hoa: 0
(12) None: 0
(13) None: 0
(14) None: 0
(15) None: 0
(16) None: 0
(17) None: 0
----------------------------------------
Ngay: 8/8/2022 - Thoi gian: 14:0
(1) : 0
(2) None: 0
(3) None: 0
(4) Yakuza Families: 0
(5) None: 0
(6) **ChoiGtaXXX**: 0
(7) None: 0
(8) None: 0
(9) None: 0
(10) DANG CONG SAN DAN CHU TU NGUYEN: 0
(11) Viet Nam Dan chu Cong hoa: 0
(12) None: 0
(13) None: 0
(14) None: 0
(15) None: 0
(16) None: 0
(17) None: 0
----------------------------------------
Ngay: 8/8/2022 - Thoi gian: 15:0
(1) : 0
(2) None: 0
(3) None: 0
(4) Yakuza Families: 0
(5) None: 0
(6) **ChoiGtaXXX**: 0
(7) None: 0
(8) None: 0
(9) None: 0
(10) DANG CONG SAN DAN CHU TU NGUYEN: 0
(11) Viet Nam Dan chu Cong hoa: 0
(12) None: 0
(13) None: 0
(14) None: 0
(15) None: 0
(16) None: 0
(17) None: 0
----------------------------------------
Ngay: 8/8/2022 - Thoi gian: 16:0
(1) : 0
(2) None: 0
(3) None: 0
(4) Yakuza Families: 0
(5) None: 0
(6) **ChoiGtaXXX**: 0
(7) None: 0
(8) None: 0
(9) None: 0
(10) DANG CONG SAN DAN CHU TU NGUYEN: 0
(11) Viet Nam Dan chu Cong hoa: 0
(12) None: 0
(13) None: 0
(14) None: 0
(15) None: 0
(16) None: 0
(17) None: 0
----------------------------------------
Ngay: 8/8/2022 - Thoi gian: 17:0
(1) : 0
(2) None: 0
(3) None: 0
(4) Yakuza Families: 0
(5) None: 0
(6) **ChoiGtaXXX**: 0
(7) None: 0
(8) None: 0
(9) None: 0
(10) DANG CONG SAN DAN CHU TU NGUYEN: 0
(11) Viet Nam Dan chu Cong hoa: 0
(12) None: 0
(13) None: 0
(14) None: 0
(15) None: 0
(16) None: 0
(17) None: 0
