[2020/12/7 - 14:04:57] Dawkin Nguyen has edited GateID 0's Position.
[2020/12/7 - 14:08:16] Dawkin Nguyen has edited GateID 0's Model to 3528.
[2020/12/7 - 14:08:23] Dawkin Nguyen has edited GateID 0's Model to 3528.
[2020/12/7 - 14:08:24] Dawkin Nguyen has edited GateID 0's Model to 3528.
[2020/12/7 - 14:12:33] Dawkin Nguyen has edited GateID 0's Model to 3524.
[2020/12/7 - 14:19:02] Dawkin Nguyen has edited GateID 0's Model to 3524.
[2020/12/7 - 14:19:04] Dawkin Nguyen has edited GateID 0's Model to 3525.
[2020/12/7 - 14:19:06] Dawkin Nguyen has edited GateID 0's Model to 3528.
[2020/12/7 - 14:19:08] Dawkin Nguyen has edited GateID 0's Model to 3524.
[2020/12/20 - 11:27:51] Daniel James has edited GateID 1's Model to 19076.
[2020/12/20 - 11:35:01] Daniel James has edited GateID 1's Model to 19076.
[2020/12/20 - 11:35:10] Daniel James has edited GateID 1's Position.
[2020/12/20 - 12:02:04] Daniel James has edited GateID 2's Model to 19129.
[2020/12/20 - 12:02:09] Daniel James has edited GateID 2's Position.
[2020/12/26 - 12:58:53] GsViet has edited GateID 3's Model to 2480.
[2020/12/26 - 13:01:48] GsViet has edited GateID 3's Position.
[2020/12/26 - 13:06:26] GsViet has edited GateID 4's Model to 8375.
[2020/12/26 - 13:06:36] GsViet has edited GateID 4's Position.
[2020/12/26 - 13:08:48] GsViet has edited GateID 4's Model to 3665.
[2020/12/26 - 13:08:58] GsViet has edited GateID 4's Position.
[2020/12/26 - 13:12:33] GsViet has edited GateID 4's Model to 1513.
[2020/12/26 - 13:13:03] GsViet has edited GateID 4's Model to 2005.
[2020/12/26 - 13:13:45] GsViet has edited GateID 4's Model to 1244.
[2020/12/26 - 13:14:54] GsViet has edited GateID 4's Model to 1338.
[2020/12/26 - 13:15:21] GsViet has edited GateID 4's Model to 1346.
[2020/12/26 - 13:16:15] GsViet has edited GateID 4's Model to 920.
[2020/12/26 - 13:16:41] GsViet has edited GateID 4's Model to 11406.
[2020/12/26 - 13:17:15] GsViet has edited GateID 4's Model to 3474.
[2020/12/26 - 13:17:30] GsViet has edited GateID 4's Model to 11401.
[2020/12/26 - 13:17:52] GsViet has edited GateID 4's Model to 1386.
[2020/12/26 - 13:17:59] GsViet has edited GateID 4's Model to 1386.
[2020/12/26 - 13:18:12] GsViet has edited GateID 4's Model to 1387.
[2020/12/26 - 13:18:21] GsViet has edited GateID 4's Model to 1390.
[2020/12/26 - 13:18:42] GsViet has edited GateID 4's Model to 11400.
[2020/12/26 - 13:19:39] GsViet has edited GateID 4's Model to 1390.
[2020/12/26 - 13:23:37] GsViet has edited GateID 4's Model to 1327.
[2020/12/27 - 12:30:25] GsViet has edited GateID 968's Model to 1.
[2020/12/27 - 12:30:32] GsViet has edited GateID 968's Position.
[2020/12/27 - 12:30:39] GsViet has edited GateID 968's Position.
[2020/12/27 - 12:31:45] GsViet has edited GateID 968's Model to 968.
[2020/12/27 - 12:39:25] GsViet has edited GateID 968's Speed to 10.000.
[2020/12/27 - 12:39:33] GsViet has edited GateID 968's Speed to 100.000.
[2020/12/27 - 12:39:39] GsViet has edited GateID 968's Speed to 1000.000.
[2020/12/27 - 12:39:46] GsViet has edited GateID 968's Speed to 10000.000.
[2020/12/27 - 12:40:30] GsViet has edited GateID 968's Speed to -10.000.
[2020/12/27 - 12:40:41] GsViet has edited GateID 968's Speed to 1.000.
[2020/12/27 - 12:40:50] GsViet has edited GateID 968's Speed to 1.000.
[2020/12/27 - 12:40:52] GsViet has edited GateID 968's Speed to 1.000.
[2020/12/27 - 12:41:11] GsViet has edited GateID 968's Speed to 1.000.
[2020/12/27 - 12:42:44] GsViet has edited GateID 968's Speed to -1.000.
[2020/12/27 - 12:42:58] GsViet has edited GateID 968's Speed to 1.000.
[2020/12/27 - 12:44:32] GsViet has edited GateID 968's Speed to 10.000.
[2020/12/27 - 12:45:59] GsViet has edited GateID 968's Group ID to 1.
[2020/12/27 - 12:46:38] GsViet has edited GateID 968's Group ID to 1.
[2020/12/27 - 12:51:19] GsViet has edited GateID 968's Group ID to 0.
[2020/12/27 - 12:53:33] GsViet has edited GateID 5's Model to 968.
[2020/12/27 - 12:53:39] GsViet has edited GateID 5's Position.
[2020/12/27 - 12:59:21] GsViet has edited GateID 5's Group ID to 0.
[2020/12/27 - 12:59:48] GsViet has edited GateID 5's Speed to 10.000.
[2020/12/27 - 13:01:24] GsViet has edited GateID 5's Range to 1.000.
[2020/12/27 - 13:01:44] GsViet has edited GateID 5's Range to 15.000.
[2020/12/27 - 13:01:49] GsViet has edited GateID 5's Range to 5.000.
[2020/12/27 - 13:02:14] GsViet has edited GateID 968's Range to 5.000.
[2020/12/27 - 13:02:46] GsViet has edited GateID 968's Range to 10.000.
[2020/12/27 - 13:02:51] GsViet has edited GateID 5's Range to 10.000.
[2020/12/27 - 14:21:56] Daniel James has edited GateID 6's Model to 4639.
[2020/12/27 - 14:23:46] Daniel James has edited GateID 6's Position.
[2020/12/27 - 14:35:40] Daniel James has edited GateID 1's Model to 8168.
[2020/12/27 - 14:35:46] Daniel James has edited GateID 1's Position.
[2020/12/27 - 14:44:44] GsViet has edited GateID 0's Model to 8168.
[2020/12/27 - 14:44:52] GsViet has edited GateID 0's Position.
[2020/12/27 - 16:39:52] GsViet has edited GateID 2's Model to 5837.
[2020/12/27 - 16:39:59] GsViet has edited GateID 2's Position.
[2020/12/27 - 16:42:32] GsViet has edited GateID 2's Model to 4642.
[2020/12/27 - 16:42:37] GsViet has edited GateID 2's Position.
[2020/12/27 - 16:43:25] GsViet has edited GateID 2's Model to 18861.
[2020/12/27 - 16:43:26] GsViet has edited GateID 2's Position.
[2020/12/27 - 16:44:42] GsViet has edited GateID 2's Model to 8620.
[2020/12/27 - 16:46:23] GsViet has edited GateID 2's Model to 967.
[2020/12/27 - 16:47:46] GsViet has edited GateID 2's Model to 3430.
