[2022/7/28 - 7:32:51] ** LSPD Chief of Police Khac Diepa: k **
[2022/7/28 - 12:54:52] ** Bo Y Te Fire Chief NguyenKhoi Rose: BO Y TE THONG BAO [ MIC/ON ] **
[2022/7/28 - 12:55:20] ** Bo Y Te Fire Chief NguyenKhoi Rose: Hien Tai Ai chua Co Bao Hiem Y Te thi hay den benh vien de Mua **
[2022/7/28 - 12:55:55] ** Bo Y Te Fire Chief NguyenKhoi Rose: Benh Vien Dang Mo cua Nen ba con co van de gi ve suc khoe **
[2022/7/28 - 12:56:15] ** Bo Y Te Fire Chief NguyenKhoi Rose: Hay Den Benh Vien de dieu tri  **
[2022/7/28 - 12:56:27] ** Bo Y Te Fire Chief NguyenKhoi Rose: Xin Cam On ba con da lang Nghe **
[2022/7/28 - 12:56:38] ** Bo Y Te Fire Chief NguyenKhoi Rose: BO Y TE [MIC/OFF] **
[2022/7/28 - 13:21:09] ** CAND Chief of Police Kido: am thanh mo loa "xoet xoet " **
[2022/7/30 - 8:10:56] ** Bo Y Te Fire Chief NguyenKhoi Rose: BO Y TE THONG BAO **
[2022/7/30 - 8:11:26] ** Bo Y Te Fire Chief NguyenKhoi Rose: Hien Tai O benh vien Dang Co Le Tu Thien cho Nguoi dan Ngheo **
[2022/7/30 - 8:12:02] ** Bo Y Te Fire Chief NguyenKhoi Rose: Ba Con Nao khong co tien an Uong  **
[2022/7/30 - 8:12:22] ** Bo Y Te Fire Chief NguyenKhoi Rose: Hay Lai truoc benh vien va duoc nhan tien tu Bo y te **
[2022/7/30 - 8:12:39] ** Bo Y Te Fire Chief NguyenKhoi Rose: Xin Cam On Ba con da lang nghe **
[2022/7/30 - 8:12:53] ** Bo Y Te Fire Chief NguyenKhoi Rose: BO Y TE [MIC/OFF] **
[2022/7/31 - 14:27:36] ** CAND Chief of Police khac diep: . **
[2022/8/1 - 14:43:06] ** CAND Chief of Police Wan Kane: *Am thanh mo loa **
[2022/8/1 - 14:43:21] ** CAND Chief of Police Wan Kane: Xin chao toan the nguoi dan tai thanh pho **
[2022/8/1 - 14:43:33] ** CAND Chief of Police Wan Kane: Toi la Canh Sat Truong Wan Kane **
[2022/8/1 - 14:43:48] ** CAND Chief of Police Wan Kane: Hien nay nhieu nguoi dan khong co bang lai xe **
[2022/8/1 - 14:44:08] ** CAND Chief of Police Wan Kane: Dat biet la cac tai xe trucker **
[2022/8/1 - 14:44:30] ** CAND Chief of Police Wan Kane: Vay nen yeu cau moi nguoi den toa thi chinh hoac UBND gan nhat **
[2022/8/1 - 14:44:56] ** CAND Chief of Police Wan Kane: De thi bang lai xe phuc vu cong tac ATGT cua Bo Cong An **
[2022/8/1 - 14:45:23] ** CAND Chief of Police Wan Kane: *Am thanh dong loa* Xeot xoet **
