[2016/10/23 - 11:21:01] Blake Script have made Blake Script the leader of the LSPD.
[2020/12/17 - 18:08:32] GsViet have made GsViet the leader of the Taxi Company.
[2020/12/17 - 18:26:04]  GsViet (rank 9) da cho GsViet rank 6 (Giam Doc Dieu Hanh) trong Taxi Company (4).
[2020/12/17 - 18:26:50] Giam Doc Dieu Hanh GsViet da dua GsViet's DIV den Quan Li trong Taxi Company (4).
[2020/12/18 - 4:52:03] GsViet have made GsViet the leader of the FBI.
[2020/12/18 - 5:37:38] GsViet have made GsViet the leader of the Taxi Company.
[2020/12/18 - 6:58:37] GsViet have made GsViet the leader of the SFPD.
[2020/12/18 - 7:07:26] GsViet da bo SFPD khoi rank 9
[2020/12/18 - 7:09:08] GsViet have made GsViet the leader of the SFPD.
[2020/12/18 - 7:25:28] GsViet da bo SFPD khoi rank 9
[2020/12/18 - 7:26:23] GsViet have made GsViet the leader of the SFPD.
[2020/12/18 - 7:26:34] GsViet have made GsViet the leader of the FBI.
[2020/12/18 - 7:33:14] GsViet have made GsViet the leader of the FDSA.
[2020/12/18 - 8:26:09] Daniel James have made Daniel James the leader of the SFPD.
[2020/12/18 - 10:30:59] GsViet have made GsViet the leader of the Taxi Company.
[2020/12/18 - 22:32:58] GsViet have made GsViet the leader of the LSPD.
[2020/12/18 - 22:33:26] GsViet have made GsViet the leader of the SFPD.
[2020/12/18 - 22:34:46] GsViet have made GsViet the leader of the FBI.
[2020/12/18 - 22:42:55] GsViet have made GsViet the leader of the SFPD.
[2020/12/18 - 23:08:15] GsViet have made GsViet the leader of the Taxi Company.
[2020/12/18 - 23:15:45] GsViet have made GsViet the leader of the SFPD.
[2020/12/18 - 23:15:58] GsViet have made GsViet the leader of the Taxi Company.
[2020/12/19 - 8:45:36] GsViet have made GsViet the leader of the SFPD.
[2020/12/19 - 14:45:34] Daniel James have made Daniel James the leader of the Taxi Company.
[2020/12/19 - 18:42:10] Shinn CuTe have made Shinn CuTe the leader of the Taxi Company.
[2020/12/19 - 21:20:22] Shinn CuTe have made Shinn CuTe the leader of the Taxi Company.
[2020/12/19 - 22:08:53] GsViet has respawned group ID 1 dynamic group vehicles.
[2020/12/19 - 22:12:07] GsViet have made GsViet the leader of the FBI.
[2020/12/19 - 22:12:21] GsViet have made GsViet the leader of the SFPD.
[2020/12/19 - 22:18:18] GsViet have made GsViet the leader of the FBI.
[2020/12/19 - 22:18:44] GsViet have made GsViet the leader of the SFPD.
[2020/12/19 - 22:20:30] GsViet has respawned group ID 1 dynamic group vehicles.
[2020/12/19 - 22:21:51] Chief of Police GsViet (rank 9) da cho GsViet rank 6 (Lieutenant) trong SFPD (1).
[2020/12/19 - 22:22:08] Lieutenant GsViet (rank 6) da cho GsViet rank 8 (Deputy Chief) trong SFPD (1).
[2020/12/19 - 22:34:27] GsViet have made GsViet the leader of the FDSA.
[2020/12/19 - 22:37:14] GsViet has respawned group ID 17 dynamic group vehicles.
[2020/12/19 - 22:37:23] GsViet has respawned group ID 17 dynamic group vehicles.
[2020/12/19 - 22:40:52] GsViet have made GsViet the leader of the Tu Phap.
[2020/12/19 - 22:41:23] GsViet have made GsViet the leader of the SFPD.
[2020/12/19 - 22:41:38] GsViet have made GsViet the leader of the Tu Phap.
[2020/12/19 - 22:57:49] GsViet has respawned group ID 17 dynamic group vehicles.
[2020/12/20 - 16:21:22] Shinn CuTe have made Shinn CuTe the leader of the SFPD.
[2020/12/20 - 22:14:38] GsViet has respawned group ID 17 dynamic group vehicles.
[2020/12/20 - 22:14:56] GsViet have made GsViet the leader of the SFPD.
[2020/12/20 - 22:15:00] GsViet has respawned group ID 1 dynamic group vehicles.
[2020/12/24 - 11:38:11] gsviet da bo SFPD khoi rank 9
[2020/12/24 - 12:43:59] gsviet have made gsviet the leader of the SFPD.
[2020/12/24 - 20:24:10] Shinn CuTe da bo SFPD khoi rank 9
[2020/12/24 - 23:14:28] Shinn CuTe have made Shinn CuTe the leader of the SFPD.
[2020/12/25 - 13:35:23] Daniel James have made Daniel James the leader of the SFPD.
[2020/12/25 - 17:01:43] gsviet da bo SFPD khoi rank 9
[2020/12/26 - 17:28:51] GsViet have made GsViet the leader of the SFPD.
[2020/12/26 - 17:31:01] GsViet da bo SFPD khoi rank 9
[2020/12/26 - 17:31:45] GsViet have made GsViet the leader of the SFPD.
[2020/12/27 - 12:14:59] GsViet da bo SFPD khoi rank 9
[2020/12/27 - 12:46:09] GsViet have made GsViet the leader of the SFPD.
[2020/12/27 - 12:52:29] GsViet da bo SFPD khoi rank 9
[2020/12/27 - 12:52:43] GsViet have made GsViet the leader of the SFPD.
[2020/12/27 - 12:52:48] GsViet have made GsViet the leader of the FBI.
[2020/12/27 - 12:52:54] GsViet have made GsViet the leader of the SFPD.
[2020/12/27 - 13:08:14] GsViet da bo SFPD khoi rank 9
[2020/12/27 - 13:21:01] GsViet have made GsViet the leader of the SFPD.
[2020/12/27 - 13:54:12] GsViet has respawned group ID 1 dynamic group vehicles.
[2020/12/27 - 13:55:52] GsViet has respawned group ID 1 dynamic group vehicles.
[2020/12/27 - 13:56:20] GsViet have made GsViet the leader of the Taxi Company.
[2020/12/27 - 13:57:53] GsViet has respawned group ID 4 dynamic group vehicles.
[2020/12/27 - 13:58:16] GsViet have made GsViet the leader of the FDSA.
[2020/12/27 - 13:58:35] GsViet have made GsViet the leader of the SFPD.
[2020/12/27 - 13:58:42] GsViet have made GsViet the leader of the FDSA.
[2020/12/27 - 14:10:30] GsViet have made GsViet the leader of the SFPD.
[2020/12/27 - 21:47:29] Daniel James have made Daniel James the leader of the SFPD.
[2021/3/19 - 18:43:40] Hung William have made Hung William the leader of the LSPD.
[2021/3/19 - 18:44:00] Hung William have made Hung William the leader of the San Andreas.
[2023/7/16 - 18:03:13] Diep have made Diep the leader of the LSPD.
[2023/7/16 - 18:04:14] Wick Mason have made Wick Mason the leader of the LSPD.
[2023/7/17 - 19:59:18] Diep have made Diep the leader of the LSPD.
[2023/7/17 - 19:59:25] Diep have made Diep the leader of the FBI.
[2023/7/17 - 20:06:57] Diep have made Diep the leader of the FDSA.
[2023/7/17 - 20:41:17] Rick have made Rick the leader of the LSPD.
