[2022/7/29 - 16:45:40] Nguyen Van A (ID 0) co the dang Hack vu khi (M4)
[2022/7/29 - 17:06:27] Nguyen Van B (ID 0) co the dang hack giap. (Recorded: 0.000000 - Current: 100.000000) (1)
[2022/7/29 - 17:08:37] Nguyen Van c (ID 0) co the dang hack giap. (Recorded: 0.000000 - Current: 100.000000) (1)
[2022/7/29 - 19:43:43] Nguyen Van B (ID 2) co the dang hack jetpack.
[2022/7/29 - 19:43:44] Nguyen Van B (ID 2) co the dang hack jetpack.
[2022/7/29 - 19:43:45] Nguyen Van B (ID 2) co the dang hack jetpack.
[2022/7/29 - 19:43:46] Nguyen Van B (ID 2) co the dang hack jetpack.
[2022/7/29 - 19:43:47] Nguyen Van B (ID 2) co the dang hack jetpack.
[2022/7/29 - 19:43:50] Nguyen Van B (ID 2) co the dang hack jetpack.
[2022/7/29 - 19:43:51] Nguyen Van B (ID 2) co the dang hack jetpack.
[2022/7/29 - 19:43:52] Nguyen Van B (ID 2) co the dang hack jetpack.
[2022/7/29 - 19:43:53] Nguyen Van B (ID 2) co the dang hack jetpack.
[2022/7/29 - 19:43:54] Nguyen Van B (ID 2) co the dang hack jetpack.
[2022/7/29 - 19:43:55] Nguyen Van B (ID 2) co the dang hack jetpack.
[2022/7/29 - 19:43:56] Nguyen Van B (ID 2) co the dang hack jetpack.
[2022/7/29 - 19:43:59] Nguyen Van B (ID 2) co the dang hack jetpack.
[2022/7/29 - 19:44:00] Nguyen Van B (ID 2) co the dang hack jetpack.
[2022/7/29 - 19:44:01] Nguyen Van B (ID 2) co the dang hack jetpack.
[2022/7/29 - 19:44:02] Nguyen Van B (ID 2) co the dang hack jetpack.
[2022/7/29 - 19:44:03] Nguyen Van B (ID 2) co the dang hack jetpack.
[2022/7/29 - 19:44:04] Nguyen Van B (ID 2) co the dang hack jetpack.
[2022/7/29 - 19:44:05] Nguyen Van B (ID 2) co the dang hack jetpack.
[2022/7/29 - 19:44:06] Nguyen Van B (ID 2) co the dang hack jetpack.
[2022/7/29 - 19:44:07] Nguyen Van B (ID 2) co the dang hack jetpack.
[2022/7/29 - 19:44:08] Nguyen Van B (ID 2) co the dang hack jetpack.
[2022/7/29 - 19:44:10] Nguyen Van B (ID 2) co the dang hack jetpack.
[2022/7/29 - 19:44:11] Nguyen Van B (ID 2) co the dang hack jetpack.
[2022/7/29 - 19:44:12] Nguyen Van B (ID 2) co the dang hack jetpack.
[2022/7/29 - 19:44:13] Nguyen Van B (ID 2) co the dang hack jetpack.
[2022/7/29 - 19:44:14] Nguyen Van B (ID 2) co the dang hack jetpack.
[2022/7/29 - 19:44:15] Nguyen Van B (ID 2) co the dang hack jetpack.
[2022/7/29 - 19:44:16] Nguyen Van B (ID 2) co the dang hack jetpack.
[2022/7/29 - 19:44:17] Nguyen Van B (ID 2) co the dang hack jetpack.
[2022/7/29 - 19:44:18] Nguyen Van B (ID 2) co the dang hack jetpack.
[2022/7/29 - 19:44:19] Nguyen Van B (ID 2) co the dang hack jetpack.
[2022/7/29 - 19:44:21] Nguyen Van B (ID 2) co the dang hack jetpack.
[2022/7/29 - 19:44:22] Nguyen Van B (ID 2) co the dang hack jetpack.
[2022/7/29 - 19:44:23] Nguyen Van B (ID 2) co the dang hack jetpack.
[2022/7/29 - 19:44:24] Nguyen Van B (ID 2) co the dang hack jetpack.
[2022/7/29 - 19:44:25] Nguyen Van B (ID 2) co the dang hack jetpack.
[2022/7/29 - 19:44:26] Nguyen Van B (ID 2) co the dang hack jetpack.
[2022/7/29 - 19:44:27] Nguyen Van B (ID 2) co the dang hack jetpack.
[2022/7/29 - 19:44:28] Nguyen Van B (ID 2) co the dang hack jetpack.
[2022/7/29 - 19:44:29] Nguyen Van B (ID 2) co the dang hack jetpack.
[2022/7/29 - 19:44:30] Nguyen Van B (ID 2) co the dang hack jetpack.
[2022/7/29 - 19:44:32] Nguyen Van B (ID 2) co the dang hack jetpack.
[2022/7/29 - 19:44:33] Nguyen Van B (ID 2) co the dang hack jetpack.
[2022/7/29 - 19:44:34] Nguyen Van B (ID 2) co the dang hack jetpack.
[2022/7/29 - 19:44:35] Nguyen Van B (ID 2) co the dang hack jetpack.
[2022/7/29 - 19:44:36] Nguyen Van B (ID 2) co the dang hack jetpack.
[2022/7/29 - 19:44:37] Nguyen Van B (ID 2) co the dang hack jetpack.
[2022/7/29 - 19:44:38] Nguyen Van B (ID 2) co the dang hack jetpack.
[2022/7/29 - 19:44:39] Nguyen Van B (ID 2) co the dang hack jetpack.
[2022/7/29 - 19:44:40] Nguyen Van B (ID 2) co the dang hack jetpack.
[2022/7/29 - 21:20:39] Huy Bloxer (ID 6) co the dang hack giap. (Recorded: 0.000000 - Current: 100.000000) (1)
[2022/7/30 - 9:02:09] Dao Xuan Kien (ID 6) co the dang Hack vu khi (AK47)
[2022/7/30 - 15:25:28] Bu Du (ID 3) co the dang Hack vu khi (Knife)
[2022/7/30 - 15:25:29] Bu Du (ID 3) co the dang Hack vu khi (Vibrator)
[2022/7/30 - 20:26:29] Trung Hieu (ID 2) co the dang Hack vu khi (M4)
[2022/7/30 - 20:26:35] Trung Hieu (ID 2) co the dang Hack vu khi (M4)
[2022/7/30 - 20:27:15] Trung Hieu (ID 2) co the dang Hack vu khi (M4)
[2022/7/30 - 20:27:17] Trung Hieu (ID 2) co the dang Hack vu khi (M4)
[2022/7/30 - 20:27:35] Trung Hieu (ID 2) co the dang Hack vu khi (M4)
[2022/7/30 - 20:27:41] Trung Hieu (ID 2) co the dang Hack vu khi (M4)
[2022/7/30 - 20:30:21] Trung Hieu (ID 2) co the dang Hack vu khi (M4)
[2022/7/30 - 20:31:48] Trung Hieu (ID 2) co the dang Hack vu khi (Silenced Pistol)
[2022/7/30 - 20:32:15] Trung Hieu (ID 2) co the dang Hack vu khi (Silenced Pistol)
[2022/7/30 - 20:32:16] Trung Hieu (ID 2) co the dang Hack vu khi (Silenced Pistol)
[2022/7/30 - 20:32:29] Trung Hieu (ID 2) co the dang Hack vu khi (Silenced Pistol)
[2022/7/30 - 21:51:19] Bombo Bally (ID 1) co the dang hack giap. (Recorded: 40.000000 - Current: 41.000000) (1)
[2022/7/31 - 0:33:55] GL 02 (ID 0) co the dang hack giap. (Recorded: 0.000000 - Current: 16.000000) (1)
[2022/8/2 - 2:16:42] Bombo Bally (ID 0) co the dang Hack vu khi (Desert Eagle)
[2022/8/2 - 2:16:51] Bombo Bally (ID 0) co the dang Hack vu khi (Desert Eagle)
[2022/8/2 - 2:16:51] Bombo Bally (ID 0) co the dang Hack vu khi (Desert Eagle)
[2022/8/2 - 2:16:51] Bombo Bally (ID 0) co the dang Hack vu khi (Desert Eagle)
[2022/8/2 - 2:16:52] Bombo Bally (ID 0) co the dang Hack vu khi (Desert Eagle)
[2022/8/8 - 11:02:50] Cary Mode (ID 0) co the dang Hack vu khi (M4)
[2022/8/8 - 14:13:13] Manas Ciel (ID 0) co the dang hack giap. (Recorded: 95.000000 - Current: 98.000000) (1)
[2022/8/8 - 14:18:14] Manas Ciel (ID 0) co the dang hack giap. (Recorded: 95.000000 - Current: 100.000000) (1)
[2022/8/8 - 14:23:15] Manas Ciel (ID 0) co the dang hack giap. (Recorded: 95.000000 - Current: 100.000000) (1)
[2022/8/8 - 14:28:16] Manas Ciel (ID 0) co the dang hack giap. (Recorded: 95.000000 - Current: 100.000000) (1)
[2022/8/8 - 14:33:17] Manas Ciel (ID 0) co the dang hack giap. (Recorded: 95.000000 - Current: 100.000000) (1)
[2022/8/8 - 14:38:18] Manas Ciel (ID 0) co the dang hack giap. (Recorded: 95.000000 - Current: 100.000000) (1)
[2022/8/8 - 14:43:19] Manas Ciel (ID 0) co the dang hack giap. (Recorded: 95.000000 - Current: 100.000000) (1)
[2022/8/8 - 14:48:20] Manas Ciel (ID 0) co the dang hack giap. (Recorded: 95.000000 - Current: 100.000000) (1)
[2022/8/8 - 14:53:21] Manas Ciel (ID 0) co the dang hack giap. (Recorded: 95.000000 - Current: 100.000000) (1)
[2022/8/8 - 14:58:22] Manas Ciel (ID 0) co the dang hack giap. (Recorded: 95.000000 - Current: 100.000000) (1)
[2022/8/8 - 15:03:23] Manas Ciel (ID 0) co the dang hack giap. (Recorded: 95.000000 - Current: 100.000000) (1)
[2022/8/8 - 15:08:25] Manas Ciel (ID 0) co the dang hack giap. (Recorded: 95.000000 - Current: 100.000000) (1)
[2022/8/8 - 15:13:26] Manas Ciel (ID 0) co the dang hack giap. (Recorded: 95.000000 - Current: 100.000000) (1)
[2022/8/8 - 15:18:27] Manas Ciel (ID 0) co the dang hack giap. (Recorded: 95.000000 - Current: 100.000000) (1)
[2022/8/8 - 15:23:28] Manas Ciel (ID 0) co the dang hack giap. (Recorded: 95.000000 - Current: 100.000000) (1)
[2022/8/8 - 15:28:29] Manas Ciel (ID 0) co the dang hack giap. (Recorded: 95.000000 - Current: 100.000000) (1)
[2022/8/8 - 15:33:31] Manas Ciel (ID 0) co the dang hack giap. (Recorded: 95.000000 - Current: 100.000000) (1)
[2022/8/8 - 15:38:32] Manas Ciel (ID 0) co the dang hack giap. (Recorded: 95.000000 - Current: 100.000000) (1)
[2022/8/8 - 15:43:33] Manas Ciel (ID 0) co the dang hack giap. (Recorded: 95.000000 - Current: 100.000000) (1)
[2022/8/8 - 15:48:34] Manas Ciel (ID 0) co the dang hack giap. (Recorded: 95.000000 - Current: 100.000000) (1)
[2022/8/8 - 15:53:35] Manas Ciel (ID 0) co the dang hack giap. (Recorded: 95.000000 - Current: 100.000000) (1)
[2022/8/8 - 16:02:16] Manas Ciel (ID 0) co the dang hack giap. (Recorded: 0.000000 - Current: 82.000000) (1)
[2022/8/8 - 16:07:17] Manas Ciel (ID 0) co the dang hack giap. (Recorded: 0.000000 - Current: 99.000000) (1)
[2022/8/8 - 16:12:18] Manas Ciel (ID 0) co the dang hack giap. (Recorded: 0.000000 - Current: 99.000000) (1)
[2022/8/8 - 16:17:19] Manas Ciel (ID 0) co the dang hack giap. (Recorded: 0.000000 - Current: 99.000000) (1)
[2022/8/8 - 16:22:21] Manas Ciel (ID 0) co the dang hack giap. (Recorded: 0.000000 - Current: 99.000000) (1)
[2022/8/8 - 16:27:22] Manas Ciel (ID 0) co the dang hack giap. (Recorded: 0.000000 - Current: 99.000000) (1)
[2022/8/8 - 16:32:23] Manas Ciel (ID 0) co the dang hack giap. (Recorded: 0.000000 - Current: 99.000000) (1)
[2022/8/8 - 16:37:24] Manas Ciel (ID 0) co the dang hack giap. (Recorded: 0.000000 - Current: 99.000000) (1)
[2022/8/8 - 16:42:26] Manas Ciel (ID 0) co the dang hack giap. (Recorded: 0.000000 - Current: 99.000000) (1)
[2022/8/8 - 16:50:30] Manas Ciel (ID 0) co the dang hack giap. (Recorded: 99.000000 - Current: 100.000000) (1)
[2022/8/8 - 16:55:31] Manas Ciel (ID 0) co the dang hack giap. (Recorded: 99.000000 - Current: 100.000000) (1)
[2022/8/8 - 17:00:32] Manas Ciel (ID 0) co the dang hack giap. (Recorded: 99.000000 - Current: 100.000000) (1)
