[2020/12/18 - 21:57:50] Daniel James has edited HouseID 1's Exterior. (Before:  50000.000000, 50000.000000, 50000.000000 | After: -1629.394287, 1388.55
[2020/12/18 - 21:59:11] Daniel James has edited HouseID 1's Interior. (Before:  0.000000, 0.000000, 0.000000 | After: 266.500152, 305.077545, 999.14843
[2020/12/18 - 22:55:57] Daniel James has edited HouseID 1's Exterior. (Before:  -1629.394287, 1388.553466, 7.187500 | After: -2018.793090, 1194.185424,
[2020/12/18 - 22:58:28] Daniel James has edited HouseID 2's Exterior. (Before:  50000.000000, 50000.000000, 50000.000000 | After: -1955.484741, 1272.97
[2020/12/18 - 23:00:53] Daniel James has edited HouseID 2's Interior. (Before:  0.000000, 0.000000, 0.000000 | After: 266.499114, 304.823852, 999.14843
[2020/12/18 - 23:01:33] Daniel James has edited HouseID 3's Exterior. (Before:  50000.000000, 50000.000000, 50000.000000 | After: -2280.834228, 1149.33
[2020/12/18 - 23:01:53] Daniel James has edited HouseID 3's Interior. (Before:  0.000000, 0.000000, 0.000000 | After: 266.500091, 304.942016, 999.14843
[2020/12/18 - 23:02:22] Daniel James has edited HouseID 4's Exterior. (Before:  50000.000000, 50000.000000, 50000.000000 | After: -2282.525146, 916.598
[2020/12/18 - 23:02:33] Daniel James has edited HouseID 4's Interior. (Before:  0.000000, 0.000000, 0.000000 | After: 266.501373, 304.935211, 999.14843
[2020/12/18 - 23:03:03] Daniel James has edited HouseID 5's Exterior. (Before:  50000.000000, 50000.000000, 50000.000000 | After: -2126.045410, 832.484
[2020/12/18 - 23:03:12] Daniel James has edited HouseID 5's Interior. (Before:  0.000000, 0.000000, 0.000000 | After: 266.499328, 304.841217, 999.14843
[2020/12/18 - 23:06:16] Daniel James has edited HouseID 4's Exterior. (Before:  -2282.525146, 916.598937, 66.648437 | After: -2477.887207, 1338.186767,
[2020/12/19 - 17:11:37] Daniel James has edited HouseID 6's Exterior. (Before:  50000.000000, 50000.000000, 50000.000000 | After: -2506.432373, 1142.04
[2020/12/19 - 17:11:42] Daniel James has edited HouseID 7's Exterior. (Before:  50000.000000, 50000.000000, 50000.000000 | After: -2509.910888, 1142.21
[2020/12/19 - 17:11:53] Daniel James has edited HouseID 8's Exterior. (Before:  50000.000000, 50000.000000, 50000.000000 | After: -2517.017333, 1142.41
[2020/12/19 - 17:11:59] Daniel James has edited HouseID 9's Exterior. (Before:  50000.000000, 50000.000000, 50000.000000 | After: -2523.729248, 1142.68
[2020/12/19 - 17:14:24] Daniel James has edited HouseID 6's Interior. (Before:  0.000000, 0.000000, 0.000000 | After: 266.500091, 304.857482, 999.14843
[2020/12/19 - 17:14:34] Daniel James has edited HouseID 7's Interior. (Before:  0.000000, 0.000000, 0.000000 | After: 266.502868, 305.281982, 999.14843
[2020/12/19 - 17:14:41] Daniel James has edited HouseID 8's Interior. (Before:  0.000000, 0.000000, 0.000000 | After: 266.501953, 305.046691, 999.14843
[2020/12/19 - 17:14:48] Daniel James has edited HouseID 9's Interior. (Before:  0.000000, 0.000000, 0.000000 | After: 266.500274, 305.194427, 999.14843
[2020/12/19 - 17:15:26] Daniel James has edited HouseID 10's Interior. (Before:  0.000000, 0.000000, 0.000000 | After: -2534.575439, 1143.783813, 55.72
[2020/12/19 - 17:15:44] Daniel James has edited HouseID 10's Interior. (Before:  -2534.575439, 1143.783813, 55.726562 | After: 266.499328, 305.024505, 
[2020/12/19 - 17:16:30] Daniel James has edited HouseID 10's Exterior. (Before:  50000.000000, 50000.000000, 50000.000000 | After: -2534.532226, 1143.7
[2020/12/19 - 17:16:41] Daniel James has edited HouseID 10's Interior. (Before:  266.499328, 305.024505, 999.148437 | After: 266.498535, 305.278228, 99
[2020/12/19 - 17:16:46] Daniel James has edited HouseID 10's Interior. (Before:  266.498535, 305.278228, 999.148437 | After: 266.498535, 305.278228, 99
[2020/12/20 - 2:19:17] Dawkin Nguyen has edited HouseID 0's Exterior. (Before:  50000.000000, 50000.000000, 50000.000000 | After: -1759.765991, 1328.3
[2020/12/20 - 2:19:19] Dawkin Nguyen has edited HouseID 1's Exterior. (Before:  -2018.793090, 1194.185424, 45.452400 | After: -1764.530517, 1333.26525
[2020/12/20 - 2:20:14] Dawkin Nguyen has edited HouseID 1's Exterior. (Before:  -1764.530517, 1333.265258, 7.187500 | After: -1954.077880, 1344.527099
[2020/12/20 - 10:21:52] Daniel James has edited HouseID 1's Owner to Daniel_James.
[2020/12/20 - 11:56:58] James Dubai has edited HouseID 1's Owner to Daniel James.
[2020/12/20 - 19:33:03] Daniel James has edited HouseID 3's Price to $.
[2020/12/20 - 19:33:11] Daniel James has edited HouseID 100's Price to $.
[2020/12/20 - 19:33:25] Daniel James has edited HouseID 1's Owner to Daniel James.
[2020/12/25 - 12:03:11] Daniel James has edited HouseID 1's Exterior. (Before:  50000.000000, 50000.000000, 50000.000000 | After: -1954.292968, 1345.25
