[2020/5/16 - 19:43:47] Dep Trai da dieu chinh tien Dep Trai's thanh $1000000000 (/setmoney)
[2020/5/16 - 19:43:52] Dep Trai da dieu chinh tien Dep Trai's thanh $10000000 (/setmoney)
[2020/6/4 - 5:10:23]    Dawkin Nguyen's Job has been set to 5. by Dawkin Nguyen
[2021/6/30 - 19:03:14] Nguyen Thjen Phong da dieu chinh tien Nguyen Thjen Phong's thanh $0 (/setmoney)
[2021/6/30 - 19:05:30] Nguyen Thjen Phong da dieu chinh tien Nguyen Thjen Phong's thanh $0 (/setmoney)
[2021/7/1 - 13:26:41]    Nguyen Thjen Phong's Pot has been set to 1. by Nguyen Thjen Phong
[2021/7/1 - 13:47:58]    Nguyen Thjen Phong's Crack has been set to 1. by Nguyen Thjen Phong
[2021/7/1 - 13:48:03]    Nguyen Thjen Phong's Crack has been set to 1. by Nguyen Thjen Phong
[2021/7/1 - 13:49:15] Nguyen Thjen Phong da dieu chinh tien Nguyen Thjen Phong's thanh $0 (/setmoney)
[2021/7/1 - 14:32:11] Nguyen Thjen Phong da dieu chinh tien Nguyen Thjen Phong's thanh $10000 (/setmoney)
[2022/7/28 - 6:15:29] Khac Diepa changed Khac_Diepa's name to DIEP
[2022/7/28 - 6:15:36] DIEP changed DIEP's name to GM01
[2022/7/28 - 7:14:35] Khac Diepa changed Khac_Diepa's name to khac_diep
[2022/7/28 - 8:11:53] Viet Cong da dieu chinh tien Viet Cong's thanh $9999999 (/setmoney)
[2022/7/28 - 8:30:46]    Khac Diep's Level has been set to 99. by Khac Diep
[2022/7/28 - 10:09:01] Tommy Williame changed Tommy_Williame's name to Call_Be
[2022/7/28 - 10:16:29] Tommy Williame da dieu chinh tien Tommy Williame's thanh $999999999 (/setmoney)
[2022/7/28 - 12:06:50] Diep Khac has given Diep Khac $999,999 (/givemoney)
[2022/7/28 - 12:37:11] Tommy Williame changed Tommy_Williame's name to Viet_Conk
[2022/7/28 - 12:39:57] Kido Tino has given Kido Tino $100,000 (/givemoney)
[2022/7/28 - 12:46:36] Kido Tino changed Kido_Tino's name to Kido
[2022/7/28 - 12:46:44] Viet Conk changed Viet_Conk's name to Cary_Syn
[2022/7/29 - 2:16:09] Kido changed Kido's name to GL_02
[2022/7/29 - 2:33:31]    gm01's Level has been set to 9. by gm01
[2022/7/29 - 2:33:36]    gm01's Level has been set to 1. by gm01
[2022/7/29 - 2:35:52] gm01 da dieu chinh tien gm01's thanh $99999999 (/setmoney)
[2022/7/29 - 2:38:24]    gm01's Level has been set to 1234567. by gm01
[2022/7/29 - 2:38:33]    gm01's Level has been set to 3. by gm01
[2022/7/29 - 4:31:40] Viet Cong da dieu chinh tien Manas Ciel's thanh $50000 (/setmoney)
[2022/7/29 - 4:36:22]    Manas Ciel's Level has been set to 1. by Viet Cong
[2022/7/29 - 4:36:26]    Manas Ciel's Level has been set to 3. by Viet Cong
[2022/7/29 - 13:57:36] gm01 changed gm01's name to gm_01
[2022/7/29 - 14:02:58] gm 01 changed gm_01's name to wiliam_j
[2022/7/29 - 16:45:25] GL 02 changed GL_02's name to Nguyen_Van_B
[2022/7/29 - 16:46:24] Nguyen Van B changed Nguyen_Van_B's name to GL_02
[2022/7/29 - 21:11:36] Viet Cong changed Viet_Cong's name to Alex_sadler
[2022/7/29 - 21:13:35] Alex sadler changed Alex_sadler's name to viet_cong
[2022/7/29 - 21:13:57] viet cong changed viet_cong's name to Alex_Sadler
[2022/7/29 - 21:18:06] trung thanh changed trung_thanh's name to wiliam_thien
[2022/7/29 - 21:21:03] wiliam thien changed wiliam_thien's name to gm
[2022/7/29 - 21:21:05] Alex Sadler changed Alex_Sadler's name to Viet_cong
[2022/7/29 - 21:21:19] Viet cong changed Viet_cong's name to Alex_Sadler
[2022/7/29 - 21:21:20] gm changed gm's name to wiliam_thien
[2022/7/29 - 21:21:24] Alex Sadler changed Alex_Sadler's name to Viet_cong
[2022/7/29 - 21:21:32] Viet cong changed Viet_cong's name to Alex_Sadler
[2022/7/29 - 21:27:15] dai an changed dai_an's name to lan_anh
[2022/7/29 - 21:44:54] Viet Cong da dieu chinh tien Viet Cong's thanh $-727379969 (/setmoney)
[2022/7/29 - 21:44:57] Viet Cong da dieu chinh tien Viet Cong's thanh $999999999 (/setmoney)
[2022/7/30 - 6:03:23] wiliam j changed wiliam_j's name to diep_khaf
[2022/7/30 - 6:03:32] diep khaf changed diep_khaf's name to diep_ly
[2022/7/30 - 6:03:43] diep ly changed diep_ly's name to diep_l 5
[2022/7/30 - 6:03:43] Loi thay doi ten diep_ly's thanh diep_l 5
[2022/7/30 - 6:23:31] diep ly da dieu chinh tien diep ly's thanh $500 (/setmoney)
[2022/7/30 - 6:27:10] diep ly da dieu chinh tien diep ly's thanh $500 (/setmoney)
[2022/7/30 - 7:44:53]    Viet Cong's Level has been set to 2. by Viet Cong
[2022/7/30 - 8:09:59]    NguyenKhoi Rose's Level has been set to 3. by Viet Cong
[2022/7/30 - 8:10:09] Viet Cong da dieu chinh tien NguyenKhoi Rose's thanh $100000 (/setmoney)
[2022/7/30 - 8:10:13] Viet Cong da dieu chinh tien NguyenKhoi Rose's thanh $100000 (/setmoney)
[2022/7/30 - 8:13:08] thanh truc changed ender_boy's name to chan_bao
[2022/7/30 - 10:02:05] ender boy changed ender_boy's name to Chann_Bao
[2022/7/30 - 11:56:39]    Invalid stat code. by chau dat
[2022/7/30 - 12:10:17] diep ly changed diep_ly's name to thanh_trung
[2022/7/30 - 12:13:26]    thanh trung's Level has been set to 1. by thanh trung
[2022/7/30 - 12:24:54] thanh trung changed thanh_trung's name to diep
[2022/7/30 - 12:26:12] diep changed diep's name to thanh_trunh
[2022/7/30 - 12:26:28] thanh trunh changed thanh_trunh's name to thanh_trung
[2022/7/30 - 12:26:35] thanh trung changed thanh_trung's name to diep
[2022/7/30 - 14:46:36]    Manas Ciel's Level has been set to 2. by Viet Cong
[2022/7/30 - 14:47:09]    Manas Ciel's Level has been set to 3. by Viet Cong
[2022/7/30 - 14:47:14]    Kazuto Sebastian's Level has been set to 2. by Viet Cong
[2022/7/30 - 14:47:15]    Kazuto Sebastian's Level has been set to 4. by Viet Cong
[2022/7/30 - 14:47:22]    Kazuto Sebastian's Level has been set to 3. by Viet Cong
[2022/7/30 - 14:53:06]    Trung Hieu's Level has been set to 3. by Viet Cong
[2022/7/30 - 17:01:39]    diep ly's Level has been set to 2. by diep ly
[2022/7/30 - 17:05:16] diep ly da dieu chinh tien diep ly's thanh $100000 (/setmoney)
[2022/7/30 - 21:01:33] GL 02 has given DAT FATT $5,000 (/givemoney)
[2022/7/30 - 21:06:37] GL 02 has given Darwin Nunez $5,000 (/givemoney)
[2022/7/30 - 21:10:06] GL 02 has given khang Bede $1,000 (/givemoney)
[2022/7/30 - 21:22:30] GL 02 has given Bombo Bally $5,000 (/givemoney)
[2022/7/31 - 1:13:07] GL 02 changed GL_02's name to Kido
[2022/7/31 - 1:13:21] Kido changed Kido's name to GL_02
[2022/7/31 - 1:36:53] GL 02 changed GL_02's name to Kido_Tino
[2022/7/31 - 9:33:51]    khac diep's Level has been set to 1. by khac diep
[2022/7/31 - 11:09:46] Embe Luan changed Embe_Luan's name to GL_01
[2022/7/31 - 11:19:43] GL 01 has given Van Duc $1,000,000 (/givemoney)
[2022/7/31 - 12:20:05] Kido Tino changed Kido_Tino's name to GL_02
[2022/7/31 - 14:13:54]    Viet Cong's Level has been set to 3. by Viet Cong
[2022/7/31 - 14:18:38]    Wan Kane's Level has been set to 1. by Viet Cong
[2022/7/31 - 14:18:39]    Wan Kane's Level has been set to 3. by Viet Cong
[2022/7/31 - 16:26:16] ly khac diep changed ly_khac_diep's name to thuan_nguyen
[2022/7/31 - 16:44:59]    khac diep's Level has been set to 3. by khac diep
[2022/7/31 - 20:46:32] chau dat da dieu chinh tien chau dat's thanh $99999999 (/setmoney)
[2022/7/31 - 20:46:39] chau dat da dieu chinh tien chau dat's thanh $0 (/setmoney)
[2022/8/1 - 14:34:50]    Wan Kane's Playing Hours have been set to 10. by Viet Cong
[2022/8/1 - 14:52:35] Viet Cong has given Manas Ciel $20,000 (/givemoney)
[2022/8/1 - 17:09:20] GL 02 has given Manas Ciel $5,000 (/givemoney)
[2022/8/1 - 17:12:55] GL 02 has given Palda Buscon $5,000 (/givemoney)
[2022/8/1 - 17:26:37] GL 02 has given Palda Buscon $10,000 (/givemoney)
[2022/8/1 - 17:39:12] GL 02 has given nam ngudot $5,000 (/givemoney)
[2022/8/2 - 15:58:48] khac diepb da dieu chinh tien khac diepb's thanh $928922 (/setmoney)
[2022/8/2 - 15:58:51] khac diepb da dieu chinh tien khac diepb's thanh $92892288 (/setmoney)
[2022/8/2 - 15:58:53] khac diepb da dieu chinh tien khac diepb's thanh $928922889 (/setmoney)
[2022/8/2 - 15:58:55] khac diepb da dieu chinh tien khac diepb's thanh $699294307 (/setmoney)
[2022/8/2 - 15:58:58] khac diepb da dieu chinh tien khac diepb's thanh $928922889 (/setmoney)
[2022/8/2 - 18:12:15]    khac diepb's Level has been set to 9. by khac diepb
[2022/8/6 - 13:29:01] Viet Cuto da dieu chinh tien Viet Cuto's thanh $999999999 (/setmoney)
[2022/8/7 - 21:18:30]    GL 02's Level has been set to 28. by GL 02
[2022/8/7 - 21:21:58]    GL 02 had their phone removed by GL 02
[2022/8/7 - 21:22:31]    GL 02's So dien thoai da duoc thiet lap thanh 1. boi GL 02
