[2022/7/30 - 19:00:24] [TAI XIU] [Ten IC: Kazuto Sebastian] [Chon: TAI] [Phien: #46] [So Tien: 2000]
[2022/7/30 - 20:32:03] [TAI XIU] [Ten IC: Alex Piley] [Chon: TAI] [Phien: #129] [So Tien: 5000]
[2022/7/30 - 20:32:36] [TAI XIU] [Ten IC: Alex Piley] [Chon: Xiu] [Phien: #130] [So Tien: 10000]
[2022/7/30 - 20:33:46] [TAI XIU] [Ten IC: Alex Piley] [Chon: TAI] [Phien: #131] [So Tien: 8000]
[2022/7/30 - 20:41:49] [TAI XIU] [Ten IC: wiliam mcile] [Chon: TAI] [Phien: #138] [So Tien: 100]
[2022/7/30 - 20:59:50] [TAI XIU] [Ten IC: khang Bede] [Chon: TAI] [Phien: #154] [So Tien: 100]
[2022/7/30 - 21:00:30] [TAI XIU] [Ten IC: khang Bede] [Chon: Xiu] [Phien: #155] [So Tien: 100]
[2022/7/30 - 21:24:56] [TAI XIU] [Ten IC: Andree Sebastian] [Chon: TAI] [Phien: #177] [So Tien: 1500]
[2022/7/30 - 21:25:55] [TAI XIU] [Ten IC: Bombo Bally] [Chon: TAI] [Phien: #178] [So Tien: 1000]
[2022/7/30 - 23:39:39] [TAI XIU] [Ten IC: Bombo Bally] [Chon: Xiu] [Phien: #299] [So Tien: 1000]
[2022/7/31 - 8:07:48] [TAI XIU] [Ten IC: Alex Piley] [Chon: TAI] [Phien: #761] [So Tien: 500]
[2022/7/31 - 9:41:38] [TAI XIU] [Ten IC: khac diep] [Chon: Xiu] [Phien: #9] [So Tien: 20]
[2022/7/31 - 9:55:09] [TAI XIU] [Ten IC: Alex Piley] [Chon: TAI] [Phien: #22] [So Tien: 286]
[2022/7/31 - 10:37:03] [TAI XIU] [Ten IC: khac diep] [Chon: TAI] [Phien: #61] [So Tien: 10000]
[2022/7/31 - 10:53:20] [TAI XIU] [Ten IC: NguyenKhoi Rose] [Chon: Xiu] [Phien: #8] [So Tien: 10000]
[2022/7/31 - 10:53:24] [TAI XIU] [Ten IC: DAT FATT] [Chon: TAI] [Phien: #8] [So Tien: 1000]
[2022/7/31 - 10:54:54] [TAI XIU] [Ten IC: NguyenKhoi Rose] [Chon: TAI] [Phien: #9] [So Tien: 30000]
[2022/7/31 - 10:54:55] [TAI XIU] [Ten IC: DAT FATT] [Chon: TAI] [Phien: #9] [So Tien: 1000]
[2022/7/31 - 10:55:35] [TAI XIU] [Ten IC: NguyenKhoi Rose] [Chon: Xiu] [Phien: #10] [So Tien: 30000]
[2022/7/31 - 10:55:44] [TAI XIU] [Ten IC: DAT FATT] [Chon: TAI] [Phien: #10] [So Tien: 1097]
[2022/7/31 - 10:56:45] [TAI XIU] [Ten IC: NguyenKhoi Rose] [Chon: Xiu] [Phien: #11] [So Tien: 9000]
[2022/7/31 - 10:56:56] [TAI XIU] [Ten IC: DAT FATT] [Chon: Xiu] [Phien: #11] [So Tien: 1000]
[2022/7/31 - 10:57:40] [TAI XIU] [Ten IC: DAT FATT] [Chon: Xiu] [Phien: #12] [So Tien: 1000]
[2022/7/31 - 11:03:57] [TAI XIU] [Ten IC: Andree Sebastian] [Chon: Xiu] [Phien: #17] [So Tien: 7000]
[2022/7/31 - 11:04:31] [TAI XIU] [Ten IC: Andree Sebastian] [Chon: Xiu] [Phien: #18] [So Tien: 8500]
[2022/7/31 - 11:05:35] [TAI XIU] [Ten IC: Andree Sebastian] [Chon: Xiu] [Phien: #19] [So Tien: 10944]
[2022/7/31 - 11:06:36] [TAI XIU] [Ten IC: Andree Sebastian] [Chon: Xiu] [Phien: #20] [So Tien: 10000]
[2022/7/31 - 11:07:59] [TAI XIU] [Ten IC: Andree Sebastian] [Chon: Xiu] [Phien: #21] [So Tien: 15000]
[2022/7/31 - 11:08:57] [TAI XIU] [Ten IC: Andree Sebastian] [Chon: Xiu] [Phien: #22] [So Tien: 5000]
[2022/7/31 - 11:11:07] [TAI XIU] [Ten IC: Andree Sebastian] [Chon: Xiu] [Phien: #24] [So Tien: 1200]
[2022/7/31 - 11:40:13] [TAI XIU] [Ten IC: Andree Sebastian] [Chon: Xiu] [Phien: #7] [So Tien: 11000]
[2022/7/31 - 11:41:00] [TAI XIU] [Ten IC: Andree Sebastian] [Chon: Xiu] [Phien: #8] [So Tien: 11000]
[2022/7/31 - 11:41:47] [TAI XIU] [Ten IC: Andree Sebastian] [Chon: Xiu] [Phien: #9] [So Tien: 9000]
[2022/7/31 - 11:42:56] [TAI XIU] [Ten IC: Andree Sebastian] [Chon: TAI] [Phien: #10] [So Tien: 15000]
[2022/7/31 - 11:44:12] [TAI XIU] [Ten IC: Andree Sebastian] [Chon: TAI] [Phien: #11] [So Tien: 10000]
[2022/7/31 - 16:23:32] [TAI XIU] [Ten IC: Kazuto Sebastian] [Chon: TAI] [Phien: #44] [So Tien: 566]
[2022/7/31 - 16:50:00] [TAI XIU] [Ten IC: khac diep] [Chon: Xiu] [Phien: #68] [So Tien: 5555]
[2022/7/31 - 16:50:59] [TAI XIU] [Ten IC: khac diep] [Chon: TAI] [Phien: #69] [So Tien: 500]
[2022/7/31 - 18:32:15] [TAI XIU] [Ten IC: Alex Piley] [Chon: TAI] [Phien: #161] [So Tien: 1000]
[2022/8/1 - 11:58:07] [TAI XIU] [Ten IC: Alex Piley] [Chon: Xiu] [Phien: #1111] [So Tien: 400]
[2022/8/1 - 17:05:22] [TAI XIU] [Ten IC: Palda Buscon] [Chon: TAI] [Phien: #1390] [So Tien: 100]
[2022/8/1 - 17:06:24] [TAI XIU] [Ten IC: Palda Buscon] [Chon: TAI] [Phien: #1391] [So Tien: 100]
[2022/8/1 - 17:10:43] [TAI XIU] [Ten IC: Palda Buscon] [Chon: TAI] [Phien: #1395] [So Tien: 200]
[2022/8/1 - 17:11:50] [TAI XIU] [Ten IC: Palda Buscon] [Chon: Xiu] [Phien: #1396] [So Tien: 100]
[2022/8/1 - 17:39:11] [TAI XIU] [Ten IC: Palda Buscon] [Chon: TAI] [Phien: #1421] [So Tien: 100]
[2022/8/1 - 17:43:48] [TAI XIU] [Ten IC: Palda Buscon] [Chon: TAI] [Phien: #1425] [So Tien: 100]
[2022/8/1 - 17:43:56] [TAI XIU] [Ten IC: Kazuto Sebastian] [Chon: TAI] [Phien: #1425] [So Tien: 100]
[2022/8/1 - 17:46:23] [TAI XIU] [Ten IC: Palda Buscon] [Chon: TAI] [Phien: #1427] [So Tien: 100]
[2022/8/1 - 17:46:57] [TAI XIU] [Ten IC: Palda Buscon] [Chon: TAI] [Phien: #1428] [So Tien: 100]
[2022/8/1 - 17:48:00] [TAI XIU] [Ten IC: Palda Buscon] [Chon: TAI] [Phien: #1429] [So Tien: 100]
