[2022/7/28 - 8:29:29] Viet Cong has edited Text Label ID 4's position.
[2022/7/28 - 8:29:52] Viet Cong has edited Text Label ID 4's PickupModel.
[2022/7/28 - 8:29:54] Viet Cong has edited Text Label ID 4's PickupModel.
[2022/7/28 - 8:29:57] Viet Cong has edited Text Label ID 4's PickupModel.
[2022/7/28 - 8:30:00] Viet Cong has edited Text Label ID 4's PickupModel.
[2022/7/28 - 8:30:03] Viet Cong has edited Text Label ID 4's PickupModel.
[2022/7/28 - 8:30:05] Viet Cong has edited Text Label ID 4's PickupModel.
[2022/7/28 - 8:30:07] Viet Cong has edited Text Label ID 4's PickupModel.
[2022/7/31 - 14:12:52] GL 01 has edited Text Label ID 4's position.
[2022/7/31 - 14:13:15] GL 01 has edited Text Label ID 0's PickupModel.
[2022/7/31 - 14:13:27] GL 01 has edited Text Label ID 4's PickupModel.
[2022/7/31 - 14:14:19] GL 01 has edited Text Label ID 4's color.
[2022/7/31 - 14:14:24] GL 01 has edited Text Label ID 4's color.
[2022/7/31 - 14:14:27] GL 01 has edited Text Label ID 4's color.
[2022/7/31 - 14:14:34] GL 01 has edited Text Label ID 4's color.
[2022/7/31 - 14:14:41] GL 01 has edited Text Label ID 4's color.
[2022/7/31 - 14:14:46] GL 01 has edited Text Label ID 4's color.
[2022/7/31 - 14:14:50] GL 01 has edited Text Label ID 4's color.
[2022/7/31 - 14:14:55] GL 01 has edited Text Label ID 4's color.
[2022/7/31 - 14:14:59] GL 01 has edited Text Label ID 4's color.
[2022/7/31 - 14:15:03] GL 01 has edited Text Label ID 4's color.
[2022/7/31 - 14:15:06] GL 01 has edited Text Label ID 4's color.
[2022/7/31 - 14:15:09] GL 01 has edited Text Label ID 4's color.
[2022/7/31 - 14:16:20] GL 01 has edited Text Label ID 4's text to Khu dat Red Country 1 .
[2022/7/31 - 14:18:14] GL 01 has edited Text Label ID 4's text to Khu dat Red Country 1 : Sell 100k OOC.
[2022/7/31 - 14:18:44] GL 01 has edited Text Label ID 4's PickupModel.
[2022/7/31 - 14:26:44] GL 01 has edited Text Label ID 4's text to Sell HQ va Gang - LH Embe_Luan#7645.
[2022/7/31 - 16:02:33] khac diep has edited Text Label ID 4's text to sell HQ - LH admin KHAC DIEP.
