[2020/5/23 - 19:50:48] [TOYSLOAD] [User: Dawkin Nguyen(1)] [Toy Model ID: 3044] [Toy ID]
[2020/5/23 - 19:50:48] [TOYSLOAD] [User: Dawkin Nguyen(1)] [Toy Model ID: 18643] [Toy ID]
[2020/6/2 - 5:53:38] [TOYSLOAD] [User: Dawkin Nguyen(1)] [Toy Model ID: 3044] [Toy ID]
[2020/6/2 - 5:53:38] [TOYSLOAD] [User: Dawkin Nguyen(1)] [Toy Model ID: 18643] [Toy ID]
[2020/6/2 - 6:17:11] [TOYSLOAD] [User: Dawkin Nguyen(1)] [Toy Model ID: 3044] [Toy ID]
[2020/6/2 - 6:17:11] [TOYSLOAD] [User: Dawkin Nguyen(1)] [Toy Model ID: 18643] [Toy ID]
[2020/6/2 - 6:31:39] [TOYSLOAD] [User: Dawkin Nguyen(1)] [Toy Model ID: 3044] [Toy ID]
[2020/6/2 - 6:31:39] [TOYSLOAD] [User: Dawkin Nguyen(1)] [Toy Model ID: 18643] [Toy ID]
[2020/6/2 - 6:34:58] [TOYSLOAD] [User: Dawkin Nguyen(1)] [Toy Model ID: 3044] [Toy ID]
[2020/6/2 - 6:34:58] [TOYSLOAD] [User: Dawkin Nguyen(1)] [Toy Model ID: 18643] [Toy ID]
[2020/6/2 - 6:38:58] [TOYSLOAD] [User: Dawkin Nguyen(1)] [Toy Model ID: 3044] [Toy ID]
[2020/6/2 - 6:38:58] [TOYSLOAD] [User: Dawkin Nguyen(1)] [Toy Model ID: 18643] [Toy ID]
[2020/6/2 - 6:45:57] [TOYSLOAD] [User: Dawkin Nguyen(1)] [Toy Model ID: 3044] [Toy ID]
[2020/6/2 - 6:45:57] [TOYSLOAD] [User: Dawkin Nguyen(1)] [Toy Model ID: 18643] [Toy ID]
[2020/6/2 - 6:49:17] [TOYSLOAD] [User: Dawkin Nguyen(1)] [Toy Model ID: 3044] [Toy ID]
[2020/6/2 - 6:49:17] [TOYSLOAD] [User: Dawkin Nguyen(1)] [Toy Model ID: 18643] [Toy ID]
[2020/6/2 - 6:53:21] [TOYSLOAD] [User: Dawkin Nguyen(1)] [Toy Model ID: 3044] [Toy ID]
[2020/6/2 - 6:53:21] [TOYSLOAD] [User: Dawkin Nguyen(1)] [Toy Model ID: 18643] [Toy ID]
[2020/6/2 - 6:58:05] [TOYSLOAD] [User: Dawkin Nguyen(1)] [Toy Model ID: 3044] [Toy ID]
[2020/6/2 - 6:58:05] [TOYSLOAD] [User: Dawkin Nguyen(1)] [Toy Model ID: 18643] [Toy ID]
[2020/6/2 - 6:59:45] [TOYSLOAD] [User: Dawkin Nguyen(1)] [Toy Model ID: 3044] [Toy ID]
[2020/6/2 - 6:59:45] [TOYSLOAD] [User: Dawkin Nguyen(1)] [Toy Model ID: 18643] [Toy ID]
[2020/6/2 - 7:02:23] [TOYSLOAD] [User: Dawkin Nguyen(1)] [Toy Model ID: 3044] [Toy ID]
[2020/6/2 - 7:02:23] [TOYSLOAD] [User: Dawkin Nguyen(1)] [Toy Model ID: 18643] [Toy ID]
[2020/6/2 - 7:05:18] [TOYSLOAD] [User: Dawkin Nguyen(1)] [Toy Model ID: 3044] [Toy ID]
[2020/6/2 - 7:05:18] [TOYSLOAD] [User: Dawkin Nguyen(1)] [Toy Model ID: 18643] [Toy ID]
[2020/6/2 - 7:10:08] [TOYSLOAD] [User: Dawkin Nguyen(1)] [Toy Model ID: 3044] [Toy ID]
[2020/6/2 - 7:10:08] [TOYSLOAD] [User: Dawkin Nguyen(1)] [Toy Model ID: 18643] [Toy ID]
[2020/6/2 - 7:14:46] [TOYSLOAD] [User: Dawkin Nguyen(1)] [Toy Model ID: 3044] [Toy ID]
[2020/6/2 - 7:14:46] [TOYSLOAD] [User: Dawkin Nguyen(1)] [Toy Model ID: 18643] [Toy ID]
[2020/6/2 - 7:26:39] [TOYSLOAD] [User: Dawkin Nguyen(1)] [Toy Model ID: 3044] [Toy ID]
[2020/6/2 - 7:26:39] [TOYSLOAD] [User: Dawkin Nguyen(1)] [Toy Model ID: 18643] [Toy ID]
[2020/6/2 - 9:12:01] [TOYSLOAD] [User: Dawkin Nguyen(1)] [Toy Model ID: 3044] [Toy ID]
[2020/6/2 - 9:12:01] [TOYSLOAD] [User: Dawkin Nguyen(1)] [Toy Model ID: 18643] [Toy ID]
[2020/6/4 - 3:37:54] [TOYSLOAD] [User: Dawkin Nguyen(1)] [Toy Model ID: 3044] [Toy ID]
[2020/6/4 - 3:37:54] [TOYSLOAD] [User: Dawkin Nguyen(1)] [Toy Model ID: 18643] [Toy ID]
[2020/6/4 - 3:47:09] [TOYSLOAD] [User: Dawkin Nguyen(1)] [Toy Model ID: 3044] [Toy ID]
[2020/6/4 - 3:47:09] [TOYSLOAD] [User: Dawkin Nguyen(1)] [Toy Model ID: 18643] [Toy ID]
[2020/6/4 - 5:05:00] [TOYSLOAD] [User: Dawkin Nguyen(1)] [Toy Model ID: 3044] [Toy ID]
[2020/6/4 - 5:05:00] [TOYSLOAD] [User: Dawkin Nguyen(1)] [Toy Model ID: 18643] [Toy ID]
[2020/6/4 - 5:17:44] [TOYSLOAD] [User: Dawkin Nguyen(1)] [Toy Model ID: 3044] [Toy ID]
[2020/6/4 - 5:17:44] [TOYSLOAD] [User: Dawkin Nguyen(1)] [Toy Model ID: 18643] [Toy ID]
[2020/6/4 - 5:21:32] [TOYSLOAD] [User: Dawkin Nguyen(1)] [Toy Model ID: 3044] [Toy ID]
[2020/6/4 - 5:21:32] [TOYSLOAD] [User: Dawkin Nguyen(1)] [Toy Model ID: 18643] [Toy ID]
[2020/6/4 - 5:28:08] [TOYSLOAD] [User: Dawkin Nguyen(1)] [Toy Model ID: 3044] [Toy ID]
[2020/6/4 - 5:28:08] [TOYSLOAD] [User: Dawkin Nguyen(1)] [Toy Model ID: 18643] [Toy ID]
[2020/6/5 - 7:15:09] [TOYSLOAD] [User: Dawkin Nguyen(1)] [Toy Model ID: 3044] [Toy ID]
[2020/6/5 - 7:15:09] [TOYSLOAD] [User: Dawkin Nguyen(1)] [Toy Model ID: 18643] [Toy ID]
[2020/6/5 - 7:29:59] [TOYSLOAD] [User: Dawkin Nguyen(1)] [Toy Model ID: 3044] [Toy ID]
[2020/6/5 - 7:29:59] [TOYSLOAD] [User: Dawkin Nguyen(1)] [Toy Model ID: 18643] [Toy ID]
[2020/6/5 - 7:34:01] [TOYSLOAD] [User: Dawkin Nguyen(1)] [Toy Model ID: 3044] [Toy ID]
[2020/6/5 - 7:34:01] [TOYSLOAD] [User: Dawkin Nguyen(1)] [Toy Model ID: 18643] [Toy ID]
[2020/6/5 - 7:42:56] [TOYSLOAD] [User: Dawkin Nguyen(1)] [Toy Model ID: 3044] [Toy ID]
[2020/6/5 - 7:42:56] [TOYSLOAD] [User: Dawkin Nguyen(1)] [Toy Model ID: 18643] [Toy ID]
[2020/6/5 - 17:55:16] [TOYSLOAD] [User: Dawkin Nguyen(1)] [Toy Model ID: 3044] [Toy ID]
[2020/6/5 - 17:55:16] [TOYSLOAD] [User: Dawkin Nguyen(1)] [Toy Model ID: 18643] [Toy ID]
[2020/6/5 - 18:02:54] [TOYSLOAD] [User: Dawkin Nguyen(1)] [Toy Model ID: 3044] [Toy ID]
[2020/6/5 - 18:02:54] [TOYSLOAD] [User: Dawkin Nguyen(1)] [Toy Model ID: 18643] [Toy ID]
[2020/6/5 - 18:17:30] [TOYSLOAD] [User: Dawkin Nguyen(1)] [Toy Model ID: 3044] [Toy ID]
[2020/6/5 - 18:17:30] [TOYSLOAD] [User: Dawkin Nguyen(1)] [Toy Model ID: 18643] [Toy ID]
[2020/6/5 - 18:35:06] [TOYSLOAD] [User: Dawkin Nguyen(1)] [Toy Model ID: 3044] [Toy ID]
[2020/6/5 - 18:35:06] [TOYSLOAD] [User: Dawkin Nguyen(1)] [Toy Model ID: 18643] [Toy ID]
[2021/1/17 - 19:14:50] [TOYSLOAD] [User: Dawkin Nguyen(1)] [Toy Model ID: 1550] [Toy ID]
[2022/7/30 - 14:14:26] [TOYSLOAD] [User: Alex Piley(507)] [Toy Model ID: 18909] [Toy ID]
[2022/7/30 - 15:35:02] [TOYSLOAD] [User: Alex Piley(507)] [Toy Model ID: 18909] [Toy ID]
[2022/7/30 - 20:31:31] [TOYSLOAD] [User: Alex Piley(507)] [Toy Model ID: 18909] [Toy ID]
[2022/7/30 - 21:43:08] [TOYSLOAD] [User: diep ly(566)] [Toy Model ID: 18649] [Toy ID]
[2022/7/31 - 8:07:25] [TOYSLOAD] [User: Alex Piley(507)] [Toy Model ID: 18909] [Toy ID]
[2022/7/31 - 9:54:06] [TOYSLOAD] [User: Alex Piley(507)] [Toy Model ID: 18909] [Toy ID]
[2022/7/31 - 10:18:19] [TOYSLOAD] [User: Alex Piley(507)] [Toy Model ID: 18909] [Toy ID]
[2022/7/31 - 10:28:31] [TOYSLOAD] [User: Alex Piley(507)] [Toy Model ID: 18909] [Toy ID]
[2022/7/31 - 14:31:06] [TOYSLOAD] [User: Alex Piley(507)] [Toy Model ID: 18909] [Toy ID]
[2022/7/31 - 18:26:10] [TOYSLOAD] [User: Alex Piley(507)] [Toy Model ID: 18909] [Toy ID]
[2022/7/31 - 18:38:22] [TOYSLOAD] [User: Alex Piley(507)] [Toy Model ID: 18909] [Toy ID]
[2022/7/31 - 19:06:44] [TOYSLOAD] [User: Alex Piley(507)] [Toy Model ID: 18909] [Toy ID]
[2022/7/31 - 19:14:39] [TOYSLOAD] [User: Alex Piley(507)] [Toy Model ID: 18909] [Toy ID]
[2022/8/1 - 11:57:42] [TOYSLOAD] [User: Alex Piley(507)] [Toy Model ID: 18909] [Toy ID]
[2022/8/1 - 19:47:42] [TOYSLOAD] [User: Alex Piley(507)] [Toy Model ID: 18909] [Toy ID]
[2022/8/1 - 19:49:24] [TOYSLOAD] [User: Alex Piley(507)] [Toy Model ID: 18909] [Toy ID]
[2022/8/3 - 20:52:37] [TOYSLOAD] [User: Viet cuto(605)] [Toy Model ID: 19106] [Toy ID]
[2022/8/3 - 21:01:21] [TOYSLOAD] [User: Viet cuto(605)] [Toy Model ID: 19106] [Toy ID]
[2022/8/3 - 21:07:27] [TOYSLOAD] [User: Viet cuto(605)] [Toy Model ID: 19106] [Toy ID]
[2022/8/4 - 11:38:26] [TOYSLOAD] [User: Viet cuto(605)] [Toy Model ID: 19106] [Toy ID]
[2022/8/6 - 10:31:19] [TOYSLOAD] [User: Viet cuto(605)] [Toy Model ID: 19106] [Toy ID]
[2022/8/6 - 10:39:50] [TOYSLOAD] [User: Manas Ciel(505)] [Toy Model ID: 19319] [Toy ID]
[2022/8/6 - 10:39:50] [TOYSLOAD] [User: Manas Ciel(505)] [Toy Model ID: 3044] [Toy ID]
[2022/8/6 - 11:22:51] [TOYSLOAD] [User: Viet Cuto(605)] [Toy Model ID: 19106] [Toy ID]
[2022/8/6 - 12:22:24] [TOYSLOAD] [User: Alex Piley(507)] [Toy Model ID: 18909] [Toy ID]
[2022/8/6 - 13:03:03] [TOYSLOAD] [User: Viet Cuto(605)] [Toy Model ID: 19106] [Toy ID]
[2022/8/6 - 13:17:33] [TOYSLOAD] [User: Viet Cuto(605)] [Toy Model ID: 19106] [Toy ID]
[2022/8/6 - 13:31:17] [TOYSLOAD] [User: Viet Cuto(605)] [Toy Model ID: 19106] [Toy ID]
[2022/8/6 - 13:59:11] [TOYSLOAD] [User: Willim Tom(607)] [Toy Model ID: 18935] [Toy ID]
[2022/8/6 - 13:59:11] [TOYSLOAD] [User: Willim Tom(607)] [Toy Model ID: 19318] [Toy ID]
[2022/8/6 - 15:29:12] [TOYSLOAD] [User: Manas Ciel(505)] [Toy Model ID: 19319] [Toy ID]
[2022/8/6 - 15:29:12] [TOYSLOAD] [User: Manas Ciel(505)] [Toy Model ID: 3044] [Toy ID]
[2022/8/6 - 15:32:36] [TOYSLOAD] [User: Manas Ciel(505)] [Toy Model ID: 19319] [Toy ID]
[2022/8/6 - 15:32:36] [TOYSLOAD] [User: Manas Ciel(505)] [Toy Model ID: 3044] [Toy ID]
[2022/8/6 - 15:40:18] [TOYSLOAD] [User: Manas Ciel(505)] [Toy Model ID: 19319] [Toy ID]
[2022/8/6 - 15:40:18] [TOYSLOAD] [User: Manas Ciel(505)] [Toy Model ID: 3044] [Toy ID]
[2022/8/6 - 15:43:00] [TOYSLOAD] [User: Manas Ciel(505)] [Toy Model ID: 19319] [Toy ID]
[2022/8/6 - 15:43:00] [TOYSLOAD] [User: Manas Ciel(505)] [Toy Model ID: 3044] [Toy ID]
[2022/8/6 - 15:48:12] [TOYSLOAD] [User: Willim Tom(607)] [Toy Model ID: 18935] [Toy ID]
[2022/8/6 - 15:48:12] [TOYSLOAD] [User: Willim Tom(607)] [Toy Model ID: 19318] [Toy ID]
[2022/8/6 - 15:49:11] [TOYSLOAD] [User: Manas Ciel(505)] [Toy Model ID: 19319] [Toy ID]
[2022/8/6 - 15:49:11] [TOYSLOAD] [User: Manas Ciel(505)] [Toy Model ID: 3044] [Toy ID]
[2022/8/6 - 15:57:09] [TOYSLOAD] [User: Manas Ciel(505)] [Toy Model ID: 19319] [Toy ID]
[2022/8/6 - 15:57:09] [TOYSLOAD] [User: Manas Ciel(505)] [Toy Model ID: 3044] [Toy ID]
[2022/8/7 - 10:06:26] [TOYSLOAD] [User: Manas Ciel(505)] [Toy Model ID: 19319] [Toy ID]
[2022/8/7 - 10:06:26] [TOYSLOAD] [User: Manas Ciel(505)] [Toy Model ID: 3044] [Toy ID]
[2022/8/7 - 11:31:48] [TOYSLOAD] [User: Willim Tom(607)] [Toy Model ID: 18935] [Toy ID]
[2022/8/7 - 11:31:48] [TOYSLOAD] [User: Willim Tom(607)] [Toy Model ID: 19318] [Toy ID]
[2022/8/7 - 18:38:36] [TOYSLOAD] [User: Manas Ciel(505)] [Toy Model ID: 19319] [Toy ID]
[2022/8/7 - 18:38:36] [TOYSLOAD] [User: Manas Ciel(505)] [Toy Model ID: 3044] [Toy ID]
[2022/8/7 - 18:44:52] [TOYSLOAD] [User: Manas Ciel(505)] [Toy Model ID: 19319] [Toy ID]
[2022/8/7 - 18:44:52] [TOYSLOAD] [User: Manas Ciel(505)] [Toy Model ID: 3044] [Toy ID]
[2022/8/7 - 20:10:39] [TOYSLOAD] [User: Manas Ciel(505)] [Toy Model ID: 19319] [Toy ID]
[2022/8/7 - 20:10:39] [TOYSLOAD] [User: Manas Ciel(505)] [Toy Model ID: 3044] [Toy ID]
[2022/8/7 - 20:20:58] [TOYSLOAD] [User: Manas Ciel(505)] [Toy Model ID: 19319] [Toy ID]
[2022/8/7 - 20:20:58] [TOYSLOAD] [User: Manas Ciel(505)] [Toy Model ID: 3044] [Toy ID]
[2022/8/7 - 21:35:17] [TOYSLOAD] [User: Manas Ciel(505)] [Toy Model ID: 19319] [Toy ID]
[2022/8/7 - 21:35:17] [TOYSLOAD] [User: Manas Ciel(505)] [Toy Model ID: 3044] [Toy ID]
[2022/8/8 - 6:28:05] [TOYSLOAD] [User: Manas Ciel(505)] [Toy Model ID: 19319] [Toy ID]
[2022/8/8 - 6:28:05] [TOYSLOAD] [User: Manas Ciel(505)] [Toy Model ID: 3044] [Toy ID]
[2022/8/8 - 7:11:01] [TOYSLOAD] [User: Manas Ciel(505)] [Toy Model ID: 19319] [Toy ID]
[2022/8/8 - 7:11:01] [TOYSLOAD] [User: Manas Ciel(505)] [Toy Model ID: 3044] [Toy ID]
[2022/8/8 - 11:07:33] [TOYSLOAD] [User: Manas Ciel(505)] [Toy Model ID: 19319] [Toy ID]
[2022/8/8 - 11:07:33] [TOYSLOAD] [User: Manas Ciel(505)] [Toy Model ID: 3044] [Toy ID]
[2022/8/8 - 11:14:18] [TOYSLOAD] [User: Manas Ciel(505)] [Toy Model ID: 19319] [Toy ID]
[2022/8/8 - 11:14:18] [TOYSLOAD] [User: Manas Ciel(505)] [Toy Model ID: 3044] [Toy ID]
[2022/8/8 - 12:04:52] [TOYSLOAD] [User: Manas Ciel(505)] [Toy Model ID: 19319] [Toy ID]
[2022/8/8 - 12:04:52] [TOYSLOAD] [User: Manas Ciel(505)] [Toy Model ID: 3044] [Toy ID]
[2022/8/8 - 12:54:35] [TOYSLOAD] [User: Manas Ciel(505)] [Toy Model ID: 19319] [Toy ID]
[2022/8/8 - 12:54:35] [TOYSLOAD] [User: Manas Ciel(505)] [Toy Model ID: 3044] [Toy ID]
[2022/8/8 - 13:14:26] [TOYSLOAD] [User: Manas Ciel(505)] [Toy Model ID: 19319] [Toy ID]
[2022/8/8 - 13:14:26] [TOYSLOAD] [User: Manas Ciel(505)] [Toy Model ID: 3044] [Toy ID]
[2022/8/8 - 13:42:09] [TOYSLOAD] [User: Manas Ciel(505)] [Toy Model ID: 19319] [Toy ID]
[2022/8/8 - 13:42:09] [TOYSLOAD] [User: Manas Ciel(505)] [Toy Model ID: 3044] [Toy ID]
[2022/8/8 - 14:02:59] [TOYSLOAD] [User: Manas Ciel(505)] [Toy Model ID: 19319] [Toy ID]
[2022/8/8 - 14:02:59] [TOYSLOAD] [User: Manas Ciel(505)] [Toy Model ID: 3044] [Toy ID]
[2022/8/8 - 14:18:51] [TOYSLOAD] [User: Alex Piley(507)] [Toy Model ID: 18909] [Toy ID]
[2022/8/8 - 15:58:13] [TOYSLOAD] [User: Manas Ciel(505)] [Toy Model ID: 19319] [Toy ID]
[2022/8/8 - 15:58:13] [TOYSLOAD] [User: Manas Ciel(505)] [Toy Model ID: 3044] [Toy ID]
[2022/8/8 - 16:48:09] [TOYSLOAD] [User: Manas Ciel(505)] [Toy Model ID: 19319] [Toy ID]
[2022/8/8 - 16:48:09] [TOYSLOAD] [User: Manas Ciel(505)] [Toy Model ID: 3044] [Toy ID]
