[2016/1/11 - 12:37:49] [VEHICLELOAD] [User: Switch Z(3)] [Model: 475] [Vehicle ID: 3]
[2016/1/11 - 12:37:49] [VEHICLELOAD] [User: Switch Z(3)] [Model: 574] [Vehicle ID: 58]
[2016/1/11 - 12:37:49] [VEHICLELOAD] [User: Switch Z(3)] [Model: 490] [Vehicle ID: 81]
[2016/1/11 - 12:37:49] [VEHICLELOAD] [User: Switch Z(3)] [Model: 601] [Vehicle ID: 92]
[2016/1/24 - 17:52:25] [VEHICLELOAD] [User: Nguyen ThanhDat(13)] [Model: 475] [Vehicle ID: 11]
[2016/1/24 - 17:52:25] [VEHICLELOAD] [User: Nguyen ThanhDat(13)] [Model: 432] [Vehicle ID: 61]
[2016/1/24 - 17:52:25] [VEHICLELOAD] [User: Nguyen ThanhDat(13)] [Model: 463] [Vehicle ID: 83]
[2016/1/24 - 17:52:25] [VEHICLELOAD] [User: Nguyen ThanhDat(13)] [Model: 487] [Vehicle ID: 94]
[2016/1/24 - 17:52:25] [VEHICLELOAD] [User: Nguyen ThanhDat(13)] [Model: 519] [Vehicle ID: 101]
[2016/1/24 - 17:52:25] [VEHICLELOAD] [User: Nguyen ThanhDat(13)] [Model: 522] [Vehicle ID: 105]
[2016/1/24 - 18:09:01] [VEHICLELOAD] [User: Nguyen ThanhDat(13)] [Model: 475] [Vehicle ID: 11]
[2016/1/24 - 18:09:01] [VEHICLELOAD] [User: Nguyen ThanhDat(13)] [Model: 432] [Vehicle ID: 61]
[2016/1/24 - 18:09:01] [VEHICLELOAD] [User: Nguyen ThanhDat(13)] [Model: 463] [Vehicle ID: 83]
[2016/1/24 - 18:09:01] [VEHICLELOAD] [User: Nguyen ThanhDat(13)] [Model: 487] [Vehicle ID: 94]
[2016/1/24 - 18:09:01] [VEHICLELOAD] [User: Nguyen ThanhDat(13)] [Model: 519] [Vehicle ID: 101]
[2016/1/24 - 18:09:01] [VEHICLELOAD] [User: Nguyen ThanhDat(13)] [Model: 522] [Vehicle ID: 105]
[2016/1/31 - 21:26:03] [VEHICLELOAD] [User: Nguyen ThanhDat(1)] [Model: 421] [Vehicle ID: 548]
[2016/1/31 - 21:26:03] [VEHICLELOAD] [User: Nguyen ThanhDat(1)] [Model: 421] [Vehicle ID: 550]
[2016/10/22 - 23:05:01] [VEHICLELOAD] [User: Blake Script(2)] [Model: 411] [Vehicle ID: 180]
[2016/10/22 - 23:05:01] [VEHICLELOAD] [User: Blake Script(2)] [Model: 411] [Vehicle ID: 204]
[2016/10/22 - 23:05:01] [VEHICLELOAD] [User: Blake Script(2)] [Model: 515] [Vehicle ID: 557]
[2016/10/22 - 23:05:01] [VEHICLELOAD] [User: Blake Script(2)] [Model: 435] [Vehicle ID: 558]
[2016/10/22 - 23:05:01] [VEHICLELOAD] [User: Blake Script(2)] [Model: 560] [Vehicle ID: 564]
[2016/10/23 - 10:27:27] [VEHICLELOAD] [User: Blake Script(2)] [Model: 411] [Vehicle ID: 180]
[2016/10/23 - 10:27:27] [VEHICLELOAD] [User: Blake Script(2)] [Model: 411] [Vehicle ID: 204]
[2016/10/23 - 10:27:27] [VEHICLELOAD] [User: Blake Script(2)] [Model: 515] [Vehicle ID: 557]
[2016/10/23 - 10:27:27] [VEHICLELOAD] [User: Blake Script(2)] [Model: 435] [Vehicle ID: 558]
[2016/10/23 - 10:27:27] [VEHICLELOAD] [User: Blake Script(2)] [Model: 560] [Vehicle ID: 564]
[2016/10/23 - 10:38:06] [VEHICLELOAD] [User: Blake Script(2)] [Model: 411] [Vehicle ID: 180]
[2016/10/23 - 10:38:06] [VEHICLELOAD] [User: Blake Script(2)] [Model: 411] [Vehicle ID: 204]
[2016/10/23 - 10:38:06] [VEHICLELOAD] [User: Blake Script(2)] [Model: 515] [Vehicle ID: 557]
[2016/10/23 - 10:38:06] [VEHICLELOAD] [User: Blake Script(2)] [Model: 435] [Vehicle ID: 558]
[2016/10/23 - 10:38:06] [VEHICLELOAD] [User: Blake Script(2)] [Model: 560] [Vehicle ID: 564]
[2016/10/23 - 10:46:07] [VEHICLELOAD] [User: Blake Script(2)] [Model: 411] [Vehicle ID: 180]
[2016/10/23 - 10:46:07] [VEHICLELOAD] [User: Blake Script(2)] [Model: 411] [Vehicle ID: 204]
[2016/10/23 - 10:46:07] [VEHICLELOAD] [User: Blake Script(2)] [Model: 515] [Vehicle ID: 557]
[2016/10/23 - 10:46:07] [VEHICLELOAD] [User: Blake Script(2)] [Model: 435] [Vehicle ID: 558]
[2016/10/23 - 10:46:07] [VEHICLELOAD] [User: Blake Script(2)] [Model: 560] [Vehicle ID: 564]
[2016/10/23 - 10:51:01] [VEHICLELOAD] [User: Blake Script(2)] [Model: 411] [Vehicle ID: 180]
[2016/10/23 - 10:51:01] [VEHICLELOAD] [User: Blake Script(2)] [Model: 411] [Vehicle ID: 204]
[2016/10/23 - 10:51:01] [VEHICLELOAD] [User: Blake Script(2)] [Model: 515] [Vehicle ID: 557]
[2016/10/23 - 10:51:01] [VEHICLELOAD] [User: Blake Script(2)] [Model: 435] [Vehicle ID: 558]
[2016/10/23 - 10:51:01] [VEHICLELOAD] [User: Blake Script(2)] [Model: 560] [Vehicle ID: 564]
[2016/10/23 - 11:04:50] [VEHICLELOAD] [User: Blake Script(2)] [Model: 411] [Vehicle ID: 180]
[2016/10/23 - 11:04:50] [VEHICLELOAD] [User: Blake Script(2)] [Model: 411] [Vehicle ID: 204]
[2016/10/23 - 11:04:50] [VEHICLELOAD] [User: Blake Script(2)] [Model: 515] [Vehicle ID: 557]
[2016/10/23 - 11:04:50] [VEHICLELOAD] [User: Blake Script(2)] [Model: 435] [Vehicle ID: 558]
[2016/10/23 - 11:04:50] [VEHICLELOAD] [User: Blake Script(2)] [Model: 560] [Vehicle ID: 564]
[2016/10/23 - 11:20:36] [VEHICLELOAD] [User: Blake Script(2)] [Model: 411] [Vehicle ID: 180]
[2016/10/23 - 11:20:36] [VEHICLELOAD] [User: Blake Script(2)] [Model: 411] [Vehicle ID: 204]
[2016/10/23 - 11:20:36] [VEHICLELOAD] [User: Blake Script(2)] [Model: 515] [Vehicle ID: 557]
[2016/10/23 - 11:20:36] [VEHICLELOAD] [User: Blake Script(2)] [Model: 435] [Vehicle ID: 558]
[2016/10/23 - 11:20:36] [VEHICLELOAD] [User: Blake Script(2)] [Model: 560] [Vehicle ID: 564]
[2019/7/6 - 21:01:26] [VEHICLELOAD] [User: Dawkin Nguyen(1)] [Model: 421] [Vehicle ID: 548]
[2019/7/6 - 21:01:26] [VEHICLELOAD] [User: Dawkin Nguyen(1)] [Model: 421] [Vehicle ID: 550]
[2020/12/7 - 12:16:43] [VEHICLELOAD] [User: Dawkin Nguyen(1)] [Model: 421] [Vehicle ID: 548]
[2020/12/7 - 12:16:43] [VEHICLELOAD] [User: Dawkin Nguyen(1)] [Model: 421] [Vehicle ID: 550]
[2020/12/7 - 12:29:33] [VEHICLELOAD] [User: Dawkin Nguyen(1)] [Model: 421] [Vehicle ID: 548]
[2020/12/7 - 12:29:33] [VEHICLELOAD] [User: Dawkin Nguyen(1)] [Model: 421] [Vehicle ID: 550]
[2020/12/7 - 12:36:47] [VEHICLELOAD] [User: Dawkin Nguyen(1)] [Model: 421] [Vehicle ID: 548]
[2020/12/7 - 12:36:47] [VEHICLELOAD] [User: Dawkin Nguyen(1)] [Model: 421] [Vehicle ID: 550]
[2020/12/7 - 13:00:07] [VEHICLELOAD] [User: Dawkin Nguyen(1)] [Model: 421] [Vehicle ID: 548]
[2020/12/7 - 13:00:07] [VEHICLELOAD] [User: Dawkin Nguyen(1)] [Model: 421] [Vehicle ID: 550]
[2020/12/7 - 13:02:26] [VEHICLELOAD] [User: Dawkin Nguyen(1)] [Model: 421] [Vehicle ID: 548]
[2020/12/7 - 13:02:26] [VEHICLELOAD] [User: Dawkin Nguyen(1)] [Model: 421] [Vehicle ID: 550]
[2020/12/7 - 13:14:26] [VEHICLELOAD] [User: Dawkin Nguyen(1)] [Model: 421] [Vehicle ID: 548]
[2020/12/7 - 13:14:26] [VEHICLELOAD] [User: Dawkin Nguyen(1)] [Model: 421] [Vehicle ID: 550]
[2020/12/8 - 10:36:32] [VEHICLESAVE] [User: gs viet(23)] [Model: 522] [Vehicle ID: 1]
[2020/12/8 - 10:36:48] [VEHICLESAVE] [User: gs viet(23)] [Model: 522] [Vehicle ID: 1]
[2020/12/8 - 10:36:53] [VEHICLESAVE] [User: gs viet(23)] [Model: 522] [Vehicle ID: 1]
[2020/12/8 - 10:37:01] [VEHICLESAVE] [User: gs viet(23)] [Model: 522] [Vehicle ID: 1]
[2020/12/8 - 10:37:01] [VEHICLESAVE] [User: gs viet(23)] [Model: 522] [Vehicle ID: 1]
[2020/12/8 - 10:37:19] [VEHICLESAVE] [User: gs viet(23)] [Model: 522] [Vehicle ID: 1]
[2020/12/8 - 10:48:36] [VEHICLELOAD] [User: gs viet(23)] [Model: 522] [Vehicle ID: 1]
[2020/12/8 - 10:52:06] [VEHICLELOAD] [User: gs viet(23)] [Model: 522] [Vehicle ID: 1]
[2020/12/8 - 13:04:55] [VEHICLELOAD] [User: gs viet(23)] [Model: 522] [Vehicle ID: 1]
[2020/12/8 - 13:32:52] [VEHICLELOAD] [User: gs viet(23)] [Model: 522] [Vehicle ID: 1]
[2020/12/8 - 14:47:16] [VEHICLELOAD] [User: gs viet(23)] [Model: 522] [Vehicle ID: 1]
[2020/12/8 - 15:18:11] [VEHICLELOAD] [User: gs viet(23)] [Model: 522] [Vehicle ID: 1]
[2020/12/9 - 2:42:46] [VEHICLELOAD] [User: gs viet(23)] [Model: 522] [Vehicle ID: 1]
[2020/12/9 - 5:47:10] [VEHICLELOAD] [User: Gs Viet(23)] [Model: 522] [Vehicle ID: 1]
[2020/12/9 - 7:46:48] [VEHICLELOAD] [User: Gs Viet(23)] [Model: 522] [Vehicle ID: 1]
[2020/12/9 - 7:51:46] [VEHICLELOAD] [User: gs viet(23)] [Model: 522] [Vehicle ID: 1]
[2020/12/9 - 10:55:59] [VEHICLELOAD] [User: gs viet(23)] [Model: 522] [Vehicle ID: 1]
[2020/12/9 - 10:59:46] [VEHICLELOAD] [User: gs viet(23)] [Model: 522] [Vehicle ID: 1]
[2020/12/9 - 15:13:59] [VEHICLELOAD] [User: gs viet(23)] [Model: 522] [Vehicle ID: 1]
[2020/12/11 - 7:41:29] [VEHICLELOAD] [User: Gs Viet(23)] [Model: 522] [Vehicle ID: 1]
[2020/12/12 - 5:39:38] [VEHICLELOAD] [User: Gs Viet(23)] [Model: 522] [Vehicle ID: 1]
[2020/12/12 - 5:47:32] [VEHICLELOAD] [User: Gs Viet(23)] [Model: 522] [Vehicle ID: 1]
[2020/12/12 - 6:07:17] [VEHICLELOAD] [User: Gs Viet(23)] [Model: 522] [Vehicle ID: 1]
[2020/12/12 - 6:12:19] [VEHICLELOAD] [User: Gs Viet(23)] [Model: 522] [Vehicle ID: 1]
[2020/12/12 - 6:15:41] [VEHICLELOAD] [User: Gs Viet(23)] [Model: 522] [Vehicle ID: 1]
[2020/12/12 - 6:27:33] [VEHICLELOAD] [User: Gs Viet(23)] [Model: 522] [Vehicle ID: 1]
[2020/12/12 - 6:29:45] [VEHICLELOAD] [User: Gs Viet(23)] [Model: 522] [Vehicle ID: 1]
[2020/12/13 - 5:51:59] [VEHICLELOAD] [User: gs viet(23)] [Model: 522] [Vehicle ID: 1]
[2020/12/13 - 6:19:46] [VEHICLELOAD] [User: gs viet(23)] [Model: 522] [Vehicle ID: 1]
[2020/12/15 - 2:32:04] [VEHICLELOAD] [User: gs viet(23)] [Model: 522] [Vehicle ID: 1]
[2020/12/15 - 4:08:16] [VEHICLELOAD] [User: Gs Viet(23)] [Model: 522] [Vehicle ID: 1]
[2020/12/20 - 12:14:39] [VEHICLESAVE] [User: GsViet(6)] [Model: 522] [Vehicle ID: 1]
[2020/12/20 - 19:26:51] [VEHICLELOAD] [User: GsViet(6)] [Model: 522] [Vehicle ID: 1]
[2020/12/20 - 20:12:23] [VEHICLELOAD] [User: GsViet(6)] [Model: 522] [Vehicle ID: 1]
[2020/12/20 - 21:16:46] [VEHICLELOAD] [User: GsViet(6)] [Model: 522] [Vehicle ID: 1]
[2020/12/20 - 22:12:27] [VEHICLELOAD] [User: GsViet(6)] [Model: 522] [Vehicle ID: 1]
[2020/12/20 - 22:59:22] [VEHICLELOAD] [User: GsViet(6)] [Model: 522] [Vehicle ID: 1]
[2020/12/20 - 23:06:55] [VEHICLELOAD] [User: Gsviet(6)] [Model: 522] [Vehicle ID: 1]
[2020/12/20 - 23:19:48] [VEHICLELOAD] [User: Gsviet(6)] [Model: 522] [Vehicle ID: 1]
[2020/12/20 - 23:24:27] [VEHICLESAVE] [User: Gs trang(18)] [Model: 541] [Vehicle ID: 2]
[2020/12/20 - 23:24:49] [VEHICLESAVE] [User: Gs trang(18)] [Model: 541] [Vehicle ID: 3]
[2020/12/20 - 23:25:20] [VEHICLESAVE] [User: Gs trang(18)] [Model: 541] [Vehicle ID: 4]
[2020/12/20 - 23:25:47] [VEHICLESAVE] [User: Gs trang(18)] [Model: 541] [Vehicle ID: 2]
[2020/12/20 - 23:25:47] [VEHICLESAVE] [User: Gs trang(18)] [Model: 541] [Vehicle ID: 3]
[2020/12/20 - 23:25:47] [VEHICLESAVE] [User: Gs trang(18)] [Model: 541] [Vehicle ID: 4]
[2020/12/20 - 23:26:21] [VEHICLELOAD] [User: Gsviet(6)] [Model: 522] [Vehicle ID: 1]
[2020/12/21 - 11:22:53] [VEHICLELOAD] [User: Gsviet(6)] [Model: 522] [Vehicle ID: 1]
[2020/12/21 - 13:19:37] [VEHICLELOAD] [User: GsViet(6)] [Model: 522] [Vehicle ID: 1]
[2020/12/21 - 21:00:41] [VEHICLELOAD] [User: GsViet(6)] [Model: 522] [Vehicle ID: 1]
[2020/12/22 - 0:02:00] [VEHICLELOAD] [User: gsviet(6)] [Model: 522] [Vehicle ID: 1]
[2020/12/22 - 0:06:17] [VEHICLELOAD] [User: gs trang(18)] [Model: 541] [Vehicle ID: 2]
[2020/12/22 - 0:06:17] [VEHICLELOAD] [User: gs trang(18)] [Model: 541] [Vehicle ID: 3]
[2020/12/22 - 0:06:17] [VEHICLELOAD] [User: gs trang(18)] [Model: 541] [Vehicle ID: 4]
[2020/12/22 - 0:07:54] [VEHICLELOAD] [User: gsviet(6)] [Model: 522] [Vehicle ID: 1]
[2020/12/22 - 0:16:28] [VEHICLELOAD] [User: gsviet(6)] [Model: 522] [Vehicle ID: 1]
[2020/12/22 - 10:37:41] [VEHICLELOAD] [User: GsViet(6)] [Model: 522] [Vehicle ID: 1]
[2020/12/22 - 11:19:09] [VEHICLELOAD] [User: GsViet(6)] [Model: 522] [Vehicle ID: 1]
[2020/12/22 - 11:34:15] [VEHICLELOAD] [User: GsViet(6)] [Model: 522] [Vehicle ID: 1]
[2020/12/23 - 22:44:47] [VEHICLELOAD] [User: gsviet(6)] [Model: 522] [Vehicle ID: 1]
[2020/12/24 - 10:21:33] [VEHICLELOAD] [User: gsviet(6)] [Model: 522] [Vehicle ID: 1]
[2020/12/24 - 10:25:20] [VEHICLELOAD] [User: gsviet(6)] [Model: 522] [Vehicle ID: 1]
[2020/12/24 - 10:51:53] [VEHICLELOAD] [User: gsviet(6)] [Model: 522] [Vehicle ID: 1]
[2020/12/24 - 11:15:16] [VEHICLELOAD] [User: gsviet(6)] [Model: 522] [Vehicle ID: 1]
[2020/12/24 - 11:52:51] [VEHICLELOAD] [User: gsviet(6)] [Model: 522] [Vehicle ID: 1]
[2020/12/24 - 12:08:26] [VEHICLELOAD] [User: gsviet(6)] [Model: 522] [Vehicle ID: 1]
[2020/12/24 - 12:35:47] [VEHICLELOAD] [User: gsviet(6)] [Model: 522] [Vehicle ID: 1]
[2020/12/24 - 12:45:56] [VEHICLELOAD] [User: gsviet(6)] [Model: 522] [Vehicle ID: 1]
[2020/12/24 - 12:46:38] [VEHICLELOAD] [User: gsviet(6)] [Model: 522] [Vehicle ID: 1]
[2020/12/24 - 12:48:57] [VEHICLELOAD] [User: gsviet(6)] [Model: 522] [Vehicle ID: 1]
[2020/12/24 - 12:57:38] [VEHICLELOAD] [User: gsviet(6)] [Model: 522] [Vehicle ID: 1]
[2020/12/24 - 14:31:02] [VEHICLELOAD] [User: gsviet(6)] [Model: 522] [Vehicle ID: 1]
[2020/12/25 - 13:12:25] [VEHICLELOAD] [User: gsviet(6)] [Model: 522] [Vehicle ID: 1]
[2020/12/25 - 13:18:02] [VEHICLELOAD] [User: gsviet(6)] [Model: 522] [Vehicle ID: 1]
[2020/12/25 - 13:56:25] [VEHICLELOAD] [User: gsviet(6)] [Model: 522] [Vehicle ID: 1]
[2020/12/25 - 13:59:31] [VEHICLELOAD] [User: gsviet(6)] [Model: 522] [Vehicle ID: 1]
[2020/12/25 - 14:09:51] [VEHICLELOAD] [User: gsviet(6)] [Model: 522] [Vehicle ID: 1]
[2020/12/25 - 16:17:48] [VEHICLELOAD] [User: gsviet(6)] [Model: 522] [Vehicle ID: 1]
[2020/12/25 - 16:49:43] [VEHICLELOAD] [User: gsviet(6)] [Model: 522] [Vehicle ID: 1]
[2020/12/25 - 17:14:16] [VEHICLELOAD] [User: gsviet(6)] [Model: 522] [Vehicle ID: 1]
[2020/12/25 - 17:14:52] [VEHICLELOAD] [User: gsviet(6)] [Model: 522] [Vehicle ID: 1]
[2020/12/25 - 21:54:09] [VEHICLELOAD] [User: gsviet(6)] [Model: 522] [Vehicle ID: 1]
[2020/12/25 - 22:33:03] [VEHICLELOAD] [User: GsViet(6)] [Model: 522] [Vehicle ID: 1]
[2020/12/25 - 22:38:44] [VEHICLELOAD] [User: GsViet(6)] [Model: 522] [Vehicle ID: 1]
[2020/12/25 - 23:08:45] [VEHICLELOAD] [User: GsViet(6)] [Model: 522] [Vehicle ID: 1]
[2020/12/25 - 23:11:19] [VEHICLELOAD] [User: GsViet(6)] [Model: 522] [Vehicle ID: 1]
[2020/12/25 - 23:45:50] [VEHICLELOAD] [User: GsViet(6)] [Model: 522] [Vehicle ID: 1]
[2020/12/26 - 10:57:43] [VEHICLELOAD] [User: GsViet(6)] [Model: 522] [Vehicle ID: 1]
[2020/12/26 - 11:32:02] [VEHICLELOAD] [User: GsViet(6)] [Model: 522] [Vehicle ID: 1]
[2020/12/26 - 11:44:42] [VEHICLELOAD] [User: GsViet(6)] [Model: 522] [Vehicle ID: 1]
[2020/12/26 - 12:37:13] [VEHICLELOAD] [User: GsViet(6)] [Model: 522] [Vehicle ID: 1]
[2020/12/26 - 13:27:35] [VEHICLELOAD] [User: GsViet(6)] [Model: 522] [Vehicle ID: 1]
[2020/12/26 - 16:44:12] [VEHICLELOAD] [User: GsViet(6)] [Model: 522] [Vehicle ID: 1]
[2020/12/26 - 17:26:30] [VEHICLELOAD] [User: GsViet(6)] [Model: 522] [Vehicle ID: 1]
[2020/12/27 - 12:14:06] [VEHICLELOAD] [User: GsViet(6)] [Model: 522] [Vehicle ID: 1]
[2020/12/27 - 12:41:57] [VEHICLELOAD] [User: GsViet(6)] [Model: 522] [Vehicle ID: 1]
[2020/12/27 - 12:44:17] [VEHICLELOAD] [User: GsViet(6)] [Model: 522] [Vehicle ID: 1]
[2020/12/27 - 12:48:24] [VEHICLELOAD] [User: GsViet(6)] [Model: 522] [Vehicle ID: 1]
[2020/12/27 - 13:32:10] [VEHICLELOAD] [User: GsViet(6)] [Model: 522] [Vehicle ID: 1]
[2020/12/27 - 13:47:49] [VEHICLELOAD] [User: GsViet(6)] [Model: 522] [Vehicle ID: 1]
[2020/12/27 - 14:34:36] [VEHICLELOAD] [User: GsViet(6)] [Model: 522] [Vehicle ID: 1]
[2020/12/27 - 14:49:49] [VEHICLELOAD] [User: GsViet(6)] [Model: 522] [Vehicle ID: 1]
[2020/12/27 - 16:18:16] [VEHICLELOAD] [User: GsViet(6)] [Model: 522] [Vehicle ID: 1]
[2020/12/27 - 16:25:58] [VEHICLELOAD] [User: GsViet(6)] [Model: 522] [Vehicle ID: 1]
[2020/12/27 - 16:39:11] [VEHICLELOAD] [User: GsViet(6)] [Model: 522] [Vehicle ID: 1]
[2020/12/27 - 17:14:11] [VEHICLELOAD] [User: GsViet(6)] [Model: 522] [Vehicle ID: 1]
[2020/12/27 - 17:25:42] [VEHICLELOAD] [User: GsViet(6)] [Model: 522] [Vehicle ID: 1]
[2020/12/27 - 17:34:31] [VEHICLELOAD] [User: GsViet(6)] [Model: 522] [Vehicle ID: 1]
[2020/12/27 - 17:47:38] [VEHICLELOAD] [User: GsViet(6)] [Model: 522] [Vehicle ID: 1]
[2020/12/27 - 17:49:53] [VEHICLELOAD] [User: GsViet(6)] [Model: 522] [Vehicle ID: 1]
[2020/12/27 - 18:37:56] [VEHICLELOAD] [User: GsViet(6)] [Model: 522] [Vehicle ID: 1]
[2020/12/27 - 18:47:36] [VEHICLELOAD] [User: GsViet(6)] [Model: 522] [Vehicle ID: 1]
[2020/12/27 - 20:47:30] [VEHICLELOAD] [User: GsViet(6)] [Model: 522] [Vehicle ID: 1]
[2020/12/27 - 21:49:10] [VEHICLELOAD] [User: GsViet(6)] [Model: 522] [Vehicle ID: 1]
[2020/12/27 - 21:49:46] [VEHICLELOAD] [User: GsViet(6)] [Model: 522] [Vehicle ID: 1]
[2020/12/27 - 21:50:22] [VEHICLELOAD] [User: GsViet(6)] [Model: 522] [Vehicle ID: 1]
[2020/12/27 - 21:51:33] [VEHICLELOAD] [User: GsViet(6)] [Model: 522] [Vehicle ID: 1]
[2020/12/27 - 21:53:13] [VEHICLELOAD] [User: GsViet(6)] [Model: 522] [Vehicle ID: 1]
[2020/12/27 - 21:54:00] [VEHICLELOAD] [User: GsViet(6)] [Model: 522] [Vehicle ID: 1]
[2020/12/27 - 21:54:48] [VEHICLELOAD] [User: GsViet(6)] [Model: 522] [Vehicle ID: 1]
[2020/12/27 - 21:55:38] [VEHICLELOAD] [User: GsViet(6)] [Model: 522] [Vehicle ID: 1]
[2020/12/27 - 21:57:48] [VEHICLELOAD] [User: GsViet(6)] [Model: 522] [Vehicle ID: 1]
[2020/12/27 - 21:59:37] [VEHICLELOAD] [User: GsViet(6)] [Model: 522] [Vehicle ID: 1]
